<?xml version="1.0" encoding="UTF-8"?>
<!-- Generated by org.testng.reporters.JUnitXMLReporter -->
<testsuite hostname="DESKTOP-DSBT63E" failures="0" tests="1"
	name="UserDashboardRecentcertificateGenerationsCertificateTypedropdownChromeBrowser"
	time="25.261" errors="0" timestamp="12 Dec 2023 11:45:14 GMT">
	<testcase
		classname="com.cucumber.TestRunner.UserDashboardRecentCertificateGenerationsCertificateTypedropdownRunner"
		name="feature" time="18.184" />
</testsuite> <!--
UserDashboardRecentcertificateGenerationsCertificateTypedropdownChromeBrowser -->
