<!DOCTYPE html PUBLIC "-//W3C//DTD XHTML 1.1//EN" "http://www.w3.org/TR/xhtml11/DTD/xhtml11.dtd">
<html xmlns="http://www.w3.org/1999/xhtml"><head><title>TestNG Report</title><style type="text/css">table {margin-bottom:10px;border-collapse:collapse;empty-cells:show}th,td {border:1px solid #009;padding:.25em .5em}th {vertical-align:bottom}td {vertical-align:top}table a {font-weight:bold}.stripe td {background-color: #E6EBF9}.num {text-align:right}.passedodd td {background-color: #3F3}.passedeven td {background-color: #0A0}.skippedodd td {background-color: #DDD}.skippedeven td {background-color: #CCC}.failedodd td,.attn {background-color: #F33}.failedeven td,.stripe .attn {background-color: #D00}.stacktrace {white-space:pre;font-family:monospace}.totop {font-size:85%;text-align:center;border-bottom:2px solid #000}</style></head><body><table><tr><th>Test</th><th># Passed</th><th># Skipped</th><th># Failed</th><th>Time (ms)</th><th>Included Groups</th><th>Excluded Groups</th></tr><tr><th colspan="7">Sapphirus Systems Pvt Ltd</th></tr><tr><td><a href="#t0">ChromeBrowser</a></td><td class="num">24</td><td class="num">0</td><td class="num attn">5</td><td class="num">1,156,576</td><td></td><td></td></tr></table><table><thead><tr><th>Class</th><th>Method</th><th>Start</th><th>Time (ms)</th></tr></thead><tbody><tr><th colspan="4">Sapphirus Systems Pvt Ltd</th></tr></tbody><tbody id="t0"><tr><th colspan="4">ChromeBrowser &#8212; failed</th></tr><tr class="failedeven"><td rowspan="1">com.cucumber.TestRunner.AdminChangePasswordRunner</td><td><a href="#m0">feature</a></td><td rowspan="1">1710922098217</td><td rowspan="1">48203</td></tr><tr class="failedodd"><td rowspan="1">com.cucumber.TestRunner.AdminGeneratedCertificatesRunner</td><td><a href="#m1">feature</a></td><td rowspan="1">1710921964887</td><td rowspan="1">36384</td></tr><tr class="failedeven"><td rowspan="1">com.cucumber.TestRunner.UserBulkWithoutApprovalRunner</td><td><a href="#m2">feature</a></td><td rowspan="1">1710922441643</td><td rowspan="1">81611</td></tr><tr class="failedodd"><td rowspan="1">com.cucumber.TestRunner.UserGenerateSingleWithoutApprovalRunner</td><td><a href="#m3">feature</a></td><td rowspan="1">1710922353529</td><td rowspan="1">84253</td></tr><tr class="failedeven"><td rowspan="1">com.cucumber.TestRunner.UserInternalPrintingRunner</td><td><a href="#m4">feature</a></td><td rowspan="1">1710922571662</td><td rowspan="1">13556</td></tr><tr><th colspan="4">ChromeBrowser &#8212; passed</th></tr><tr class="passedeven"><td rowspan="1">com.cucumber.TestRunner.AdminAddCertificateTypeRunner</td><td><a href="#m5">feature</a></td><td rowspan="1">1710921929321</td><td rowspan="1">31905</td></tr><tr class="passedodd"><td rowspan="1">com.cucumber.TestRunner.AdminCertificateApprovalsRunner</td><td><a href="#m6">feature</a></td><td rowspan="1">1710921905096</td><td rowspan="1">20426</td></tr><tr class="passedeven"><td rowspan="1">com.cucumber.TestRunner.AdminRecentCertificateGenerationsRecallRunner</td><td><a href="#m7">feature</a></td><td rowspan="1">1710922282086</td><td rowspan="1">23561</td></tr><tr class="passedodd"><td rowspan="1">com.cucumber.TestRunner.AdminRecentCertificateGenerationsRevokeRunner</td><td><a href="#m8">feature</a></td><td rowspan="1">1710922257194</td><td rowspan="1">21209</td></tr><tr class="passedeven"><td rowspan="1">com.cucumber.TestRunner.AdminRecentCertificateGenerationsandVerificationsSendMailRunner</td><td><a href="#m9">feature</a></td><td rowspan="1">1710922309490</td><td rowspan="1">23720</td></tr><tr class="passedodd"><td rowspan="1">com.cucumber.TestRunner.AdminRegistrationRunner</td><td><a href="#m10">feature</a></td><td rowspan="1">1710922187457</td><td rowspan="1">30616</td></tr><tr class="passedeven"><td rowspan="1">com.cucumber.TestRunner.AdminUpdateInstitutionRunner</td><td><a href="#m11">feature</a></td><td rowspan="1">1710922221226</td><td rowspan="1">31805</td></tr><tr class="passedodd"><td rowspan="1">com.cucumber.TestRunner.AdminUpdateProfileRunner</td><td><a href="#m12">feature</a></td><td rowspan="1">1710922064920</td><td rowspan="1">29713</td></tr><tr class="passedeven"><td rowspan="1">com.cucumber.TestRunner.AdminVerifiedCertificatesRunner</td><td><a href="#m13">feature</a></td><td rowspan="1">1710922005074</td><td rowspan="1">55956</td></tr><tr class="passedodd"><td rowspan="1">com.cucumber.TestRunner.ApprovalSettingsRunner</td><td><a href="#m14">feature</a></td><td rowspan="1">1710922150283</td><td rowspan="1">32982</td></tr><tr class="passedeven"><td rowspan="1">com.cucumber.TestRunner.OrgMgmtChangePasswordRunner</td><td><a href="#m15">feature</a></td><td rowspan="1">1710921620148</td><td rowspan="1">53051</td></tr><tr class="passedodd"><td rowspan="1">com.cucumber.TestRunner.OrgMgmtLaunchTheApplicationRunner</td><td><a href="#m16">feature</a></td><td rowspan="1">1710921677580</td><td rowspan="1">77</td></tr><tr class="passedeven"><td rowspan="1">com.cucumber.TestRunner.OrgMgmtUpdateProfileRunner</td><td><a href="#m17">feature</a></td><td rowspan="1">1710921681782</td><td rowspan="1">72709</td></tr><tr class="passedodd"><td rowspan="1">com.cucumber.TestRunner.OrgSalesChangePasswordRunner</td><td><a href="#m18">feature</a></td><td rowspan="1">1710921758750</td><td rowspan="1">56938</td></tr><tr class="passedeven"><td rowspan="1">com.cucumber.TestRunner.OrgSalesLaunchTheApplicationRunner</td><td><a href="#m19">feature</a></td><td rowspan="1">1710921820458</td><td rowspan="1">111</td></tr><tr class="passedodd"><td rowspan="1">com.cucumber.TestRunner.OrgSalesReceiptsRunner</td><td><a href="#m20">feature</a></td><td rowspan="1">1710921824136</td><td rowspan="1">76957</td></tr><tr class="passedeven"><td rowspan="1">com.cucumber.TestRunner.UserBulkGeneratedCertficatesRunner</td><td><a href="#m21">feature</a></td><td rowspan="1">1710922631575</td><td rowspan="1">21944</td></tr><tr class="passedodd"><td rowspan="1">com.cucumber.TestRunner.UserNewMailEditRunner</td><td><a href="#m22">feature</a></td><td rowspan="1">1710922701766</td><td rowspan="1">22870</td></tr><tr class="passedeven"><td rowspan="1">com.cucumber.TestRunner.UserRecentCertificateGenerationsRecallRunner</td><td><a href="#m23">feature</a></td><td rowspan="1">1710922729111</td><td rowspan="1">18467</td></tr><tr class="passedodd"><td rowspan="1">com.cucumber.TestRunner.UserRecentCertificateGenerationsRevokeRunner</td><td><a href="#m24">feature</a></td><td rowspan="1">1710922751707</td><td rowspan="1">18162</td></tr><tr class="passedeven"><td rowspan="1">com.cucumber.TestRunner.UserUpdateProfileRunner</td><td><a href="#m25">feature</a></td><td rowspan="1">1710922657555</td><td rowspan="1">40374</td></tr><tr class="passedodd"><td rowspan="1">com.cucumber.TestRunner.UserVerificationURLRunner</td><td><a href="#m26">feature</a></td><td rowspan="1">1710922337135</td><td rowspan="1">12342</td></tr><tr class="passedeven"><td rowspan="1">com.cucumber.TestRunner.UserVerifiedCertificatesRunner</td><td><a href="#m27">feature</a></td><td rowspan="1">1710922589531</td><td rowspan="1">38191</td></tr><tr class="passedodd"><td rowspan="1">com.cucumber.TestRunner.UserVerifyCertificatesRunner</td><td><a href="#m28">feature</a></td><td rowspan="1">1710922527210</td><td rowspan="1">40504</td></tr></tbody></table><h2>ChromeBrowser</h2><h3 id="m0">com.cucumber.TestRunner.AdminChangePasswordRunner#feature</h3><table class="result"><tr class="param"><th>Parameter #1</th></tr><tr class="param stripe"><td>Institution Admin - Check the flow of ChangePassword</td></tr><tr><th>Messages</th></tr><tr><td><div class="messages">Completed executing following method : AbstractTestNGCucumberTests.feature<br/>Test Method resides in com.cucumber.TestRunner.AdminChangePasswordRunner<br/>Test Method had the following parameters : nullInstitution Admin - Check the flow of ChangePassword,<br/>Test Status: Failed</div></td></tr><tr><th>Exception</th></tr><tr><td><div class="stacktrace">cucumber.runtime.CucumberException: org.openqa.selenium.TimeoutException: Expected condition failed: waiting for visibility of [[ChromeDriver: chrome on windows (ed6e9f16ac09caa3e0d6af4da3a516de)] -&gt; xpath: //a[text()=&apos;Change Password &apos;]] (tried for 30 second(s) with 8000 milliseconds interval)
Build info: version: &apos;4.12.1&apos;, revision: &apos;8e34639b11&apos;
System info: os.name: &apos;Windows 10&apos;, os.arch: &apos;amd64&apos;, os.version: &apos;10.0&apos;, java.version: &apos;11.0.20&apos;
Driver info: driver.version: unknown
	at cucumber.api.testng.TestNGCucumberRunner.runCucumber(TestNGCucumberRunner.java:69)
	at cucumber.api.testng.AbstractTestNGCucumberTests.feature(AbstractTestNGCucumberTests.java:21)
Caused by: org.openqa.selenium.TimeoutException: Expected condition failed: waiting for visibility of [[ChromeDriver: chrome on windows (ed6e9f16ac09caa3e0d6af4da3a516de)] -&gt; xpath: //a[text()=&apos;Change Password &apos;]] (tried for 30 second(s) with 8000 milliseconds interval)
Build info: version: &apos;4.12.1&apos;, revision: &apos;8e34639b11&apos;
System info: os.name: &apos;Windows 10&apos;, os.arch: &apos;amd64&apos;, os.version: &apos;10.0&apos;, java.version: &apos;11.0.20&apos;
Driver info: driver.version: unknown
	at org.openqa.selenium.support.ui.FluentWait.timeoutException(FluentWait.java:262)
	at org.openqa.selenium.support.ui.FluentWait.until(FluentWait.java:230)
	at com.cucumber.TestBase.TestBase.waitForElement(TestBase.java:84)
	at com.cucumber.PageObjects.AdminChangePasswordPageObjects.clickthechangepasswordfield(AdminChangePasswordPageObjects.java:64)
	at com.cucumber.stepdefination.AdminChangePasswordSteps.click_the_Change_Password_field(AdminChangePasswordSteps.java:35)
	at ✽.Then Click the Change Password field(src/test/resources/features/AdminChangePassword.feature:8)
... Removed 24 stack frames</div></td></tr></table><p class="totop"><a href="#summary">back to summary</a></p><h3 id="m1">com.cucumber.TestRunner.AdminGeneratedCertificatesRunner#feature</h3><table class="result"><tr class="param"><th>Parameter #1</th></tr><tr class="param stripe"><td>Institution Admin - Check the flow of Generated Certificates</td></tr><tr><th>Messages</th></tr><tr><td><div class="messages">Completed executing following method : AbstractTestNGCucumberTests.feature<br/>Test Method resides in com.cucumber.TestRunner.AdminGeneratedCertificatesRunner<br/>Test Method had the following parameters : nullInstitution Admin - Check the flow of Generated Certificates,<br/>Test Status: Failed</div></td></tr><tr><th>Exception</th></tr><tr><td><div class="stacktrace">cucumber.runtime.CucumberException: org.openqa.selenium.NoSuchElementException: no such element: Unable to locate element: {&quot;method&quot;:&quot;xpath&quot;,&quot;selector&quot;:&quot;//button[normalize-space()=&apos;Ok&apos;]&quot;}
  (Session info: chrome=122.0.6261.129)
For documentation on this error, please visit: https://www.selenium.dev/documentation/webdriver/troubleshooting/errors#no-such-element-exception
Build info: version: &apos;4.12.1&apos;, revision: &apos;8e34639b11&apos;
System info: os.name: &apos;Windows 10&apos;, os.arch: &apos;amd64&apos;, os.version: &apos;10.0&apos;, java.version: &apos;11.0.20&apos;
Driver info: org.openqa.selenium.chrome.ChromeDriver
Command: [864d6a6e9f6b924d9e838bf9e6cb2597, findElement {using=xpath, value=//button[normalize-space()=&apos;Ok&apos;]}]
Capabilities {acceptInsecureCerts: false, browserName: chrome, browserVersion: 122.0.6261.129, chrome: {chromedriverVersion: 121.0.6167.85 (3f98d690ad7e..., userDataDir: C:\Users\admin\AppData\Loca...}, fedcm:accounts: true, goog:chromeOptions: {debuggerAddress: localhost:53673}, networkConnectionEnabled: false, pageLoadStrategy: normal, platformName: windows, proxy: Proxy(), se:cdp: ws://localhost:53673/devtoo..., se:cdpVersion: 122.0.6261.129, setWindowRect: true, strictFileInteractability: false, timeouts: {implicit: 0, pageLoad: 300000, script: 30000}, unhandledPromptBehavior: dismiss and notify, webauthn:extension:credBlob: true, webauthn:extension:largeBlob: true, webauthn:extension:minPinLength: true, webauthn:extension:prf: true, webauthn:virtualAuthenticators: true}
Session ID: 864d6a6e9f6b924d9e838bf9e6cb2597
	at cucumber.api.testng.TestNGCucumberRunner.runCucumber(TestNGCucumberRunner.java:69)
	at cucumber.api.testng.AbstractTestNGCucumberTests.feature(AbstractTestNGCucumberTests.java:21)
Caused by: org.openqa.selenium.NoSuchElementException: no such element: Unable to locate element: {&quot;method&quot;:&quot;xpath&quot;,&quot;selector&quot;:&quot;//button[normalize-space()=&apos;Ok&apos;]&quot;}
  (Session info: chrome=122.0.6261.129)
For documentation on this error, please visit: https://www.selenium.dev/documentation/webdriver/troubleshooting/errors#no-such-element-exception
Build info: version: &apos;4.12.1&apos;, revision: &apos;8e34639b11&apos;
System info: os.name: &apos;Windows 10&apos;, os.arch: &apos;amd64&apos;, os.version: &apos;10.0&apos;, java.version: &apos;11.0.20&apos;
Driver info: org.openqa.selenium.chrome.ChromeDriver
Command: [864d6a6e9f6b924d9e838bf9e6cb2597, findElement {using=xpath, value=//button[normalize-space()=&apos;Ok&apos;]}]
Capabilities {acceptInsecureCerts: false, browserName: chrome, browserVersion: 122.0.6261.129, chrome: {chromedriverVersion: 121.0.6167.85 (3f98d690ad7e..., userDataDir: C:\Users\admin\AppData\Loca...}, fedcm:accounts: true, goog:chromeOptions: {debuggerAddress: localhost:53673}, networkConnectionEnabled: false, pageLoadStrategy: normal, platformName: windows, proxy: Proxy(), se:cdp: ws://localhost:53673/devtoo..., se:cdpVersion: 122.0.6261.129, setWindowRect: true, strictFileInteractability: false, timeouts: {implicit: 0, pageLoad: 300000, script: 30000}, unhandledPromptBehavior: dismiss and notify, webauthn:extension:credBlob: true, webauthn:extension:largeBlob: true, webauthn:extension:minPinLength: true, webauthn:extension:prf: true, webauthn:virtualAuthenticators: true}
Session ID: 864d6a6e9f6b924d9e838bf9e6cb2597
	at org.openqa.selenium.remote.codec.w3c.W3CHttpResponseCodec.createException(W3CHttpResponseCodec.java:200)
	at org.openqa.selenium.remote.codec.w3c.W3CHttpResponseCodec.decode(W3CHttpResponseCodec.java:133)
	at org.openqa.selenium.remote.codec.w3c.W3CHttpResponseCodec.decode(W3CHttpResponseCodec.java:52)
	at org.openqa.selenium.remote.HttpCommandExecutor.execute(HttpCommandExecutor.java:191)
	at org.openqa.selenium.remote.service.DriverCommandExecutor.invokeExecute(DriverCommandExecutor.java:196)
	at org.openqa.selenium.remote.service.DriverCommandExecutor.execute(DriverCommandExecutor.java:171)
	at org.openqa.selenium.remote.RemoteWebDriver.execute(RemoteWebDriver.java:602)
	at org.openqa.selenium.remote.ElementLocation$ElementFinder$2.findElement(ElementLocation.java:165)
	at org.openqa.selenium.remote.ElementLocation.findElement(ElementLocation.java:59)
	at org.openqa.selenium.remote.RemoteWebDriver.findElement(RemoteWebDriver.java:359)
	at org.openqa.selenium.remote.RemoteWebDriver.findElement(RemoteWebDriver.java:353)
	at com.cucumber.PageObjects.AdminGeneratedCertificatesPageObjects.clickOnGeneratedCertificates(AdminGeneratedCertificatesPageObjects.java:104)
	at com.cucumber.stepdefination.AdminGeneratedCertificatesSteps.click_on_Generated_Certificates(AdminGeneratedCertificatesSteps.java:35)
	at ✽.Then Click on Generated Certificates(src/test/resources/features/AdminGeneratedCertificates.feature:7)
... Removed 28 stack frames</div></td></tr></table><p class="totop"><a href="#summary">back to summary</a></p><h3 id="m2">com.cucumber.TestRunner.UserBulkWithoutApprovalRunner#feature</h3><table class="result"><tr class="param"><th>Parameter #1</th></tr><tr class="param stripe"><td>Institution User - Check the flow of Bulk with Approvals</td></tr><tr><th>Messages</th></tr><tr><td><div class="messages">Completed executing following method : AbstractTestNGCucumberTests.feature<br/>Test Method resides in com.cucumber.TestRunner.UserBulkWithoutApprovalRunner<br/>Test Method had the following parameters : nullInstitution User - Check the flow of Bulk with Approvals,<br/>Test Status: Failed</div></td></tr><tr><th>Exception</th></tr><tr><td><div class="stacktrace">cucumber.runtime.CucumberException: org.openqa.selenium.NoSuchElementException: no such element: Unable to locate element: {&quot;method&quot;:&quot;xpath&quot;,&quot;selector&quot;:&quot;//button[text()=&apos;Ok&apos;]&quot;}
  (Session info: chrome=122.0.6261.129)
For documentation on this error, please visit: https://www.selenium.dev/documentation/webdriver/troubleshooting/errors#no-such-element-exception
Build info: version: &apos;4.12.1&apos;, revision: &apos;8e34639b11&apos;
System info: os.name: &apos;Windows 10&apos;, os.arch: &apos;amd64&apos;, os.version: &apos;10.0&apos;, java.version: &apos;11.0.20&apos;
Driver info: org.openqa.selenium.chrome.ChromeDriver
Command: [55afc6251f0815d780accba35b6f608b, findElement {using=xpath, value=//button[text()=&apos;Ok&apos;]}]
Capabilities {acceptInsecureCerts: false, browserName: chrome, browserVersion: 122.0.6261.129, chrome: {chromedriverVersion: 121.0.6167.85 (3f98d690ad7e..., userDataDir: C:\Users\admin\AppData\Loca...}, fedcm:accounts: true, goog:chromeOptions: {debuggerAddress: localhost:54294}, networkConnectionEnabled: false, pageLoadStrategy: normal, platformName: windows, proxy: Proxy(), se:cdp: ws://localhost:54294/devtoo..., se:cdpVersion: 122.0.6261.129, setWindowRect: true, strictFileInteractability: false, timeouts: {implicit: 0, pageLoad: 300000, script: 30000}, unhandledPromptBehavior: dismiss and notify, webauthn:extension:credBlob: true, webauthn:extension:largeBlob: true, webauthn:extension:minPinLength: true, webauthn:extension:prf: true, webauthn:virtualAuthenticators: true}
Session ID: 55afc6251f0815d780accba35b6f608b
	at cucumber.api.testng.TestNGCucumberRunner.runCucumber(TestNGCucumberRunner.java:69)
	at cucumber.api.testng.AbstractTestNGCucumberTests.feature(AbstractTestNGCucumberTests.java:21)
Caused by: org.openqa.selenium.NoSuchElementException: no such element: Unable to locate element: {&quot;method&quot;:&quot;xpath&quot;,&quot;selector&quot;:&quot;//button[text()=&apos;Ok&apos;]&quot;}
  (Session info: chrome=122.0.6261.129)
For documentation on this error, please visit: https://www.selenium.dev/documentation/webdriver/troubleshooting/errors#no-such-element-exception
Build info: version: &apos;4.12.1&apos;, revision: &apos;8e34639b11&apos;
System info: os.name: &apos;Windows 10&apos;, os.arch: &apos;amd64&apos;, os.version: &apos;10.0&apos;, java.version: &apos;11.0.20&apos;
Driver info: org.openqa.selenium.chrome.ChromeDriver
Command: [55afc6251f0815d780accba35b6f608b, findElement {using=xpath, value=//button[text()=&apos;Ok&apos;]}]
Capabilities {acceptInsecureCerts: false, browserName: chrome, browserVersion: 122.0.6261.129, chrome: {chromedriverVersion: 121.0.6167.85 (3f98d690ad7e..., userDataDir: C:\Users\admin\AppData\Loca...}, fedcm:accounts: true, goog:chromeOptions: {debuggerAddress: localhost:54294}, networkConnectionEnabled: false, pageLoadStrategy: normal, platformName: windows, proxy: Proxy(), se:cdp: ws://localhost:54294/devtoo..., se:cdpVersion: 122.0.6261.129, setWindowRect: true, strictFileInteractability: false, timeouts: {implicit: 0, pageLoad: 300000, script: 30000}, unhandledPromptBehavior: dismiss and notify, webauthn:extension:credBlob: true, webauthn:extension:largeBlob: true, webauthn:extension:minPinLength: true, webauthn:extension:prf: true, webauthn:virtualAuthenticators: true}
Session ID: 55afc6251f0815d780accba35b6f608b
	at org.openqa.selenium.remote.codec.w3c.W3CHttpResponseCodec.createException(W3CHttpResponseCodec.java:200)
	at org.openqa.selenium.remote.codec.w3c.W3CHttpResponseCodec.decode(W3CHttpResponseCodec.java:133)
	at org.openqa.selenium.remote.codec.w3c.W3CHttpResponseCodec.decode(W3CHttpResponseCodec.java:52)
	at org.openqa.selenium.remote.HttpCommandExecutor.execute(HttpCommandExecutor.java:191)
	at org.openqa.selenium.remote.service.DriverCommandExecutor.invokeExecute(DriverCommandExecutor.java:196)
	at org.openqa.selenium.remote.service.DriverCommandExecutor.execute(DriverCommandExecutor.java:171)
	at org.openqa.selenium.remote.RemoteWebDriver.execute(RemoteWebDriver.java:602)
	at org.openqa.selenium.remote.ElementLocation$ElementFinder$2.findElement(ElementLocation.java:165)
	at org.openqa.selenium.remote.ElementLocation.findElement(ElementLocation.java:59)
	at org.openqa.selenium.remote.RemoteWebDriver.findElement(RemoteWebDriver.java:359)
	at org.openqa.selenium.remote.RemoteWebDriver.findElement(RemoteWebDriver.java:353)
	at com.cucumber.PageObjects.UserBulkWithoutApprovalPageObjects.uploadthedatafiles(UserBulkWithoutApprovalPageObjects.java:166)
	at com.cucumber.stepdefination.UserBulkWithoutApprovalSteps.upload_the_data_files(UserBulkWithoutApprovalSteps.java:77)
	at ✽.Then upload the data files(src/test/resources/features/UserBulkWithoutApproval.feature:17)
... Removed 27 stack frames</div></td></tr></table><p class="totop"><a href="#summary">back to summary</a></p><h3 id="m3">com.cucumber.TestRunner.UserGenerateSingleWithoutApprovalRunner#feature</h3><table class="result"><tr class="param"><th>Parameter #1</th></tr><tr class="param stripe"><td>Institution User - Check the flow of Generate Single Without Approval</td></tr><tr><th>Messages</th></tr><tr><td><div class="messages">Completed executing following method : AbstractTestNGCucumberTests.feature<br/>Test Method resides in com.cucumber.TestRunner.UserGenerateSingleWithoutApprovalRunner<br/>Test Method had the following parameters : nullInstitution User - Check the flow of Generate Single Without Approval,<br/>Test Status: Failed</div></td></tr><tr><th>Exception</th></tr><tr><td><div class="stacktrace">cucumber.runtime.CucumberException: org.openqa.selenium.NoSuchElementException: no such element: Unable to locate element: {&quot;method&quot;:&quot;xpath&quot;,&quot;selector&quot;:&quot;//input[@value=&apos;Generate Certificate&apos;]&quot;}
  (Session info: chrome=122.0.6261.129)
For documentation on this error, please visit: https://www.selenium.dev/documentation/webdriver/troubleshooting/errors#no-such-element-exception
Build info: version: &apos;4.12.1&apos;, revision: &apos;8e34639b11&apos;
System info: os.name: &apos;Windows 10&apos;, os.arch: &apos;amd64&apos;, os.version: &apos;10.0&apos;, java.version: &apos;11.0.20&apos;
Driver info: org.openqa.selenium.chrome.ChromeDriver
Command: [486f1ddc899bc0bce51ceae148a5b862, findElement {using=xpath, value=//input[@value=&apos;Generate Certificate&apos;]}]
Capabilities {acceptInsecureCerts: false, browserName: chrome, browserVersion: 122.0.6261.129, chrome: {chromedriverVersion: 121.0.6167.85 (3f98d690ad7e..., userDataDir: C:\Users\admin\AppData\Loca...}, fedcm:accounts: true, goog:chromeOptions: {debuggerAddress: localhost:54214}, networkConnectionEnabled: false, pageLoadStrategy: normal, platformName: windows, proxy: Proxy(), se:cdp: ws://localhost:54214/devtoo..., se:cdpVersion: 122.0.6261.129, setWindowRect: true, strictFileInteractability: false, timeouts: {implicit: 0, pageLoad: 300000, script: 30000}, unhandledPromptBehavior: dismiss and notify, webauthn:extension:credBlob: true, webauthn:extension:largeBlob: true, webauthn:extension:minPinLength: true, webauthn:extension:prf: true, webauthn:virtualAuthenticators: true}
Session ID: 486f1ddc899bc0bce51ceae148a5b862
	at cucumber.api.testng.TestNGCucumberRunner.runCucumber(TestNGCucumberRunner.java:69)
	at cucumber.api.testng.AbstractTestNGCucumberTests.feature(AbstractTestNGCucumberTests.java:21)
Caused by: org.openqa.selenium.NoSuchElementException: no such element: Unable to locate element: {&quot;method&quot;:&quot;xpath&quot;,&quot;selector&quot;:&quot;//input[@value=&apos;Generate Certificate&apos;]&quot;}
  (Session info: chrome=122.0.6261.129)
For documentation on this error, please visit: https://www.selenium.dev/documentation/webdriver/troubleshooting/errors#no-such-element-exception
Build info: version: &apos;4.12.1&apos;, revision: &apos;8e34639b11&apos;
System info: os.name: &apos;Windows 10&apos;, os.arch: &apos;amd64&apos;, os.version: &apos;10.0&apos;, java.version: &apos;11.0.20&apos;
Driver info: org.openqa.selenium.chrome.ChromeDriver
Command: [486f1ddc899bc0bce51ceae148a5b862, findElement {using=xpath, value=//input[@value=&apos;Generate Certificate&apos;]}]
Capabilities {acceptInsecureCerts: false, browserName: chrome, browserVersion: 122.0.6261.129, chrome: {chromedriverVersion: 121.0.6167.85 (3f98d690ad7e..., userDataDir: C:\Users\admin\AppData\Loca...}, fedcm:accounts: true, goog:chromeOptions: {debuggerAddress: localhost:54214}, networkConnectionEnabled: false, pageLoadStrategy: normal, platformName: windows, proxy: Proxy(), se:cdp: ws://localhost:54214/devtoo..., se:cdpVersion: 122.0.6261.129, setWindowRect: true, strictFileInteractability: false, timeouts: {implicit: 0, pageLoad: 300000, script: 30000}, unhandledPromptBehavior: dismiss and notify, webauthn:extension:credBlob: true, webauthn:extension:largeBlob: true, webauthn:extension:minPinLength: true, webauthn:extension:prf: true, webauthn:virtualAuthenticators: true}
Session ID: 486f1ddc899bc0bce51ceae148a5b862
	at org.openqa.selenium.remote.codec.w3c.W3CHttpResponseCodec.createException(W3CHttpResponseCodec.java:200)
	at org.openqa.selenium.remote.codec.w3c.W3CHttpResponseCodec.decode(W3CHttpResponseCodec.java:133)
	at org.openqa.selenium.remote.codec.w3c.W3CHttpResponseCodec.decode(W3CHttpResponseCodec.java:52)
	at org.openqa.selenium.remote.HttpCommandExecutor.execute(HttpCommandExecutor.java:191)
	at org.openqa.selenium.remote.service.DriverCommandExecutor.invokeExecute(DriverCommandExecutor.java:196)
	at org.openqa.selenium.remote.service.DriverCommandExecutor.execute(DriverCommandExecutor.java:171)
	at org.openqa.selenium.remote.RemoteWebDriver.execute(RemoteWebDriver.java:602)
	at org.openqa.selenium.remote.ElementLocation$ElementFinder$2.findElement(ElementLocation.java:165)
	at org.openqa.selenium.remote.ElementLocation.findElement(ElementLocation.java:59)
	at org.openqa.selenium.remote.RemoteWebDriver.findElement(RemoteWebDriver.java:359)
	at org.openqa.selenium.remote.RemoteWebDriver.findElement(RemoteWebDriver.java:353)
	at com.cucumber.PageObjects.UserGenerateSingleWithoutApprovalPageObjects.clicktheGenerateCertificatebutton(UserGenerateSingleWithoutApprovalPageObjects.java:192)
	at com.cucumber.stepdefination.UserGenerateSingleWithoutApprovalSteps.click_the_Generate_Certificate_button(UserGenerateSingleWithoutApprovalSteps.java:80)
	at ✽.Then click the Generate Certificate button(src/test/resources/features/UserGenerateSingleWithoutApproval.feature:17)
... Removed 27 stack frames</div></td></tr></table><p class="totop"><a href="#summary">back to summary</a></p><h3 id="m4">com.cucumber.TestRunner.UserInternalPrintingRunner#feature</h3><table class="result"><tr class="param"><th>Parameter #1</th></tr><tr class="param stripe"><td>Title of your feature</td></tr><tr><th>Messages</th></tr><tr><td><div class="messages">Completed executing following method : AbstractTestNGCucumberTests.feature<br/>Test Method resides in com.cucumber.TestRunner.UserInternalPrintingRunner<br/>Test Method had the following parameters : nullTitle of your feature,<br/>Test Status: Failed</div></td></tr><tr><th>Exception</th></tr><tr><td><div class="stacktrace">cucumber.runtime.CucumberException: org.openqa.selenium.ElementClickInterceptedException: element click intercepted: Element &lt;input _ngcontent-tos-c80=&quot;&quot; type=&quot;submit&quot; id=&quot;rcfrmsubmit&quot; value=&quot;Next&quot; class=&quot;btn btn-primary&quot;&gt; is not clickable at point (734, 541). Other element would receive the click: &lt;div _ngcontent-tos-c90=&quot;&quot; class=&quot;loader-box&quot;&gt;...&lt;/div&gt;
  (Session info: chrome=122.0.6261.129)
Build info: version: &apos;4.12.1&apos;, revision: &apos;8e34639b11&apos;
System info: os.name: &apos;Windows 10&apos;, os.arch: &apos;amd64&apos;, os.version: &apos;10.0&apos;, java.version: &apos;11.0.20&apos;
Driver info: org.openqa.selenium.chrome.ChromeDriver
Command: [0a5da1a29216f6fd02559093902dc646, clickElement {id=4BCD3E7162854EDBCADE769F7DA79F57_element_1921}]
Capabilities {acceptInsecureCerts: false, browserName: chrome, browserVersion: 122.0.6261.129, chrome: {chromedriverVersion: 121.0.6167.85 (3f98d690ad7e..., userDataDir: C:\Users\admin\AppData\Loca...}, fedcm:accounts: true, goog:chromeOptions: {debuggerAddress: localhost:54412}, networkConnectionEnabled: false, pageLoadStrategy: normal, platformName: windows, proxy: Proxy(), se:cdp: ws://localhost:54412/devtoo..., se:cdpVersion: 122.0.6261.129, setWindowRect: true, strictFileInteractability: false, timeouts: {implicit: 0, pageLoad: 300000, script: 30000}, unhandledPromptBehavior: dismiss and notify, webauthn:extension:credBlob: true, webauthn:extension:largeBlob: true, webauthn:extension:minPinLength: true, webauthn:extension:prf: true, webauthn:virtualAuthenticators: true}
Element: [[ChromeDriver: chrome on windows (0a5da1a29216f6fd02559093902dc646)] -&gt; xpath: //input[@value=&apos;Next&apos;]]
Session ID: 0a5da1a29216f6fd02559093902dc646
	at cucumber.api.testng.TestNGCucumberRunner.runCucumber(TestNGCucumberRunner.java:69)
	at cucumber.api.testng.AbstractTestNGCucumberTests.feature(AbstractTestNGCucumberTests.java:21)
Caused by: org.openqa.selenium.ElementClickInterceptedException: element click intercepted: Element &lt;input _ngcontent-tos-c80=&quot;&quot; type=&quot;submit&quot; id=&quot;rcfrmsubmit&quot; value=&quot;Next&quot; class=&quot;btn btn-primary&quot;&gt; is not clickable at point (734, 541). Other element would receive the click: &lt;div _ngcontent-tos-c90=&quot;&quot; class=&quot;loader-box&quot;&gt;...&lt;/div&gt;
  (Session info: chrome=122.0.6261.129)
Build info: version: &apos;4.12.1&apos;, revision: &apos;8e34639b11&apos;
System info: os.name: &apos;Windows 10&apos;, os.arch: &apos;amd64&apos;, os.version: &apos;10.0&apos;, java.version: &apos;11.0.20&apos;
Driver info: org.openqa.selenium.chrome.ChromeDriver
Command: [0a5da1a29216f6fd02559093902dc646, clickElement {id=4BCD3E7162854EDBCADE769F7DA79F57_element_1921}]
Capabilities {acceptInsecureCerts: false, browserName: chrome, browserVersion: 122.0.6261.129, chrome: {chromedriverVersion: 121.0.6167.85 (3f98d690ad7e..., userDataDir: C:\Users\admin\AppData\Loca...}, fedcm:accounts: true, goog:chromeOptions: {debuggerAddress: localhost:54412}, networkConnectionEnabled: false, pageLoadStrategy: normal, platformName: windows, proxy: Proxy(), se:cdp: ws://localhost:54412/devtoo..., se:cdpVersion: 122.0.6261.129, setWindowRect: true, strictFileInteractability: false, timeouts: {implicit: 0, pageLoad: 300000, script: 30000}, unhandledPromptBehavior: dismiss and notify, webauthn:extension:credBlob: true, webauthn:extension:largeBlob: true, webauthn:extension:minPinLength: true, webauthn:extension:prf: true, webauthn:virtualAuthenticators: true}
Element: [[ChromeDriver: chrome on windows (0a5da1a29216f6fd02559093902dc646)] -&gt; xpath: //input[@value=&apos;Next&apos;]]
Session ID: 0a5da1a29216f6fd02559093902dc646
	at org.openqa.selenium.remote.codec.w3c.W3CHttpResponseCodec.createException(W3CHttpResponseCodec.java:200)
	at org.openqa.selenium.remote.codec.w3c.W3CHttpResponseCodec.decode(W3CHttpResponseCodec.java:133)
	at org.openqa.selenium.remote.codec.w3c.W3CHttpResponseCodec.decode(W3CHttpResponseCodec.java:52)
	at org.openqa.selenium.remote.HttpCommandExecutor.execute(HttpCommandExecutor.java:191)
	at org.openqa.selenium.remote.service.DriverCommandExecutor.invokeExecute(DriverCommandExecutor.java:196)
	at org.openqa.selenium.remote.service.DriverCommandExecutor.execute(DriverCommandExecutor.java:171)
	at org.openqa.selenium.remote.RemoteWebDriver.execute(RemoteWebDriver.java:602)
	at org.openqa.selenium.remote.RemoteWebElement.execute(RemoteWebElement.java:224)
	at org.openqa.selenium.remote.RemoteWebElement.click(RemoteWebElement.java:77)
	at com.cucumber.PageObjects.InternalPrintingPageObjects.generateQRCode(InternalPrintingPageObjects.java:83)
	at com.cucumber.stepdefination.InternalPrintingSteps.generate_the_QR_Code(InternalPrintingSteps.java:36)
	at ✽.And Generate the QR Code(src/test/resources/features/UserInternalPrinting.feature:9)
... Removed 27 stack frames</div></td></tr></table><p class="totop"><a href="#summary">back to summary</a></p><h3 id="m5">com.cucumber.TestRunner.AdminAddCertificateTypeRunner#feature</h3><table class="result"><tr class="param"><th>Parameter #1</th></tr><tr class="param stripe"><td>Institution Admin - Check the flow of Add Certificate Type</td></tr><tr><th>Messages</th></tr><tr><td><div class="messages">Completed executing following method : AbstractTestNGCucumberTests.feature<br/>Test Method resides in com.cucumber.TestRunner.AdminAddCertificateTypeRunner<br/>Test Method had the following parameters : nullInstitution Admin - Check the flow of Add Certificate Type,<br/>Test Status: Pass</div></td></tr></table><p class="totop"><a href="#summary">back to summary</a></p><h3 id="m6">com.cucumber.TestRunner.AdminCertificateApprovalsRunner#feature</h3><table class="result"><tr class="param"><th>Parameter #1</th></tr><tr class="param stripe"><td>Institute Admin - Check the flow of CertificatesApprovals</td></tr><tr><th>Messages</th></tr><tr><td><div class="messages">Completed executing following method : AbstractTestNGCucumberTests.feature<br/>Test Method resides in com.cucumber.TestRunner.AdminCertificateApprovalsRunner<br/>Test Method had the following parameters : nullInstitute Admin - Check the flow of CertificatesApprovals,<br/>Test Status: Pass</div></td></tr></table><p class="totop"><a href="#summary">back to summary</a></p><h3 id="m7">com.cucumber.TestRunner.AdminRecentCertificateGenerationsRecallRunner#feature</h3><table class="result"><tr class="param"><th>Parameter #1</th></tr><tr class="param stripe"><td>Institution User - Check the flow of Recent Certificate Generations Recall</td></tr><tr><th>Messages</th></tr><tr><td><div class="messages">Completed executing following method : AbstractTestNGCucumberTests.feature<br/>Test Method resides in com.cucumber.TestRunner.AdminRecentCertificateGenerationsRecallRunner<br/>Test Method had the following parameters : nullInstitution User - Check the flow of Recent Certificate Generations Recall,<br/>Test Status: Pass</div></td></tr></table><p class="totop"><a href="#summary">back to summary</a></p><h3 id="m8">com.cucumber.TestRunner.AdminRecentCertificateGenerationsRevokeRunner#feature</h3><table class="result"><tr class="param"><th>Parameter #1</th></tr><tr class="param stripe"><td>Institution Admin - Check the flow of Recent Certificate Generations Revoke</td></tr><tr><th>Messages</th></tr><tr><td><div class="messages">Completed executing following method : AbstractTestNGCucumberTests.feature<br/>Test Method resides in com.cucumber.TestRunner.AdminRecentCertificateGenerationsRevokeRunner<br/>Test Method had the following parameters : nullInstitution Admin - Check the flow of Recent Certificate Generations Revoke,<br/>Test Status: Pass</div></td></tr></table><p class="totop"><a href="#summary">back to summary</a></p><h3 id="m9">com.cucumber.TestRunner.AdminRecentCertificateGenerationsandVerificationsSendMailRunner#feature</h3><table class="result"><tr class="param"><th>Parameter #1</th></tr><tr class="param stripe"><td>Institution User - Check the flow of Recent Certificate GenerationsandVerification Send Mail</td></tr><tr><th>Messages</th></tr><tr><td><div class="messages">Completed executing following method : AbstractTestNGCucumberTests.feature<br/>Test Method resides in com.cucumber.TestRunner.AdminRecentCertificateGenerationsandVerificationsSendMailRunner<br/>Test Method had the following parameters : nullInstitution User - Check the flow of Recent Certificate GenerationsandVerification Send Mail,<br/>Test Status: Pass</div></td></tr></table><p class="totop"><a href="#summary">back to summary</a></p><h3 id="m10">com.cucumber.TestRunner.AdminRegistrationRunner#feature</h3><table class="result"><tr class="param"><th>Parameter #1</th></tr><tr class="param stripe"><td>Institution Admin - Check the flow of Registration</td></tr><tr><th>Messages</th></tr><tr><td><div class="messages">Completed executing following method : AbstractTestNGCucumberTests.feature<br/>Test Method resides in com.cucumber.TestRunner.AdminRegistrationRunner<br/>Test Method had the following parameters : nullInstitution Admin - Check the flow of Registration,<br/>Test Status: Pass</div></td></tr></table><p class="totop"><a href="#summary">back to summary</a></p><h3 id="m11">com.cucumber.TestRunner.AdminUpdateInstitutionRunner#feature</h3><table class="result"><tr class="param"><th>Parameter #1</th></tr><tr class="param stripe"><td>Institution Admin - Check the flow of Update Institution</td></tr><tr><th>Messages</th></tr><tr><td><div class="messages">Completed executing following method : AbstractTestNGCucumberTests.feature<br/>Test Method resides in com.cucumber.TestRunner.AdminUpdateInstitutionRunner<br/>Test Method had the following parameters : nullInstitution Admin - Check the flow of Update Institution,<br/>Test Status: Pass</div></td></tr></table><p class="totop"><a href="#summary">back to summary</a></p><h3 id="m12">com.cucumber.TestRunner.AdminUpdateProfileRunner#feature</h3><table class="result"><tr class="param"><th>Parameter #1</th></tr><tr class="param stripe"><td>Institution Admin - Check the flow of Updateprofile</td></tr><tr><th>Messages</th></tr><tr><td><div class="messages">Completed executing following method : AbstractTestNGCucumberTests.feature<br/>Test Method resides in com.cucumber.TestRunner.AdminUpdateProfileRunner<br/>Test Method had the following parameters : nullInstitution Admin - Check the flow of Updateprofile,<br/>Test Status: Pass</div></td></tr></table><p class="totop"><a href="#summary">back to summary</a></p><h3 id="m13">com.cucumber.TestRunner.AdminVerifiedCertificatesRunner#feature</h3><table class="result"><tr class="param"><th>Parameter #1</th></tr><tr class="param stripe"><td>Institution Admin - Check the flow of Verified Certificates</td></tr><tr><th>Messages</th></tr><tr><td><div class="messages">Completed executing following method : AbstractTestNGCucumberTests.feature<br/>Test Method resides in com.cucumber.TestRunner.AdminVerifiedCertificatesRunner<br/>Test Method had the following parameters : nullInstitution Admin - Check the flow of Verified Certificates,<br/>Test Status: Pass</div></td></tr></table><p class="totop"><a href="#summary">back to summary</a></p><h3 id="m14">com.cucumber.TestRunner.ApprovalSettingsRunner#feature</h3><table class="result"><tr class="param"><th>Parameter #1</th></tr><tr class="param stripe"><td>Institution Admin - Check the flow of Approval Settings</td></tr><tr><th>Messages</th></tr><tr><td><div class="messages">Completed executing following method : AbstractTestNGCucumberTests.feature<br/>Test Method resides in com.cucumber.TestRunner.ApprovalSettingsRunner<br/>Test Method had the following parameters : nullInstitution Admin - Check the flow of Approval Settings,<br/>Test Status: Pass</div></td></tr></table><p class="totop"><a href="#summary">back to summary</a></p><h3 id="m15">com.cucumber.TestRunner.OrgMgmtChangePasswordRunner#feature</h3><table class="result"><tr class="param"><th>Parameter #1</th></tr><tr class="param stripe"><td>Organization Management - Check the flow of ChangePassword</td></tr><tr><th>Messages</th></tr><tr><td><div class="messages">Completed executing following method : AbstractTestNGCucumberTests.feature<br/>Test Method resides in com.cucumber.TestRunner.OrgMgmtChangePasswordRunner<br/>Test Method had the following parameters : nullOrganization Management - Check the flow of ChangePassword,<br/>Test Status: Pass</div></td></tr></table><p class="totop"><a href="#summary">back to summary</a></p><h3 id="m16">com.cucumber.TestRunner.OrgMgmtLaunchTheApplicationRunner#feature</h3><table class="result"><tr class="param"><th>Parameter #1</th></tr><tr class="param stripe"><td>Organisation Management - Check the flow of Launch the application</td></tr><tr><th>Messages</th></tr><tr><td><div class="messages">Completed executing following method : AbstractTestNGCucumberTests.feature<br/>Test Method resides in com.cucumber.TestRunner.OrgMgmtLaunchTheApplicationRunner<br/>Test Method had the following parameters : nullOrganisation Management - Check the flow of Launch the application,<br/>Test Status: Pass</div></td></tr></table><p class="totop"><a href="#summary">back to summary</a></p><h3 id="m17">com.cucumber.TestRunner.OrgMgmtUpdateProfileRunner#feature</h3><table class="result"><tr class="param"><th>Parameter #1</th></tr><tr class="param stripe"><td>Organisation Management - Check the flow of Update Profile</td></tr><tr><th>Messages</th></tr><tr><td><div class="messages">Completed executing following method : AbstractTestNGCucumberTests.feature<br/>Test Method resides in com.cucumber.TestRunner.OrgMgmtUpdateProfileRunner<br/>Test Method had the following parameters : nullOrganisation Management - Check the flow of Update Profile,<br/>Test Status: Pass</div></td></tr></table><p class="totop"><a href="#summary">back to summary</a></p><h3 id="m18">com.cucumber.TestRunner.OrgSalesChangePasswordRunner#feature</h3><table class="result"><tr class="param"><th>Parameter #1</th></tr><tr class="param stripe"><td>Orgnaisation Sales - Check the flow of Change Password</td></tr><tr><th>Messages</th></tr><tr><td><div class="messages">Completed executing following method : AbstractTestNGCucumberTests.feature<br/>Test Method resides in com.cucumber.TestRunner.OrgSalesChangePasswordRunner<br/>Test Method had the following parameters : nullOrgnaisation Sales - Check the flow of Change Password,<br/>Test Status: Pass</div></td></tr></table><p class="totop"><a href="#summary">back to summary</a></p><h3 id="m19">com.cucumber.TestRunner.OrgSalesLaunchTheApplicationRunner#feature</h3><table class="result"><tr class="param"><th>Parameter #1</th></tr><tr class="param stripe"><td>Organisation Sales - Check the flow of Launch the application</td></tr><tr><th>Messages</th></tr><tr><td><div class="messages">Completed executing following method : AbstractTestNGCucumberTests.feature<br/>Test Method resides in com.cucumber.TestRunner.OrgSalesLaunchTheApplicationRunner<br/>Test Method had the following parameters : nullOrganisation Sales - Check the flow of Launch the application,<br/>Test Status: Pass</div></td></tr></table><p class="totop"><a href="#summary">back to summary</a></p><h3 id="m20">com.cucumber.TestRunner.OrgSalesReceiptsRunner#feature</h3><table class="result"><tr class="param"><th>Parameter #1</th></tr><tr class="param stripe"><td>Organisation Sales - Check the flow of Organisation Sales Reports Receipts</td></tr><tr><th>Messages</th></tr><tr><td><div class="messages">Completed executing following method : AbstractTestNGCucumberTests.feature<br/>Test Method resides in com.cucumber.TestRunner.OrgSalesReceiptsRunner<br/>Test Method had the following parameters : nullOrganisation Sales - Check the flow of Organisation Sales Reports Receipts,<br/>Test Status: Pass</div></td></tr></table><p class="totop"><a href="#summary">back to summary</a></p><h3 id="m21">com.cucumber.TestRunner.UserBulkGeneratedCertficatesRunner#feature</h3><table class="result"><tr class="param"><th>Parameter #1</th></tr><tr class="param stripe"><td>Institution User - Check the flow of Bulk Generated certificates</td></tr><tr><th>Messages</th></tr><tr><td><div class="messages">Completed executing following method : AbstractTestNGCucumberTests.feature<br/>Test Method resides in com.cucumber.TestRunner.UserBulkGeneratedCertficatesRunner<br/>Test Method had the following parameters : nullInstitution User - Check the flow of Bulk Generated certificates,<br/>Test Status: Pass</div></td></tr></table><p class="totop"><a href="#summary">back to summary</a></p><h3 id="m22">com.cucumber.TestRunner.UserNewMailEditRunner#feature</h3><table class="result"><tr class="param"><th>Parameter #1</th></tr><tr class="param stripe"><td>Institution User - Check the flow of New Mail Edit</td></tr><tr><th>Messages</th></tr><tr><td><div class="messages">Completed executing following method : AbstractTestNGCucumberTests.feature<br/>Test Method resides in com.cucumber.TestRunner.UserNewMailEditRunner<br/>Test Method had the following parameters : nullInstitution User - Check the flow of New Mail Edit,<br/>Test Status: Pass</div></td></tr></table><p class="totop"><a href="#summary">back to summary</a></p><h3 id="m23">com.cucumber.TestRunner.UserRecentCertificateGenerationsRecallRunner#feature</h3><table class="result"><tr class="param"><th>Parameter #1</th></tr><tr class="param stripe"><td>Institution User - Check the flow of Recent Certificate Generations Recall</td></tr><tr><th>Messages</th></tr><tr><td><div class="messages">Completed executing following method : AbstractTestNGCucumberTests.feature<br/>Test Method resides in com.cucumber.TestRunner.UserRecentCertificateGenerationsRecallRunner<br/>Test Method had the following parameters : nullInstitution User - Check the flow of Recent Certificate Generations Recall,<br/>Test Status: Pass</div></td></tr></table><p class="totop"><a href="#summary">back to summary</a></p><h3 id="m24">com.cucumber.TestRunner.UserRecentCertificateGenerationsRevokeRunner#feature</h3><table class="result"><tr class="param"><th>Parameter #1</th></tr><tr class="param stripe"><td>Institution User - Check the flow of Recent Certificate Generations Revoke</td></tr><tr><th>Messages</th></tr><tr><td><div class="messages">Completed executing following method : AbstractTestNGCucumberTests.feature<br/>Test Method resides in com.cucumber.TestRunner.UserRecentCertificateGenerationsRevokeRunner<br/>Test Method had the following parameters : nullInstitution User - Check the flow of Recent Certificate Generations Revoke,<br/>Test Status: Pass</div></td></tr></table><p class="totop"><a href="#summary">back to summary</a></p><h3 id="m25">com.cucumber.TestRunner.UserUpdateProfileRunner#feature</h3><table class="result"><tr class="param"><th>Parameter #1</th></tr><tr class="param stripe"><td>Institution User - Check the flow of Updateprofile</td></tr><tr><th>Messages</th></tr><tr><td><div class="messages">Completed executing following method : AbstractTestNGCucumberTests.feature<br/>Test Method resides in com.cucumber.TestRunner.UserUpdateProfileRunner<br/>Test Method had the following parameters : nullInstitution User - Check the flow of Updateprofile,<br/>Test Status: Pass</div></td></tr></table><p class="totop"><a href="#summary">back to summary</a></p><h3 id="m26">com.cucumber.TestRunner.UserVerificationURLRunner#feature</h3><table class="result"><tr class="param"><th>Parameter #1</th></tr><tr class="param stripe"><td>Institution User - Check the flow of Verification URL</td></tr><tr><th>Messages</th></tr><tr><td><div class="messages">Completed executing following method : AbstractTestNGCucumberTests.feature<br/>Test Method resides in com.cucumber.TestRunner.UserVerificationURLRunner<br/>Test Method had the following parameters : nullInstitution User - Check the flow of Verification URL,<br/>Test Status: Pass</div></td></tr></table><p class="totop"><a href="#summary">back to summary</a></p><h3 id="m27">com.cucumber.TestRunner.UserVerifiedCertificatesRunner#feature</h3><table class="result"><tr class="param"><th>Parameter #1</th></tr><tr class="param stripe"><td>Institution User - Check the flow of Verified Certificates</td></tr><tr><th>Messages</th></tr><tr><td><div class="messages">Completed executing following method : AbstractTestNGCucumberTests.feature<br/>Test Method resides in com.cucumber.TestRunner.UserVerifiedCertificatesRunner<br/>Test Method had the following parameters : nullInstitution User - Check the flow of Verified Certificates,<br/>Test Status: Pass</div></td></tr></table><p class="totop"><a href="#summary">back to summary</a></p><h3 id="m28">com.cucumber.TestRunner.UserVerifyCertificatesRunner#feature</h3><table class="result"><tr class="param"><th>Parameter #1</th></tr><tr class="param stripe"><td>Institution User - Check the flow of Institution User Verify Certificates</td></tr><tr><th>Messages</th></tr><tr><td><div class="messages">Completed executing following method : AbstractTestNGCucumberTests.feature<br/>Test Method resides in com.cucumber.TestRunner.UserVerifyCertificatesRunner<br/>Test Method had the following parameters : nullInstitution User - Check the flow of Institution User Verify Certificates,<br/>Test Status: Pass</div></td></tr></table><p class="totop"><a href="#summary">back to summary</a></p></body></html>