<?xml version="1.0" encoding="UTF-8"?>
<testng-results total="1" passed="1" failed="0" skipped="0">
  <reporter-output>
    <line>
      <![CDATA[About to begin executing Suite Sapphirus Systems Pvt Ltd]]>
    </line>
    <line>
      <![CDATA[About to begin executing Test ChromeBrowser]]>
    </line>
    <line>
      <![CDATA[About to begin executing following method : AbstractTestNGCucumberTests.setUpClass]]>
    </line>
    <line>
      <![CDATA[Completed executing following method : AbstractTestNGCucumberTests.setUpClass]]>
    </line>
    <line>
      <![CDATA[About to begin executing following method : UserInternalPrintingByUploadingWithInvalidIssueYearandMonthRunner.beforeclass]]>
    </line>
    <line>
      <![CDATA[Completed executing following method : UserInternalPrintingByUploadingWithInvalidIssueYearandMonthRunner.beforeclass]]>
    </line>
    <line>
      <![CDATA[About to begin executing following method : AbstractTestNGCucumberTests.feature]]>
    </line>
    <line>
      <![CDATA[Completed executing following method : AbstractTestNGCucumberTests.feature]]>
    </line>
    <line>
      <![CDATA[Test Method resides in com.cucumber.TestRunner.UserInternalPrintingByUploadingWithInvalidIssueYearandMonthRunner]]>
    </line>
    <line>
      <![CDATA[Test Method had the following parameters : nullInstitution User - Check the flow of Internal Printing with upload the CSV file with invalid issue year and month,]]>
    </line>
    <line>
      <![CDATA[Test Status: Pass]]>
    </line>
    <line>
      <![CDATA[About to begin executing following method : UserInternalPrintingByUploadingWithInvalidIssueYearandMonthRunner.testDownClass]]>
    </line>
    <line>
      <![CDATA[Completed executing following method : UserInternalPrintingByUploadingWithInvalidIssueYearandMonthRunner.testDownClass]]>
    </line>
    <line>
      <![CDATA[About to begin executing following method : AbstractTestNGCucumberTests.tearDownClass]]>
    </line>
    <line>
      <![CDATA[Completed executing following method : AbstractTestNGCucumberTests.tearDownClass]]>
    </line>
  </reporter-output>
  <suite started-at="2024-03-28T05:34:25Z" name="Sapphirus Systems Pvt Ltd" finished-at="2024-03-28T05:35:12Z" duration-ms="47445">
    <groups>
      <group name="cucumber">
        <method signature="AbstractTestNGCucumberTests.feature(cucumber.api.testng.CucumberFeatureWrapper)[pri:0, instance:com.cucumber.TestRunner.UserInternalPrintingByUploadingWithInvalidIssueYearandMonthRunner@505fc5a4]" name="feature" class="cucumber.api.testng.AbstractTestNGCucumberTests"/>
      </group> <!-- cucumber -->
    </groups>
    <test started-at="2024-03-28T05:34:25Z" name="ChromeBrowser" finished-at="2024-03-28T05:35:12Z" duration-ms="47445">
      <class name="com.cucumber.TestRunner.UserInternalPrintingByUploadingWithInvalidIssueYearandMonthRunner">
        <test-method is-config="true" signature="setUpClass()[pri:0, instance:com.cucumber.TestRunner.UserInternalPrintingByUploadingWithInvalidIssueYearandMonthRunner@505fc5a4]" started-at="2024-03-28T11:04:25Z" name="setUpClass" finished-at="2024-03-28T11:04:25Z" duration-ms="522" status="PASS">
          <reporter-output>
            <line>
              <![CDATA[Completed executing following method : AbstractTestNGCucumberTests.setUpClass]]>
            </line>
          </reporter-output>
        </test-method> <!-- setUpClass -->
        <test-method is-config="true" signature="beforeclass(java.lang.String)[pri:0, instance:com.cucumber.TestRunner.UserInternalPrintingByUploadingWithInvalidIssueYearandMonthRunner@505fc5a4]" started-at="2024-03-28T11:04:25Z" name="beforeclass" finished-at="2024-03-28T11:04:29Z" duration-ms="3987" status="PASS">
          <params>
            <param index="0">
              <value>
                <![CDATA[chrome]]>
              </value>
            </param>
          </params>
          <reporter-output>
            <line>
              <![CDATA[Completed executing following method : UserInternalPrintingByUploadingWithInvalidIssueYearandMonthRunner.beforeclass]]>
            </line>
          </reporter-output>
        </test-method> <!-- beforeclass -->
        <test-method signature="feature(cucumber.api.testng.CucumberFeatureWrapper)[pri:0, instance:com.cucumber.TestRunner.UserInternalPrintingByUploadingWithInvalidIssueYearandMonthRunner@505fc5a4]" started-at="2024-03-28T11:04:29Z" name="feature" description="Runs Cucumber Feature" data-provider="features" finished-at="2024-03-28T11:05:11Z" duration-ms="41880" status="PASS">
          <params>
            <param index="0">
              <value>
                <![CDATA[Institution User - Check the flow of Internal Printing with upload the CSV file with invalid issue year and month]]>
              </value>
            </param>
          </params>
          <reporter-output>
            <line>
              <![CDATA[Completed executing following method : AbstractTestNGCucumberTests.feature]]>
            </line>
            <line>
              <![CDATA[Test Method resides in com.cucumber.TestRunner.UserInternalPrintingByUploadingWithInvalidIssueYearandMonthRunner]]>
            </line>
            <line>
              <![CDATA[Test Method had the following parameters : nullInstitution User - Check the flow of Internal Printing with upload the CSV file with invalid issue year and month,]]>
            </line>
            <line>
              <![CDATA[Test Status: Pass]]>
            </line>
          </reporter-output>
        </test-method> <!-- feature -->
        <test-method is-config="true" signature="testDownClass()[pri:0, instance:com.cucumber.TestRunner.UserInternalPrintingByUploadingWithInvalidIssueYearandMonthRunner@505fc5a4]" started-at="2024-03-28T11:05:11Z" name="testDownClass" finished-at="2024-03-28T11:05:12Z" duration-ms="276" status="PASS">
          <reporter-output>
            <line>
              <![CDATA[Completed executing following method : UserInternalPrintingByUploadingWithInvalidIssueYearandMonthRunner.testDownClass]]>
            </line>
          </reporter-output>
        </test-method> <!-- testDownClass -->
        <test-method is-config="true" signature="tearDownClass()[pri:0, instance:com.cucumber.TestRunner.UserInternalPrintingByUploadingWithInvalidIssueYearandMonthRunner@505fc5a4]" started-at="2024-03-28T11:05:12Z" name="tearDownClass" finished-at="2024-03-28T11:05:12Z" duration-ms="571" status="PASS">
          <reporter-output>
            <line>
              <![CDATA[Completed executing following method : AbstractTestNGCucumberTests.tearDownClass]]>
            </line>
          </reporter-output>
        </test-method> <!-- tearDownClass -->
      </class> <!-- com.cucumber.TestRunner.UserInternalPrintingByUploadingWithInvalidIssueYearandMonthRunner -->
    </test> <!-- ChromeBrowser -->
  </suite> <!-- Sapphirus Systems Pvt Ltd -->
</testng-results>
