<?xml version="1.0" encoding="UTF-8"?>
<testng-results total="48" passed="40" failed="8" skipped="0">
  <reporter-output>
    <line>
      <![CDATA[About to begin executing Suite Sapphirus Systems Pvt Ltd]]>
    </line>
    <line>
      <![CDATA[About to begin executing Test ChromeBrowser]]>
    </line>
    <line>
      <![CDATA[About to begin executing following method : AbstractTestNGCucumberTests.setUpClass]]>
    </line>
    <line>
      <![CDATA[Completed executing following method : AbstractTestNGCucumberTests.setUpClass]]>
    </line>
    <line>
      <![CDATA[About to begin executing following method : AdminAddCertificateNameRunner.beforeclass]]>
    </line>
    <line>
      <![CDATA[Completed executing following method : AdminAddCertificateNameRunner.beforeclass]]>
    </line>
    <line>
      <![CDATA[About to begin executing following method : AbstractTestNGCucumberTests.feature]]>
    </line>
    <line>
      <![CDATA[Completed executing following method : AbstractTestNGCucumberTests.feature]]>
    </line>
    <line>
      <![CDATA[Test Method resides in com.cucumber.TestRunner.AdminAddCertificateNameRunner]]>
    </line>
    <line>
      <![CDATA[Test Method had the following parameters : nullInstitution Admin - Check the flow of Certificate Names,]]>
    </line>
    <line>
      <![CDATA[Test Status: Pass]]>
    </line>
    <line>
      <![CDATA[About to begin executing following method : AdminAddCertificateNameRunner.testDownClass]]>
    </line>
    <line>
      <![CDATA[Completed executing following method : AdminAddCertificateNameRunner.testDownClass]]>
    </line>
    <line>
      <![CDATA[About to begin executing following method : AbstractTestNGCucumberTests.tearDownClass]]>
    </line>
    <line>
      <![CDATA[Completed executing following method : AbstractTestNGCucumberTests.tearDownClass]]>
    </line>
    <line>
      <![CDATA[About to begin executing following method : AbstractTestNGCucumberTests.setUpClass]]>
    </line>
    <line>
      <![CDATA[Completed executing following method : AbstractTestNGCucumberTests.setUpClass]]>
    </line>
    <line>
      <![CDATA[About to begin executing following method : AdminApplicationTitleRunner.beforeclass]]>
    </line>
    <line>
      <![CDATA[Completed executing following method : AdminApplicationTitleRunner.beforeclass]]>
    </line>
    <line>
      <![CDATA[About to begin executing following method : AbstractTestNGCucumberTests.feature]]>
    </line>
    <line>
      <![CDATA[Completed executing following method : AbstractTestNGCucumberTests.feature]]>
    </line>
    <line>
      <![CDATA[Test Method resides in com.cucumber.TestRunner.AdminApplicationTitleRunner]]>
    </line>
    <line>
      <![CDATA[Test Method had the following parameters : nullInstitution User - Check the flow of Application Title,]]>
    </line>
    <line>
      <![CDATA[Test Status: Pass]]>
    </line>
    <line>
      <![CDATA[About to begin executing following method : AdminApplicationTitleRunner.testDownClass]]>
    </line>
    <line>
      <![CDATA[Completed executing following method : AdminApplicationTitleRunner.testDownClass]]>
    </line>
    <line>
      <![CDATA[About to begin executing following method : AbstractTestNGCucumberTests.tearDownClass]]>
    </line>
    <line>
      <![CDATA[Completed executing following method : AbstractTestNGCucumberTests.tearDownClass]]>
    </line>
    <line>
      <![CDATA[About to begin executing following method : AbstractTestNGCucumberTests.setUpClass]]>
    </line>
    <line>
      <![CDATA[Completed executing following method : AbstractTestNGCucumberTests.setUpClass]]>
    </line>
    <line>
      <![CDATA[About to begin executing following method : AdminBacktotopbuttonRunner.beforeclass]]>
    </line>
    <line>
      <![CDATA[Completed executing following method : AdminBacktotopbuttonRunner.beforeclass]]>
    </line>
    <line>
      <![CDATA[About to begin executing following method : AbstractTestNGCucumberTests.feature]]>
    </line>
    <line>
      <![CDATA[Completed executing following method : AbstractTestNGCucumberTests.feature]]>
    </line>
    <line>
      <![CDATA[Test Method resides in com.cucumber.TestRunner.AdminBacktotopbuttonRunner]]>
    </line>
    <line>
      <![CDATA[Test Method had the following parameters : nullInstitution Admin - Check the flow of Back to top,]]>
    </line>
    <line>
      <![CDATA[Test Status: Pass]]>
    </line>
    <line>
      <![CDATA[About to begin executing following method : AdminBacktotopbuttonRunner.testDownClass]]>
    </line>
    <line>
      <![CDATA[Completed executing following method : AdminBacktotopbuttonRunner.testDownClass]]>
    </line>
    <line>
      <![CDATA[About to begin executing following method : AbstractTestNGCucumberTests.tearDownClass]]>
    </line>
    <line>
      <![CDATA[Completed executing following method : AbstractTestNGCucumberTests.tearDownClass]]>
    </line>
    <line>
      <![CDATA[About to begin executing following method : AbstractTestNGCucumberTests.setUpClass]]>
    </line>
    <line>
      <![CDATA[Completed executing following method : AbstractTestNGCucumberTests.setUpClass]]>
    </line>
    <line>
      <![CDATA[About to begin executing following method : AdminLaunchTheApplicationRunner.beforeclass]]>
    </line>
    <line>
      <![CDATA[Completed executing following method : AdminLaunchTheApplicationRunner.beforeclass]]>
    </line>
    <line>
      <![CDATA[About to begin executing following method : AbstractTestNGCucumberTests.feature]]>
    </line>
    <line>
      <![CDATA[Completed executing following method : AbstractTestNGCucumberTests.feature]]>
    </line>
    <line>
      <![CDATA[Test Method resides in com.cucumber.TestRunner.AdminLaunchTheApplicationRunner]]>
    </line>
    <line>
      <![CDATA[Test Method had the following parameters : nullInstitution User - Check the flow of Launch the application,]]>
    </line>
    <line>
      <![CDATA[Test Status: Pass]]>
    </line>
    <line>
      <![CDATA[About to begin executing following method : AdminLaunchTheApplicationRunner.testDownClass]]>
    </line>
    <line>
      <![CDATA[Completed executing following method : AdminLaunchTheApplicationRunner.testDownClass]]>
    </line>
    <line>
      <![CDATA[About to begin executing following method : AbstractTestNGCucumberTests.tearDownClass]]>
    </line>
    <line>
      <![CDATA[Completed executing following method : AbstractTestNGCucumberTests.tearDownClass]]>
    </line>
    <line>
      <![CDATA[About to begin executing following method : AbstractTestNGCucumberTests.setUpClass]]>
    </line>
    <line>
      <![CDATA[Completed executing following method : AbstractTestNGCucumberTests.setUpClass]]>
    </line>
    <line>
      <![CDATA[About to begin executing following method : AdminVerificationURLRunner.beforeclass]]>
    </line>
    <line>
      <![CDATA[Completed executing following method : AdminVerificationURLRunner.beforeclass]]>
    </line>
    <line>
      <![CDATA[About to begin executing following method : AbstractTestNGCucumberTests.feature]]>
    </line>
    <line>
      <![CDATA[Completed executing following method : AbstractTestNGCucumberTests.feature]]>
    </line>
    <line>
      <![CDATA[Test Method resides in com.cucumber.TestRunner.AdminVerificationURLRunner]]>
    </line>
    <line>
      <![CDATA[Test Method had the following parameters : nullInstitution Admin - Check the flow of Verification URL,]]>
    </line>
    <line>
      <![CDATA[Test Status: Pass]]>
    </line>
    <line>
      <![CDATA[About to begin executing following method : AdminVerificationURLRunner.testDownClass]]>
    </line>
    <line>
      <![CDATA[Completed executing following method : AdminVerificationURLRunner.testDownClass]]>
    </line>
    <line>
      <![CDATA[About to begin executing following method : AbstractTestNGCucumberTests.tearDownClass]]>
    </line>
    <line>
      <![CDATA[Completed executing following method : AbstractTestNGCucumberTests.tearDownClass]]>
    </line>
    <line>
      <![CDATA[About to begin executing following method : AbstractTestNGCucumberTests.setUpClass]]>
    </line>
    <line>
      <![CDATA[Completed executing following method : AbstractTestNGCucumberTests.setUpClass]]>
    </line>
    <line>
      <![CDATA[About to begin executing following method : AdminWelcomeTextRunner.beforeclass]]>
    </line>
    <line>
      <![CDATA[Completed executing following method : AdminWelcomeTextRunner.beforeclass]]>
    </line>
    <line>
      <![CDATA[About to begin executing following method : AbstractTestNGCucumberTests.feature]]>
    </line>
    <line>
      <![CDATA[Completed executing following method : AbstractTestNGCucumberTests.feature]]>
    </line>
    <line>
      <![CDATA[Test Method resides in com.cucumber.TestRunner.AdminWelcomeTextRunner]]>
    </line>
    <line>
      <![CDATA[Test Method had the following parameters : nullInstitution Admin - Check the flow of User Welcome Text,]]>
    </line>
    <line>
      <![CDATA[Test Status: Pass]]>
    </line>
    <line>
      <![CDATA[About to begin executing following method : AdminWelcomeTextRunner.testDownClass]]>
    </line>
    <line>
      <![CDATA[Completed executing following method : AdminWelcomeTextRunner.testDownClass]]>
    </line>
    <line>
      <![CDATA[About to begin executing following method : AbstractTestNGCucumberTests.tearDownClass]]>
    </line>
    <line>
      <![CDATA[Completed executing following method : AbstractTestNGCucumberTests.tearDownClass]]>
    </line>
    <line>
      <![CDATA[About to begin executing following method : AbstractTestNGCucumberTests.setUpClass]]>
    </line>
    <line>
      <![CDATA[Completed executing following method : AbstractTestNGCucumberTests.setUpClass]]>
    </line>
    <line>
      <![CDATA[About to begin executing following method : UserWelcomeTextRunner.beforeclass]]>
    </line>
    <line>
      <![CDATA[Completed executing following method : UserWelcomeTextRunner.beforeclass]]>
    </line>
    <line>
      <![CDATA[About to begin executing following method : AbstractTestNGCucumberTests.feature]]>
    </line>
    <line>
      <![CDATA[Completed executing following method : AbstractTestNGCucumberTests.feature]]>
    </line>
    <line>
      <![CDATA[Test Method resides in com.cucumber.TestRunner.UserWelcomeTextRunner]]>
    </line>
    <line>
      <![CDATA[Test Method had the following parameters : nullInstitution User - Check the flow of User Welcome Text,]]>
    </line>
    <line>
      <![CDATA[Test Status: Pass]]>
    </line>
    <line>
      <![CDATA[About to begin executing following method : UserWelcomeTextRunner.testDownClass]]>
    </line>
    <line>
      <![CDATA[Completed executing following method : UserWelcomeTextRunner.testDownClass]]>
    </line>
    <line>
      <![CDATA[About to begin executing following method : AbstractTestNGCucumberTests.tearDownClass]]>
    </line>
    <line>
      <![CDATA[Completed executing following method : AbstractTestNGCucumberTests.tearDownClass]]>
    </line>
    <line>
      <![CDATA[About to begin executing following method : AbstractTestNGCucumberTests.setUpClass]]>
    </line>
    <line>
      <![CDATA[Completed executing following method : AbstractTestNGCucumberTests.setUpClass]]>
    </line>
    <line>
      <![CDATA[About to begin executing following method : UserApplicationTitleRunner.beforeclass]]>
    </line>
    <line>
      <![CDATA[Completed executing following method : UserApplicationTitleRunner.beforeclass]]>
    </line>
    <line>
      <![CDATA[About to begin executing following method : AbstractTestNGCucumberTests.feature]]>
    </line>
    <line>
      <![CDATA[Completed executing following method : AbstractTestNGCucumberTests.feature]]>
    </line>
    <line>
      <![CDATA[Test Method resides in com.cucumber.TestRunner.UserApplicationTitleRunner]]>
    </line>
    <line>
      <![CDATA[Test Method had the following parameters : nullInstitution User - Check the flow of Application Title,]]>
    </line>
    <line>
      <![CDATA[Test Status: Pass]]>
    </line>
    <line>
      <![CDATA[About to begin executing following method : UserApplicationTitleRunner.testDownClass]]>
    </line>
    <line>
      <![CDATA[Completed executing following method : UserApplicationTitleRunner.testDownClass]]>
    </line>
    <line>
      <![CDATA[About to begin executing following method : AbstractTestNGCucumberTests.tearDownClass]]>
    </line>
    <line>
      <![CDATA[Completed executing following method : AbstractTestNGCucumberTests.tearDownClass]]>
    </line>
    <line>
      <![CDATA[About to begin executing following method : AbstractTestNGCucumberTests.setUpClass]]>
    </line>
    <line>
      <![CDATA[Completed executing following method : AbstractTestNGCucumberTests.setUpClass]]>
    </line>
    <line>
      <![CDATA[About to begin executing following method : UserBacktotopbuttonRunner.beforeclass]]>
    </line>
    <line>
      <![CDATA[Completed executing following method : UserBacktotopbuttonRunner.beforeclass]]>
    </line>
    <line>
      <![CDATA[About to begin executing following method : AbstractTestNGCucumberTests.feature]]>
    </line>
    <line>
      <![CDATA[Completed executing following method : AbstractTestNGCucumberTests.feature]]>
    </line>
    <line>
      <![CDATA[Test Method resides in com.cucumber.TestRunner.UserBacktotopbuttonRunner]]>
    </line>
    <line>
      <![CDATA[Test Method had the following parameters : nullInstitution User - Check the flow of back to top button,]]>
    </line>
    <line>
      <![CDATA[Test Status: Pass]]>
    </line>
    <line>
      <![CDATA[About to begin executing following method : UserBacktotopbuttonRunner.testDownClass]]>
    </line>
    <line>
      <![CDATA[Completed executing following method : UserBacktotopbuttonRunner.testDownClass]]>
    </line>
    <line>
      <![CDATA[About to begin executing following method : AbstractTestNGCucumberTests.tearDownClass]]>
    </line>
    <line>
      <![CDATA[Completed executing following method : AbstractTestNGCucumberTests.tearDownClass]]>
    </line>
    <line>
      <![CDATA[About to begin executing following method : AbstractTestNGCucumberTests.setUpClass]]>
    </line>
    <line>
      <![CDATA[Completed executing following method : AbstractTestNGCucumberTests.setUpClass]]>
    </line>
    <line>
      <![CDATA[About to begin executing following method : UserBulkByUploadingDOCfileRunner.beforeclass]]>
    </line>
    <line>
      <![CDATA[Completed executing following method : UserBulkByUploadingDOCfileRunner.beforeclass]]>
    </line>
    <line>
      <![CDATA[About to begin executing following method : AbstractTestNGCucumberTests.feature]]>
    </line>
    <line>
      <![CDATA[Completed executing following method : AbstractTestNGCucumberTests.feature]]>
    </line>
    <line>
      <![CDATA[Test Method resides in com.cucumber.TestRunner.UserBulkByUploadingDOCfileRunner]]>
    </line>
    <line>
      <![CDATA[Test Method had the following parameters : nullInstitution User - Check the flow of User Bulk By Uploading the DOC File,]]>
    </line>
    <line>
      <![CDATA[Test Status: Pass]]>
    </line>
    <line>
      <![CDATA[About to begin executing following method : UserBulkByUploadingDOCfileRunner.testDownClass]]>
    </line>
    <line>
      <![CDATA[Completed executing following method : UserBulkByUploadingDOCfileRunner.testDownClass]]>
    </line>
    <line>
      <![CDATA[About to begin executing following method : AbstractTestNGCucumberTests.tearDownClass]]>
    </line>
    <line>
      <![CDATA[Completed executing following method : AbstractTestNGCucumberTests.tearDownClass]]>
    </line>
    <line>
      <![CDATA[About to begin executing following method : AbstractTestNGCucumberTests.setUpClass]]>
    </line>
    <line>
      <![CDATA[Completed executing following method : AbstractTestNGCucumberTests.setUpClass]]>
    </line>
    <line>
      <![CDATA[About to begin executing following method : UserBulkByUploadingDOCXfileRunner.beforeclass]]>
    </line>
    <line>
      <![CDATA[Completed executing following method : UserBulkByUploadingDOCXfileRunner.beforeclass]]>
    </line>
    <line>
      <![CDATA[About to begin executing following method : AbstractTestNGCucumberTests.feature]]>
    </line>
    <line>
      <![CDATA[Completed executing following method : AbstractTestNGCucumberTests.feature]]>
    </line>
    <line>
      <![CDATA[Test Method resides in com.cucumber.TestRunner.UserBulkByUploadingDOCXfileRunner]]>
    </line>
    <line>
      <![CDATA[Test Method had the following parameters : nullInstitution User - Check the flow of User Bulk By Uploading the DOCX File,]]>
    </line>
    <line>
      <![CDATA[Test Status: Pass]]>
    </line>
    <line>
      <![CDATA[About to begin executing following method : UserBulkByUploadingDOCXfileRunner.testDownClass]]>
    </line>
    <line>
      <![CDATA[Completed executing following method : UserBulkByUploadingDOCXfileRunner.testDownClass]]>
    </line>
    <line>
      <![CDATA[About to begin executing following method : AbstractTestNGCucumberTests.tearDownClass]]>
    </line>
    <line>
      <![CDATA[Completed executing following method : AbstractTestNGCucumberTests.tearDownClass]]>
    </line>
    <line>
      <![CDATA[About to begin executing following method : AbstractTestNGCucumberTests.setUpClass]]>
    </line>
    <line>
      <![CDATA[Completed executing following method : AbstractTestNGCucumberTests.setUpClass]]>
    </line>
    <line>
      <![CDATA[About to begin executing following method : UserBulkByUploadingJPGfileRunner.beforeclass]]>
    </line>
    <line>
      <![CDATA[Completed executing following method : UserBulkByUploadingJPGfileRunner.beforeclass]]>
    </line>
    <line>
      <![CDATA[About to begin executing following method : AbstractTestNGCucumberTests.feature]]>
    </line>
    <line>
      <![CDATA[Completed executing following method : AbstractTestNGCucumberTests.feature]]>
    </line>
    <line>
      <![CDATA[Test Method resides in com.cucumber.TestRunner.UserBulkByUploadingJPGfileRunner]]>
    </line>
    <line>
      <![CDATA[Test Method had the following parameters : nullInstitution User - Check the flow of User Bulk By Uploading the JPG File,]]>
    </line>
    <line>
      <![CDATA[Test Status: Pass]]>
    </line>
    <line>
      <![CDATA[About to begin executing following method : UserBulkByUploadingJPGfileRunner.testDownClass]]>
    </line>
    <line>
      <![CDATA[Completed executing following method : UserBulkByUploadingJPGfileRunner.testDownClass]]>
    </line>
    <line>
      <![CDATA[About to begin executing following method : AbstractTestNGCucumberTests.tearDownClass]]>
    </line>
    <line>
      <![CDATA[Completed executing following method : AbstractTestNGCucumberTests.tearDownClass]]>
    </line>
    <line>
      <![CDATA[About to begin executing following method : AbstractTestNGCucumberTests.setUpClass]]>
    </line>
    <line>
      <![CDATA[Completed executing following method : AbstractTestNGCucumberTests.setUpClass]]>
    </line>
    <line>
      <![CDATA[About to begin executing following method : UserBulkByUploadingPDFfileRunner.beforeclass]]>
    </line>
    <line>
      <![CDATA[Completed executing following method : UserBulkByUploadingPDFfileRunner.beforeclass]]>
    </line>
    <line>
      <![CDATA[About to begin executing following method : AbstractTestNGCucumberTests.feature]]>
    </line>
    <line>
      <![CDATA[Completed executing following method : AbstractTestNGCucumberTests.feature]]>
    </line>
    <line>
      <![CDATA[Test Method resides in com.cucumber.TestRunner.UserBulkByUploadingPDFfileRunner]]>
    </line>
    <line>
      <![CDATA[Test Method had the following parameters : nullInstitution User - Check the flow of User Bulk By Uploading the PDF File,]]>
    </line>
    <line>
      <![CDATA[Test Status: Failed]]>
    </line>
    <line>
      <![CDATA[About to begin executing following method : UserBulkByUploadingPDFfileRunner.testDownClass]]>
    </line>
    <line>
      <![CDATA[Completed executing following method : UserBulkByUploadingPDFfileRunner.testDownClass]]>
    </line>
    <line>
      <![CDATA[About to begin executing following method : AbstractTestNGCucumberTests.tearDownClass]]>
    </line>
    <line>
      <![CDATA[Completed executing following method : AbstractTestNGCucumberTests.tearDownClass]]>
    </line>
    <line>
      <![CDATA[About to begin executing following method : AbstractTestNGCucumberTests.setUpClass]]>
    </line>
    <line>
      <![CDATA[Completed executing following method : AbstractTestNGCucumberTests.setUpClass]]>
    </line>
    <line>
      <![CDATA[About to begin executing following method : UserBulkByUploadingJPEGfileRunner.beforeclass]]>
    </line>
    <line>
      <![CDATA[Completed executing following method : UserBulkByUploadingJPEGfileRunner.beforeclass]]>
    </line>
    <line>
      <![CDATA[About to begin executing following method : AbstractTestNGCucumberTests.feature]]>
    </line>
    <line>
      <![CDATA[Completed executing following method : AbstractTestNGCucumberTests.feature]]>
    </line>
    <line>
      <![CDATA[Test Method resides in com.cucumber.TestRunner.UserBulkByUploadingJPEGfileRunner]]>
    </line>
    <line>
      <![CDATA[Test Method had the following parameters : nullInstitution User - Check the flow of User Bulk By Uploading the JPEG File,]]>
    </line>
    <line>
      <![CDATA[Test Status: Pass]]>
    </line>
    <line>
      <![CDATA[About to begin executing following method : UserBulkByUploadingJPEGfileRunner.testDownClass]]>
    </line>
    <line>
      <![CDATA[Completed executing following method : UserBulkByUploadingJPEGfileRunner.testDownClass]]>
    </line>
    <line>
      <![CDATA[About to begin executing following method : AbstractTestNGCucumberTests.tearDownClass]]>
    </line>
    <line>
      <![CDATA[Completed executing following method : AbstractTestNGCucumberTests.tearDownClass]]>
    </line>
    <line>
      <![CDATA[About to begin executing following method : AbstractTestNGCucumberTests.setUpClass]]>
    </line>
    <line>
      <![CDATA[Completed executing following method : AbstractTestNGCucumberTests.setUpClass]]>
    </line>
    <line>
      <![CDATA[About to begin executing following method : UserBulkByUploadingCombinationOffilesRunner.beforeclass]]>
    </line>
    <line>
      <![CDATA[Completed executing following method : UserBulkByUploadingCombinationOffilesRunner.beforeclass]]>
    </line>
    <line>
      <![CDATA[About to begin executing following method : AbstractTestNGCucumberTests.feature]]>
    </line>
    <line>
      <![CDATA[Completed executing following method : AbstractTestNGCucumberTests.feature]]>
    </line>
    <line>
      <![CDATA[Test Method resides in com.cucumber.TestRunner.UserBulkByUploadingCombinationOffilesRunner]]>
    </line>
    <line>
      <![CDATA[Test Method had the following parameters : nullInstitution User - Check the flow of By uploading the files with the combination of JPG/JPEG/DOC/DOCX in Bulk Generated certificates,]]>
    </line>
    <line>
      <![CDATA[Test Status: Pass]]>
    </line>
    <line>
      <![CDATA[About to begin executing following method : UserBulkByUploadingCombinationOffilesRunner.testDownClass]]>
    </line>
    <line>
      <![CDATA[Completed executing following method : UserBulkByUploadingCombinationOffilesRunner.testDownClass]]>
    </line>
    <line>
      <![CDATA[About to begin executing following method : AbstractTestNGCucumberTests.tearDownClass]]>
    </line>
    <line>
      <![CDATA[Completed executing following method : AbstractTestNGCucumberTests.tearDownClass]]>
    </line>
    <line>
      <![CDATA[About to begin executing following method : AbstractTestNGCucumberTests.setUpClass]]>
    </line>
    <line>
      <![CDATA[Completed executing following method : AbstractTestNGCucumberTests.setUpClass]]>
    </line>
    <line>
      <![CDATA[About to begin executing following method : UserBulkDashboardLinkRunner.beforeclass]]>
    </line>
    <line>
      <![CDATA[Completed executing following method : UserBulkDashboardLinkRunner.beforeclass]]>
    </line>
    <line>
      <![CDATA[About to begin executing following method : AbstractTestNGCucumberTests.feature]]>
    </line>
    <line>
      <![CDATA[Completed executing following method : AbstractTestNGCucumberTests.feature]]>
    </line>
    <line>
      <![CDATA[Test Method resides in com.cucumber.TestRunner.UserBulkDashboardLinkRunner]]>
    </line>
    <line>
      <![CDATA[Test Method had the following parameters : nullInstitution User - Check the flow of User Bulk By Click the Dashboard link,]]>
    </line>
    <line>
      <![CDATA[Test Status: Pass]]>
    </line>
    <line>
      <![CDATA[About to begin executing following method : UserBulkDashboardLinkRunner.testDownClass]]>
    </line>
    <line>
      <![CDATA[Completed executing following method : UserBulkDashboardLinkRunner.testDownClass]]>
    </line>
    <line>
      <![CDATA[About to begin executing following method : AbstractTestNGCucumberTests.tearDownClass]]>
    </line>
    <line>
      <![CDATA[Completed executing following method : AbstractTestNGCucumberTests.tearDownClass]]>
    </line>
    <line>
      <![CDATA[About to begin executing following method : AbstractTestNGCucumberTests.setUpClass]]>
    </line>
    <line>
      <![CDATA[Completed executing following method : AbstractTestNGCucumberTests.setUpClass]]>
    </line>
    <line>
      <![CDATA[About to begin executing following method : UserBulkUploadingandRemovethefileRunner.beforeclass]]>
    </line>
    <line>
      <![CDATA[Completed executing following method : UserBulkUploadingandRemovethefileRunner.beforeclass]]>
    </line>
    <line>
      <![CDATA[About to begin executing following method : AbstractTestNGCucumberTests.feature]]>
    </line>
    <line>
      <![CDATA[Completed executing following method : AbstractTestNGCucumberTests.feature]]>
    </line>
    <line>
      <![CDATA[Test Method resides in com.cucumber.TestRunner.UserBulkUploadingandRemovethefileRunner]]>
    </line>
    <line>
      <![CDATA[Test Method had the following parameters : nullGenerateBulk,]]>
    </line>
    <line>
      <![CDATA[Test Status: Pass]]>
    </line>
    <line>
      <![CDATA[About to begin executing following method : UserBulkUploadingandRemovethefileRunner.testDownClass]]>
    </line>
    <line>
      <![CDATA[Completed executing following method : UserBulkUploadingandRemovethefileRunner.testDownClass]]>
    </line>
    <line>
      <![CDATA[About to begin executing following method : AbstractTestNGCucumberTests.tearDownClass]]>
    </line>
    <line>
      <![CDATA[Completed executing following method : AbstractTestNGCucumberTests.tearDownClass]]>
    </line>
    <line>
      <![CDATA[About to begin executing following method : AbstractTestNGCucumberTests.setUpClass]]>
    </line>
    <line>
      <![CDATA[Completed executing following method : AbstractTestNGCucumberTests.setUpClass]]>
    </line>
    <line>
      <![CDATA[About to begin executing following method : UserBulkWithoutSelectingCertificatetypeRunner.beforeclass]]>
    </line>
    <line>
      <![CDATA[Completed executing following method : UserBulkWithoutSelectingCertificatetypeRunner.beforeclass]]>
    </line>
    <line>
      <![CDATA[About to begin executing following method : AbstractTestNGCucumberTests.feature]]>
    </line>
    <line>
      <![CDATA[Completed executing following method : AbstractTestNGCucumberTests.feature]]>
    </line>
    <line>
      <![CDATA[Test Method resides in com.cucumber.TestRunner.UserBulkWithoutSelectingCertificatetypeRunner]]>
    </line>
    <line>
      <![CDATA[Test Method had the following parameters : nullInstitution User - Check the flow of User Bulk without selecting the Certificare Type,]]>
    </line>
    <line>
      <![CDATA[Test Status: Pass]]>
    </line>
    <line>
      <![CDATA[About to begin executing following method : UserBulkWithoutSelectingCertificatetypeRunner.testDownClass]]>
    </line>
    <line>
      <![CDATA[Completed executing following method : UserBulkWithoutSelectingCertificatetypeRunner.testDownClass]]>
    </line>
    <line>
      <![CDATA[About to begin executing following method : AbstractTestNGCucumberTests.tearDownClass]]>
    </line>
    <line>
      <![CDATA[Completed executing following method : AbstractTestNGCucumberTests.tearDownClass]]>
    </line>
    <line>
      <![CDATA[About to begin executing following method : AbstractTestNGCucumberTests.setUpClass]]>
    </line>
    <line>
      <![CDATA[Completed executing following method : AbstractTestNGCucumberTests.setUpClass]]>
    </line>
    <line>
      <![CDATA[About to begin executing following method : UserGenSingleBygivingFutureMonthandYearRunner.beforeclass]]>
    </line>
    <line>
      <![CDATA[Completed executing following method : UserGenSingleBygivingFutureMonthandYearRunner.beforeclass]]>
    </line>
    <line>
      <![CDATA[About to begin executing following method : AbstractTestNGCucumberTests.feature]]>
    </line>
    <line>
      <![CDATA[Completed executing following method : AbstractTestNGCucumberTests.feature]]>
    </line>
    <line>
      <![CDATA[Test Method resides in com.cucumber.TestRunner.UserGenSingleBygivingFutureMonthandYearRunner]]>
    </line>
    <line>
      <![CDATA[Test Method had the following parameters : nullInstitution User - Check the flow of User Generate Single by future year and future month,]]>
    </line>
    <line>
      <![CDATA[Test Status: Pass]]>
    </line>
    <line>
      <![CDATA[About to begin executing following method : UserGenSingleBygivingFutureMonthandYearRunner.testDownClass]]>
    </line>
    <line>
      <![CDATA[Completed executing following method : UserGenSingleBygivingFutureMonthandYearRunner.testDownClass]]>
    </line>
    <line>
      <![CDATA[About to begin executing following method : AbstractTestNGCucumberTests.tearDownClass]]>
    </line>
    <line>
      <![CDATA[Completed executing following method : AbstractTestNGCucumberTests.tearDownClass]]>
    </line>
    <line>
      <![CDATA[About to begin executing following method : AbstractTestNGCucumberTests.setUpClass]]>
    </line>
    <line>
      <![CDATA[Completed executing following method : AbstractTestNGCucumberTests.setUpClass]]>
    </line>
    <line>
      <![CDATA[About to begin executing following method : UserGenSingleByUploadingDOCfileRunner.beforeclass]]>
    </line>
    <line>
      <![CDATA[Completed executing following method : UserGenSingleByUploadingDOCfileRunner.beforeclass]]>
    </line>
    <line>
      <![CDATA[About to begin executing following method : AbstractTestNGCucumberTests.feature]]>
    </line>
    <line>
      <![CDATA[Completed executing following method : AbstractTestNGCucumberTests.feature]]>
    </line>
    <line>
      <![CDATA[Test Method resides in com.cucumber.TestRunner.UserGenSingleByUploadingDOCfileRunner]]>
    </line>
    <line>
      <![CDATA[Test Method had the following parameters : nullInstitution User - Check the flow of User Generate Single by uploading DOC file,]]>
    </line>
    <line>
      <![CDATA[Test Status: Failed]]>
    </line>
    <line>
      <![CDATA[About to begin executing following method : UserGenSingleByUploadingDOCfileRunner.testDownClass]]>
    </line>
    <line>
      <![CDATA[Completed executing following method : UserGenSingleByUploadingDOCfileRunner.testDownClass]]>
    </line>
    <line>
      <![CDATA[About to begin executing following method : AbstractTestNGCucumberTests.tearDownClass]]>
    </line>
    <line>
      <![CDATA[Completed executing following method : AbstractTestNGCucumberTests.tearDownClass]]>
    </line>
    <line>
      <![CDATA[About to begin executing following method : AbstractTestNGCucumberTests.setUpClass]]>
    </line>
    <line>
      <![CDATA[Completed executing following method : AbstractTestNGCucumberTests.setUpClass]]>
    </line>
    <line>
      <![CDATA[About to begin executing following method : UserGenSingleByUploadingDOCXfileRunner.beforeclass]]>
    </line>
    <line>
      <![CDATA[Completed executing following method : UserGenSingleByUploadingDOCXfileRunner.beforeclass]]>
    </line>
    <line>
      <![CDATA[About to begin executing following method : AbstractTestNGCucumberTests.feature]]>
    </line>
    <line>
      <![CDATA[Completed executing following method : AbstractTestNGCucumberTests.feature]]>
    </line>
    <line>
      <![CDATA[Test Method resides in com.cucumber.TestRunner.UserGenSingleByUploadingDOCXfileRunner]]>
    </line>
    <line>
      <![CDATA[Test Method had the following parameters : nullInstitution User - Check the flow of User Generate Single by uploading DOCX file,]]>
    </line>
    <line>
      <![CDATA[Test Status: Failed]]>
    </line>
    <line>
      <![CDATA[About to begin executing following method : UserGenSingleByUploadingDOCXfileRunner.testDownClass]]>
    </line>
    <line>
      <![CDATA[Completed executing following method : UserGenSingleByUploadingDOCXfileRunner.testDownClass]]>
    </line>
    <line>
      <![CDATA[About to begin executing following method : AbstractTestNGCucumberTests.tearDownClass]]>
    </line>
    <line>
      <![CDATA[Completed executing following method : AbstractTestNGCucumberTests.tearDownClass]]>
    </line>
    <line>
      <![CDATA[About to begin executing following method : AbstractTestNGCucumberTests.setUpClass]]>
    </line>
    <line>
      <![CDATA[Completed executing following method : AbstractTestNGCucumberTests.setUpClass]]>
    </line>
    <line>
      <![CDATA[About to begin executing following method : UserGenSingleByUploadingJPGfileRunner.beforeclass]]>
    </line>
    <line>
      <![CDATA[Completed executing following method : UserGenSingleByUploadingJPGfileRunner.beforeclass]]>
    </line>
    <line>
      <![CDATA[About to begin executing following method : AbstractTestNGCucumberTests.feature]]>
    </line>
    <line>
      <![CDATA[Completed executing following method : AbstractTestNGCucumberTests.feature]]>
    </line>
    <line>
      <![CDATA[Test Method resides in com.cucumber.TestRunner.UserGenSingleByUploadingJPGfileRunner]]>
    </line>
    <line>
      <![CDATA[Test Method had the following parameters : nullInstitution User - Check the flow of User Generate Single by uploading JPG file,]]>
    </line>
    <line>
      <![CDATA[Test Status: Failed]]>
    </line>
    <line>
      <![CDATA[About to begin executing following method : UserGenSingleByUploadingJPGfileRunner.testDownClass]]>
    </line>
    <line>
      <![CDATA[Completed executing following method : UserGenSingleByUploadingJPGfileRunner.testDownClass]]>
    </line>
    <line>
      <![CDATA[About to begin executing following method : AbstractTestNGCucumberTests.tearDownClass]]>
    </line>
    <line>
      <![CDATA[Completed executing following method : AbstractTestNGCucumberTests.tearDownClass]]>
    </line>
    <line>
      <![CDATA[About to begin executing following method : AbstractTestNGCucumberTests.setUpClass]]>
    </line>
    <line>
      <![CDATA[Completed executing following method : AbstractTestNGCucumberTests.setUpClass]]>
    </line>
    <line>
      <![CDATA[About to begin executing following method : UserGenSingleEmailWithMultipleSpecialcharectersRunner.beforeclass]]>
    </line>
    <line>
      <![CDATA[Completed executing following method : UserGenSingleEmailWithMultipleSpecialcharectersRunner.beforeclass]]>
    </line>
    <line>
      <![CDATA[About to begin executing following method : AbstractTestNGCucumberTests.feature]]>
    </line>
    <line>
      <![CDATA[Completed executing following method : AbstractTestNGCucumberTests.feature]]>
    </line>
    <line>
      <![CDATA[Test Method resides in com.cucumber.TestRunner.UserGenSingleEmailWithMultipleSpecialcharectersRunner]]>
    </line>
    <line>
      <![CDATA[Test Method had the following parameters : nullInstitution User - Check the flow of User Generate Single with multiple special charecters,]]>
    </line>
    <line>
      <![CDATA[Test Status: Pass]]>
    </line>
    <line>
      <![CDATA[About to begin executing following method : UserGenSingleEmailWithMultipleSpecialcharectersRunner.testDownClass]]>
    </line>
    <line>
      <![CDATA[Completed executing following method : UserGenSingleEmailWithMultipleSpecialcharectersRunner.testDownClass]]>
    </line>
    <line>
      <![CDATA[About to begin executing following method : AbstractTestNGCucumberTests.tearDownClass]]>
    </line>
    <line>
      <![CDATA[Completed executing following method : AbstractTestNGCucumberTests.tearDownClass]]>
    </line>
    <line>
      <![CDATA[About to begin executing following method : AbstractTestNGCucumberTests.setUpClass]]>
    </line>
    <line>
      <![CDATA[Completed executing following method : AbstractTestNGCucumberTests.setUpClass]]>
    </line>
    <line>
      <![CDATA[About to begin executing following method : UserGenSingleMobileWithAbove10digitsRunner.beforeclass]]>
    </line>
    <line>
      <![CDATA[Completed executing following method : UserGenSingleMobileWithAbove10digitsRunner.beforeclass]]>
    </line>
    <line>
      <![CDATA[About to begin executing following method : AbstractTestNGCucumberTests.feature]]>
    </line>
    <line>
      <![CDATA[Completed executing following method : AbstractTestNGCucumberTests.feature]]>
    </line>
    <line>
      <![CDATA[Test Method resides in com.cucumber.TestRunner.UserGenSingleMobileWithAbove10digitsRunner]]>
    </line>
    <line>
      <![CDATA[Test Method had the following parameters : nullInstitution User - Check the flow of User Generate Single Mobile Number With above 10 digits,]]>
    </line>
    <line>
      <![CDATA[Test Status: Pass]]>
    </line>
    <line>
      <![CDATA[About to begin executing following method : UserGenSingleMobileWithAbove10digitsRunner.testDownClass]]>
    </line>
    <line>
      <![CDATA[Completed executing following method : UserGenSingleMobileWithAbove10digitsRunner.testDownClass]]>
    </line>
    <line>
      <![CDATA[About to begin executing following method : AbstractTestNGCucumberTests.tearDownClass]]>
    </line>
    <line>
      <![CDATA[Completed executing following method : AbstractTestNGCucumberTests.tearDownClass]]>
    </line>
    <line>
      <![CDATA[About to begin executing following method : AbstractTestNGCucumberTests.setUpClass]]>
    </line>
    <line>
      <![CDATA[Completed executing following method : AbstractTestNGCucumberTests.setUpClass]]>
    </line>
    <line>
      <![CDATA[About to begin executing following method : UserGenSingleMobileWithless10digitsRunner.beforeclass]]>
    </line>
    <line>
      <![CDATA[Completed executing following method : UserGenSingleMobileWithless10digitsRunner.beforeclass]]>
    </line>
    <line>
      <![CDATA[About to begin executing following method : AbstractTestNGCucumberTests.feature]]>
    </line>
    <line>
      <![CDATA[Completed executing following method : AbstractTestNGCucumberTests.feature]]>
    </line>
    <line>
      <![CDATA[Test Method resides in com.cucumber.TestRunner.UserGenSingleMobileWithless10digitsRunner]]>
    </line>
    <line>
      <![CDATA[Test Method had the following parameters : nullInstitution User - Check the flow of User Generate Single Mobile Number With Less than 10 digits,]]>
    </line>
    <line>
      <![CDATA[Test Status: Pass]]>
    </line>
    <line>
      <![CDATA[About to begin executing following method : UserGenSingleMobileWithless10digitsRunner.testDownClass]]>
    </line>
    <line>
      <![CDATA[Completed executing following method : UserGenSingleMobileWithless10digitsRunner.testDownClass]]>
    </line>
    <line>
      <![CDATA[About to begin executing following method : AbstractTestNGCucumberTests.tearDownClass]]>
    </line>
    <line>
      <![CDATA[Completed executing following method : AbstractTestNGCucumberTests.tearDownClass]]>
    </line>
    <line>
      <![CDATA[About to begin executing following method : AbstractTestNGCucumberTests.setUpClass]]>
    </line>
    <line>
      <![CDATA[Completed executing following method : AbstractTestNGCucumberTests.setUpClass]]>
    </line>
    <line>
      <![CDATA[About to begin executing following method : UserInternalPrintingCSVFileStudentEmailWithAlphabetsandNumericsRunner.beforeclass]]>
    </line>
    <line>
      <![CDATA[Completed executing following method : UserInternalPrintingCSVFileStudentEmailWithAlphabetsandNumericsRunner.beforeclass]]>
    </line>
    <line>
      <![CDATA[About to begin executing following method : AbstractTestNGCucumberTests.feature]]>
    </line>
    <line>
      <![CDATA[Completed executing following method : AbstractTestNGCucumberTests.feature]]>
    </line>
    <line>
      <![CDATA[Test Method resides in com.cucumber.TestRunner.UserInternalPrintingCSVFileStudentEmailWithAlphabetsandNumericsRunner]]>
    </line>
    <line>
      <![CDATA[Test Method had the following parameters : nullInstitution User - Check the flow of User Internal Printing CSV File Student Email With AlphabetsandNumerics,]]>
    </line>
    <line>
      <![CDATA[Test Status: Pass]]>
    </line>
    <line>
      <![CDATA[About to begin executing following method : UserInternalPrintingCSVFileStudentEmailWithAlphabetsandNumericsRunner.testDownClass]]>
    </line>
    <line>
      <![CDATA[Completed executing following method : UserInternalPrintingCSVFileStudentEmailWithAlphabetsandNumericsRunner.testDownClass]]>
    </line>
    <line>
      <![CDATA[About to begin executing following method : AbstractTestNGCucumberTests.tearDownClass]]>
    </line>
    <line>
      <![CDATA[Completed executing following method : AbstractTestNGCucumberTests.tearDownClass]]>
    </line>
    <line>
      <![CDATA[About to begin executing following method : AbstractTestNGCucumberTests.setUpClass]]>
    </line>
    <line>
      <![CDATA[Completed executing following method : AbstractTestNGCucumberTests.setUpClass]]>
    </line>
    <line>
      <![CDATA[About to begin executing following method : UserInternalPrintingCSVFileStudentEmailWithoutSpecialCharectersRunner.beforeclass]]>
    </line>
    <line>
      <![CDATA[Completed executing following method : UserInternalPrintingCSVFileStudentEmailWithoutSpecialCharectersRunner.beforeclass]]>
    </line>
    <line>
      <![CDATA[About to begin executing following method : AbstractTestNGCucumberTests.feature]]>
    </line>
    <line>
      <![CDATA[Completed executing following method : AbstractTestNGCucumberTests.feature]]>
    </line>
    <line>
      <![CDATA[Test Method resides in com.cucumber.TestRunner.UserInternalPrintingCSVFileStudentEmailWithoutSpecialCharectersRunner]]>
    </line>
    <line>
      <![CDATA[Test Method had the following parameters : nullInstitution User - Check the flow of User Internal Printing CSV File Student Email Without Special Charecters,]]>
    </line>
    <line>
      <![CDATA[Test Status: Pass]]>
    </line>
    <line>
      <![CDATA[About to begin executing following method : UserInternalPrintingCSVFileStudentEmailWithoutSpecialCharectersRunner.testDownClass]]>
    </line>
    <line>
      <![CDATA[Completed executing following method : UserInternalPrintingCSVFileStudentEmailWithoutSpecialCharectersRunner.testDownClass]]>
    </line>
    <line>
      <![CDATA[About to begin executing following method : AbstractTestNGCucumberTests.tearDownClass]]>
    </line>
    <line>
      <![CDATA[Completed executing following method : AbstractTestNGCucumberTests.tearDownClass]]>
    </line>
    <line>
      <![CDATA[About to begin executing following method : AbstractTestNGCucumberTests.setUpClass]]>
    </line>
    <line>
      <![CDATA[Completed executing following method : AbstractTestNGCucumberTests.setUpClass]]>
    </line>
    <line>
      <![CDATA[About to begin executing following method : UserInternalPrintingCSVFileStudentEmailWithSpacesandDotsRunner.beforeclass]]>
    </line>
    <line>
      <![CDATA[Completed executing following method : UserInternalPrintingCSVFileStudentEmailWithSpacesandDotsRunner.beforeclass]]>
    </line>
    <line>
      <![CDATA[About to begin executing following method : AbstractTestNGCucumberTests.feature]]>
    </line>
    <line>
      <![CDATA[Completed executing following method : AbstractTestNGCucumberTests.feature]]>
    </line>
    <line>
      <![CDATA[Test Method resides in com.cucumber.TestRunner.UserInternalPrintingCSVFileStudentEmailWithSpacesandDotsRunner]]>
    </line>
    <line>
      <![CDATA[Test Method had the following parameters : nullInstitution User - Check the flow of User Internal Printing CSV File Student Email With Spaces&Dots,]]>
    </line>
    <line>
      <![CDATA[Test Status: Pass]]>
    </line>
    <line>
      <![CDATA[About to begin executing following method : UserInternalPrintingCSVFileStudentEmailWithSpacesandDotsRunner.testDownClass]]>
    </line>
    <line>
      <![CDATA[Completed executing following method : UserInternalPrintingCSVFileStudentEmailWithSpacesandDotsRunner.testDownClass]]>
    </line>
    <line>
      <![CDATA[About to begin executing following method : AbstractTestNGCucumberTests.tearDownClass]]>
    </line>
    <line>
      <![CDATA[Completed executing following method : AbstractTestNGCucumberTests.tearDownClass]]>
    </line>
    <line>
      <![CDATA[About to begin executing following method : AbstractTestNGCucumberTests.setUpClass]]>
    </line>
    <line>
      <![CDATA[Completed executing following method : AbstractTestNGCucumberTests.setUpClass]]>
    </line>
    <line>
      <![CDATA[About to begin executing following method : UserInternalPrintingCSVFileWithoutAcademicReferenceNumberRunner.beforeclass]]>
    </line>
    <line>
      <![CDATA[Completed executing following method : UserInternalPrintingCSVFileWithoutAcademicReferenceNumberRunner.beforeclass]]>
    </line>
    <line>
      <![CDATA[About to begin executing following method : AbstractTestNGCucumberTests.feature]]>
    </line>
    <line>
      <![CDATA[Completed executing following method : AbstractTestNGCucumberTests.feature]]>
    </line>
    <line>
      <![CDATA[Test Method resides in com.cucumber.TestRunner.UserInternalPrintingCSVFileWithoutAcademicReferenceNumberRunner]]>
    </line>
    <line>
      <![CDATA[Test Method had the following parameters : nullInstitution User - Check the flow of User Internal Printing CSV File without Academic Reference Number,]]>
    </line>
    <line>
      <![CDATA[Test Status: Pass]]>
    </line>
    <line>
      <![CDATA[About to begin executing following method : UserInternalPrintingCSVFileWithoutAcademicReferenceNumberRunner.testDownClass]]>
    </line>
    <line>
      <![CDATA[Completed executing following method : UserInternalPrintingCSVFileWithoutAcademicReferenceNumberRunner.testDownClass]]>
    </line>
    <line>
      <![CDATA[About to begin executing following method : AbstractTestNGCucumberTests.tearDownClass]]>
    </line>
    <line>
      <![CDATA[Completed executing following method : AbstractTestNGCucumberTests.tearDownClass]]>
    </line>
    <line>
      <![CDATA[About to begin executing following method : AbstractTestNGCucumberTests.setUpClass]]>
    </line>
    <line>
      <![CDATA[Completed executing following method : AbstractTestNGCucumberTests.setUpClass]]>
    </line>
    <line>
      <![CDATA[About to begin executing following method : UserInternalPrintingCSVFileWithSpacesandDotsinAcademicReferenceNumberRunner.beforeclass]]>
    </line>
    <line>
      <![CDATA[Completed executing following method : UserInternalPrintingCSVFileWithSpacesandDotsinAcademicReferenceNumberRunner.beforeclass]]>
    </line>
    <line>
      <![CDATA[About to begin executing following method : AbstractTestNGCucumberTests.feature]]>
    </line>
    <line>
      <![CDATA[Completed executing following method : AbstractTestNGCucumberTests.feature]]>
    </line>
    <line>
      <![CDATA[Test Method resides in com.cucumber.TestRunner.UserInternalPrintingCSVFileWithSpacesandDotsinAcademicReferenceNumberRunner]]>
    </line>
    <line>
      <![CDATA[Test Method had the following parameters : nullInstitution User - Check the flow of User Internal Printing CSV file Academic Reference Number With Spaces&Dots,]]>
    </line>
    <line>
      <![CDATA[Test Status: Pass]]>
    </line>
    <line>
      <![CDATA[About to begin executing following method : UserInternalPrintingCSVFileWithSpacesandDotsinAcademicReferenceNumberRunner.testDownClass]]>
    </line>
    <line>
      <![CDATA[Completed executing following method : UserInternalPrintingCSVFileWithSpacesandDotsinAcademicReferenceNumberRunner.testDownClass]]>
    </line>
    <line>
      <![CDATA[About to begin executing following method : AbstractTestNGCucumberTests.tearDownClass]]>
    </line>
    <line>
      <![CDATA[Completed executing following method : AbstractTestNGCucumberTests.tearDownClass]]>
    </line>
    <line>
      <![CDATA[About to begin executing following method : AbstractTestNGCucumberTests.setUpClass]]>
    </line>
    <line>
      <![CDATA[Completed executing following method : AbstractTestNGCucumberTests.setUpClass]]>
    </line>
    <line>
      <![CDATA[About to begin executing following method : UserInternalPrintingCSVFileWithSpacesandDotsRunner.beforeclass]]>
    </line>
    <line>
      <![CDATA[Completed executing following method : UserInternalPrintingCSVFileWithSpacesandDotsRunner.beforeclass]]>
    </line>
    <line>
      <![CDATA[About to begin executing following method : AbstractTestNGCucumberTests.feature]]>
    </line>
    <line>
      <![CDATA[Completed executing following method : AbstractTestNGCucumberTests.feature]]>
    </line>
    <line>
      <![CDATA[Test Method resides in com.cucumber.TestRunner.UserInternalPrintingCSVFileWithSpacesandDotsRunner]]>
    </line>
    <line>
      <![CDATA[Test Method had the following parameters : nullInstitution User - Check the flow of User Internal Printing CSV With Spaces&Dots,]]>
    </line>
    <line>
      <![CDATA[Test Status: Pass]]>
    </line>
    <line>
      <![CDATA[About to begin executing following method : UserInternalPrintingCSVFileWithSpacesandDotsRunner.testDownClass]]>
    </line>
    <line>
      <![CDATA[Completed executing following method : UserInternalPrintingCSVFileWithSpacesandDotsRunner.testDownClass]]>
    </line>
    <line>
      <![CDATA[About to begin executing following method : AbstractTestNGCucumberTests.tearDownClass]]>
    </line>
    <line>
      <![CDATA[Completed executing following method : AbstractTestNGCucumberTests.tearDownClass]]>
    </line>
    <line>
      <![CDATA[About to begin executing following method : AbstractTestNGCucumberTests.setUpClass]]>
    </line>
    <line>
      <![CDATA[Completed executing following method : AbstractTestNGCucumberTests.setUpClass]]>
    </line>
    <line>
      <![CDATA[About to begin executing following method : UserInternalPrintingwithoutuploadingCSVfileRunner.beforeclass]]>
    </line>
    <line>
      <![CDATA[Completed executing following method : UserInternalPrintingwithoutuploadingCSVfileRunner.beforeclass]]>
    </line>
    <line>
      <![CDATA[About to begin executing following method : AbstractTestNGCucumberTests.feature]]>
    </line>
    <line>
      <![CDATA[Completed executing following method : AbstractTestNGCucumberTests.feature]]>
    </line>
    <line>
      <![CDATA[Test Method resides in com.cucumber.TestRunner.UserInternalPrintingwithoutuploadingCSVfileRunner]]>
    </line>
    <line>
      <![CDATA[Test Method had the following parameters : nullInstitution User - Certificates Internal Printing WIth Out CSV,]]>
    </line>
    <line>
      <![CDATA[Test Status: Pass]]>
    </line>
    <line>
      <![CDATA[About to begin executing following method : UserInternalPrintingwithoutuploadingCSVfileRunner.testDownClass]]>
    </line>
    <line>
      <![CDATA[Completed executing following method : UserInternalPrintingwithoutuploadingCSVfileRunner.testDownClass]]>
    </line>
    <line>
      <![CDATA[About to begin executing following method : AbstractTestNGCucumberTests.tearDownClass]]>
    </line>
    <line>
      <![CDATA[Completed executing following method : AbstractTestNGCucumberTests.tearDownClass]]>
    </line>
    <line>
      <![CDATA[About to begin executing following method : AbstractTestNGCucumberTests.setUpClass]]>
    </line>
    <line>
      <![CDATA[Completed executing following method : AbstractTestNGCucumberTests.setUpClass]]>
    </line>
    <line>
      <![CDATA[About to begin executing following method : UserLaunchTheApplicationRunner.beforeclass]]>
    </line>
    <line>
      <![CDATA[Completed executing following method : UserLaunchTheApplicationRunner.beforeclass]]>
    </line>
    <line>
      <![CDATA[About to begin executing following method : AbstractTestNGCucumberTests.feature]]>
    </line>
    <line>
      <![CDATA[Completed executing following method : AbstractTestNGCucumberTests.feature]]>
    </line>
    <line>
      <![CDATA[Test Method resides in com.cucumber.TestRunner.UserLaunchTheApplicationRunner]]>
    </line>
    <line>
      <![CDATA[Test Method had the following parameters : nullInstitution User - Check the flow of Launch the application,]]>
    </line>
    <line>
      <![CDATA[Test Status: Pass]]>
    </line>
    <line>
      <![CDATA[About to begin executing following method : UserLaunchTheApplicationRunner.testDownClass]]>
    </line>
    <line>
      <![CDATA[Completed executing following method : UserLaunchTheApplicationRunner.testDownClass]]>
    </line>
    <line>
      <![CDATA[About to begin executing following method : AbstractTestNGCucumberTests.tearDownClass]]>
    </line>
    <line>
      <![CDATA[Completed executing following method : AbstractTestNGCucumberTests.tearDownClass]]>
    </line>
    <line>
      <![CDATA[About to begin executing following method : AbstractTestNGCucumberTests.setUpClass]]>
    </line>
    <line>
      <![CDATA[Completed executing following method : AbstractTestNGCucumberTests.setUpClass]]>
    </line>
    <line>
      <![CDATA[About to begin executing following method : UserRecentCertificateGenerationsandVerificationsOriginalCertificatesRunner.beforeclass]]>
    </line>
    <line>
      <![CDATA[Completed executing following method : UserRecentCertificateGenerationsandVerificationsOriginalCertificatesRunner.beforeclass]]>
    </line>
    <line>
      <![CDATA[About to begin executing following method : AbstractTestNGCucumberTests.feature]]>
    </line>
    <line>
      <![CDATA[Completed executing following method : AbstractTestNGCucumberTests.feature]]>
    </line>
    <line>
      <![CDATA[Test Method resides in com.cucumber.TestRunner.UserRecentCertificateGenerationsandVerificationsOriginalCertificatesRunner]]>
    </line>
    <line>
      <![CDATA[Test Method had the following parameters : nullInstitution User - Check the flow of Recent Certificate GenerationsandVerification Original Certificates,]]>
    </line>
    <line>
      <![CDATA[Test Status: Pass]]>
    </line>
    <line>
      <![CDATA[About to begin executing following method : UserRecentCertificateGenerationsandVerificationsOriginalCertificatesRunner.testDownClass]]>
    </line>
    <line>
      <![CDATA[Completed executing following method : UserRecentCertificateGenerationsandVerificationsOriginalCertificatesRunner.testDownClass]]>
    </line>
    <line>
      <![CDATA[About to begin executing following method : AbstractTestNGCucumberTests.tearDownClass]]>
    </line>
    <line>
      <![CDATA[Completed executing following method : AbstractTestNGCucumberTests.tearDownClass]]>
    </line>
    <line>
      <![CDATA[About to begin executing following method : AbstractTestNGCucumberTests.setUpClass]]>
    </line>
    <line>
      <![CDATA[Completed executing following method : AbstractTestNGCucumberTests.setUpClass]]>
    </line>
    <line>
      <![CDATA[About to begin executing following method : UserRecentCertificateGenerationsandVerificationsQRCodeRunner.beforeclass]]>
    </line>
    <line>
      <![CDATA[Completed executing following method : UserRecentCertificateGenerationsandVerificationsQRCodeRunner.beforeclass]]>
    </line>
    <line>
      <![CDATA[About to begin executing following method : AbstractTestNGCucumberTests.feature]]>
    </line>
    <line>
      <![CDATA[Completed executing following method : AbstractTestNGCucumberTests.feature]]>
    </line>
    <line>
      <![CDATA[Test Method resides in com.cucumber.TestRunner.UserRecentCertificateGenerationsandVerificationsQRCodeRunner]]>
    </line>
    <line>
      <![CDATA[Test Method had the following parameters : nullInstitution User - Check the flow of Recent Certificate GenerationsandVerification Download QR Code,]]>
    </line>
    <line>
      <![CDATA[Test Status: Pass]]>
    </line>
    <line>
      <![CDATA[About to begin executing following method : UserRecentCertificateGenerationsandVerificationsQRCodeRunner.testDownClass]]>
    </line>
    <line>
      <![CDATA[Completed executing following method : UserRecentCertificateGenerationsandVerificationsQRCodeRunner.testDownClass]]>
    </line>
    <line>
      <![CDATA[About to begin executing following method : AbstractTestNGCucumberTests.tearDownClass]]>
    </line>
    <line>
      <![CDATA[Completed executing following method : AbstractTestNGCucumberTests.tearDownClass]]>
    </line>
    <line>
      <![CDATA[About to begin executing following method : AbstractTestNGCucumberTests.setUpClass]]>
    </line>
    <line>
      <![CDATA[Completed executing following method : AbstractTestNGCucumberTests.setUpClass]]>
    </line>
    <line>
      <![CDATA[About to begin executing following method : UserRecentCertificateGenerationsRunner.beforeclass]]>
    </line>
    <line>
      <![CDATA[Completed executing following method : UserRecentCertificateGenerationsRunner.beforeclass]]>
    </line>
    <line>
      <![CDATA[About to begin executing following method : AbstractTestNGCucumberTests.feature]]>
    </line>
    <line>
      <![CDATA[Completed executing following method : AbstractTestNGCucumberTests.feature]]>
    </line>
    <line>
      <![CDATA[Test Method resides in com.cucumber.TestRunner.UserRecentCertificateGenerationsRunner]]>
    </line>
    <line>
      <![CDATA[Test Method had the following parameters : nullInstitution User - Check the flow of Recent Certificate Generations,]]>
    </line>
    <line>
      <![CDATA[Test Status: Pass]]>
    </line>
    <line>
      <![CDATA[About to begin executing following method : UserRecentCertificateGenerationsRunner.testDownClass]]>
    </line>
    <line>
      <![CDATA[Completed executing following method : UserRecentCertificateGenerationsRunner.testDownClass]]>
    </line>
    <line>
      <![CDATA[About to begin executing following method : AbstractTestNGCucumberTests.tearDownClass]]>
    </line>
    <line>
      <![CDATA[Completed executing following method : AbstractTestNGCucumberTests.tearDownClass]]>
    </line>
    <line>
      <![CDATA[About to begin executing following method : AbstractTestNGCucumberTests.setUpClass]]>
    </line>
    <line>
      <![CDATA[Completed executing following method : AbstractTestNGCucumberTests.setUpClass]]>
    </line>
    <line>
      <![CDATA[About to begin executing following method : UserRecentCertificateVerificationsRunner.beforeclass]]>
    </line>
    <line>
      <![CDATA[Completed executing following method : UserRecentCertificateVerificationsRunner.beforeclass]]>
    </line>
    <line>
      <![CDATA[About to begin executing following method : AbstractTestNGCucumberTests.feature]]>
    </line>
    <line>
      <![CDATA[Completed executing following method : AbstractTestNGCucumberTests.feature]]>
    </line>
    <line>
      <![CDATA[Test Method resides in com.cucumber.TestRunner.UserRecentCertificateVerificationsRunner]]>
    </line>
    <line>
      <![CDATA[Test Method had the following parameters : nullInstitution User - Check the flow of Recent Certificate Verifiecations,]]>
    </line>
    <line>
      <![CDATA[Test Status: Failed]]>
    </line>
    <line>
      <![CDATA[About to begin executing following method : UserRecentCertificateVerificationsRunner.testDownClass]]>
    </line>
    <line>
      <![CDATA[Completed executing following method : UserRecentCertificateVerificationsRunner.testDownClass]]>
    </line>
    <line>
      <![CDATA[About to begin executing following method : AbstractTestNGCucumberTests.tearDownClass]]>
    </line>
    <line>
      <![CDATA[Completed executing following method : AbstractTestNGCucumberTests.tearDownClass]]>
    </line>
    <line>
      <![CDATA[About to begin executing following method : AbstractTestNGCucumberTests.setUpClass]]>
    </line>
    <line>
      <![CDATA[Completed executing following method : AbstractTestNGCucumberTests.setUpClass]]>
    </line>
    <line>
      <![CDATA[About to begin executing following method : UserGuidelinesRunner.beforeclass]]>
    </line>
    <line>
      <![CDATA[Completed executing following method : UserGuidelinesRunner.beforeclass]]>
    </line>
    <line>
      <![CDATA[About to begin executing following method : AbstractTestNGCucumberTests.feature]]>
    </line>
    <line>
      <![CDATA[Completed executing following method : AbstractTestNGCucumberTests.feature]]>
    </line>
    <line>
      <![CDATA[Test Method resides in com.cucumber.TestRunner.UserGuidelinesRunner]]>
    </line>
    <line>
      <![CDATA[Test Method had the following parameters : nullInstitution User - Check the flow of Guidelines,]]>
    </line>
    <line>
      <![CDATA[Test Status: Pass]]>
    </line>
    <line>
      <![CDATA[About to begin executing following method : UserGuidelinesRunner.testDownClass]]>
    </line>
    <line>
      <![CDATA[Completed executing following method : UserGuidelinesRunner.testDownClass]]>
    </line>
    <line>
      <![CDATA[About to begin executing following method : AbstractTestNGCucumberTests.tearDownClass]]>
    </line>
    <line>
      <![CDATA[Completed executing following method : AbstractTestNGCucumberTests.tearDownClass]]>
    </line>
    <line>
      <![CDATA[About to begin executing following method : AbstractTestNGCucumberTests.setUpClass]]>
    </line>
    <line>
      <![CDATA[Completed executing following method : AbstractTestNGCucumberTests.setUpClass]]>
    </line>
    <line>
      <![CDATA[About to begin executing following method : AdminCreditsListRunner.beforeclass]]>
    </line>
    <line>
      <![CDATA[Completed executing following method : AdminCreditsListRunner.beforeclass]]>
    </line>
    <line>
      <![CDATA[About to begin executing following method : AbstractTestNGCucumberTests.feature]]>
    </line>
    <line>
      <![CDATA[Completed executing following method : AbstractTestNGCucumberTests.feature]]>
    </line>
    <line>
      <![CDATA[Test Method resides in com.cucumber.TestRunner.AdminCreditsListRunner]]>
    </line>
    <line>
      <![CDATA[Test Method had the following parameters : nullInstitution Admin - Check the flow of Credits List,]]>
    </line>
    <line>
      <![CDATA[Test Status: Pass]]>
    </line>
    <line>
      <![CDATA[About to begin executing following method : AdminCreditsListRunner.testDownClass]]>
    </line>
    <line>
      <![CDATA[Completed executing following method : AdminCreditsListRunner.testDownClass]]>
    </line>
    <line>
      <![CDATA[About to begin executing following method : AbstractTestNGCucumberTests.tearDownClass]]>
    </line>
    <line>
      <![CDATA[Completed executing following method : AbstractTestNGCucumberTests.tearDownClass]]>
    </line>
    <line>
      <![CDATA[About to begin executing following method : AbstractTestNGCucumberTests.setUpClass]]>
    </line>
    <line>
      <![CDATA[Completed executing following method : AbstractTestNGCucumberTests.setUpClass]]>
    </line>
    <line>
      <![CDATA[About to begin executing following method : AdminNewMailEditRunner.beforeclass]]>
    </line>
    <line>
      <![CDATA[Completed executing following method : AdminNewMailEditRunner.beforeclass]]>
    </line>
    <line>
      <![CDATA[About to begin executing following method : AbstractTestNGCucumberTests.feature]]>
    </line>
    <line>
      <![CDATA[Completed executing following method : AbstractTestNGCucumberTests.feature]]>
    </line>
    <line>
      <![CDATA[Test Method resides in com.cucumber.TestRunner.AdminNewMailEditRunner]]>
    </line>
    <line>
      <![CDATA[Test Method had the following parameters : nullInstitution Admin - Check the flow of New Mail Edit,]]>
    </line>
    <line>
      <![CDATA[Test Status: Failed]]>
    </line>
    <line>
      <![CDATA[About to begin executing following method : AdminNewMailEditRunner.testDownClass]]>
    </line>
    <line>
      <![CDATA[Completed executing following method : AdminNewMailEditRunner.testDownClass]]>
    </line>
    <line>
      <![CDATA[About to begin executing following method : AbstractTestNGCucumberTests.tearDownClass]]>
    </line>
    <line>
      <![CDATA[Completed executing following method : AbstractTestNGCucumberTests.tearDownClass]]>
    </line>
    <line>
      <![CDATA[About to begin executing following method : AbstractTestNGCucumberTests.setUpClass]]>
    </line>
    <line>
      <![CDATA[Completed executing following method : AbstractTestNGCucumberTests.setUpClass]]>
    </line>
    <line>
      <![CDATA[About to begin executing following method : AdminRateContractListRunner.beforeclass]]>
    </line>
    <line>
      <![CDATA[Completed executing following method : AdminRateContractListRunner.beforeclass]]>
    </line>
    <line>
      <![CDATA[About to begin executing following method : AbstractTestNGCucumberTests.feature]]>
    </line>
    <line>
      <![CDATA[Completed executing following method : AbstractTestNGCucumberTests.feature]]>
    </line>
    <line>
      <![CDATA[Test Method resides in com.cucumber.TestRunner.AdminRateContractListRunner]]>
    </line>
    <line>
      <![CDATA[Test Method had the following parameters : nullInstitution Admin - Check the flow of Rate Contrat List,]]>
    </line>
    <line>
      <![CDATA[Test Status: Failed]]>
    </line>
    <line>
      <![CDATA[About to begin executing following method : AdminRateContractListRunner.testDownClass]]>
    </line>
    <line>
      <![CDATA[Completed executing following method : AdminRateContractListRunner.testDownClass]]>
    </line>
    <line>
      <![CDATA[About to begin executing following method : AbstractTestNGCucumberTests.tearDownClass]]>
    </line>
    <line>
      <![CDATA[Completed executing following method : AbstractTestNGCucumberTests.tearDownClass]]>
    </line>
    <line>
      <![CDATA[About to begin executing following method : AbstractTestNGCucumberTests.setUpClass]]>
    </line>
    <line>
      <![CDATA[Completed executing following method : AbstractTestNGCucumberTests.setUpClass]]>
    </line>
    <line>
      <![CDATA[About to begin executing following method : AdminRecentCertificateGenerationsandVerificationsQRCodeRunner.beforeclass]]>
    </line>
    <line>
      <![CDATA[Completed executing following method : AdminRecentCertificateGenerationsandVerificationsQRCodeRunner.beforeclass]]>
    </line>
    <line>
      <![CDATA[About to begin executing following method : AbstractTestNGCucumberTests.feature]]>
    </line>
    <line>
      <![CDATA[Completed executing following method : AbstractTestNGCucumberTests.feature]]>
    </line>
    <line>
      <![CDATA[Test Method resides in com.cucumber.TestRunner.AdminRecentCertificateGenerationsandVerificationsQRCodeRunner]]>
    </line>
    <line>
      <![CDATA[Test Method had the following parameters : nullInstitution User - Check the flow of Recent Certificate GenerationsandVerification Download QR Code,]]>
    </line>
    <line>
      <![CDATA[Test Status: Pass]]>
    </line>
    <line>
      <![CDATA[About to begin executing following method : AdminRecentCertificateGenerationsandVerificationsQRCodeRunner.testDownClass]]>
    </line>
    <line>
      <![CDATA[Completed executing following method : AdminRecentCertificateGenerationsandVerificationsQRCodeRunner.testDownClass]]>
    </line>
    <line>
      <![CDATA[About to begin executing following method : AbstractTestNGCucumberTests.tearDownClass]]>
    </line>
    <line>
      <![CDATA[Completed executing following method : AbstractTestNGCucumberTests.tearDownClass]]>
    </line>
    <line>
      <![CDATA[About to begin executing following method : AbstractTestNGCucumberTests.setUpClass]]>
    </line>
    <line>
      <![CDATA[Completed executing following method : AbstractTestNGCucumberTests.setUpClass]]>
    </line>
    <line>
      <![CDATA[About to begin executing following method : AdminRecentCertificateGenerationsandVerificationsOriginalCertificatesRunner.beforeclass]]>
    </line>
    <line>
      <![CDATA[Completed executing following method : AdminRecentCertificateGenerationsandVerificationsOriginalCertificatesRunner.beforeclass]]>
    </line>
    <line>
      <![CDATA[About to begin executing following method : AbstractTestNGCucumberTests.feature]]>
    </line>
    <line>
      <![CDATA[Completed executing following method : AbstractTestNGCucumberTests.feature]]>
    </line>
    <line>
      <![CDATA[Test Method resides in com.cucumber.TestRunner.AdminRecentCertificateGenerationsandVerificationsOriginalCertificatesRunner]]>
    </line>
    <line>
      <![CDATA[Test Method had the following parameters : nullInstitution User - Check the flow of Recent Certificate GenerationsandVerifications OriginalCertificates,]]>
    </line>
    <line>
      <![CDATA[Test Status: Failed]]>
    </line>
    <line>
      <![CDATA[About to begin executing following method : AdminRecentCertificateGenerationsandVerificationsOriginalCertificatesRunner.testDownClass]]>
    </line>
    <line>
      <![CDATA[Completed executing following method : AdminRecentCertificateGenerationsandVerificationsOriginalCertificatesRunner.testDownClass]]>
    </line>
    <line>
      <![CDATA[About to begin executing following method : AbstractTestNGCucumberTests.tearDownClass]]>
    </line>
    <line>
      <![CDATA[Completed executing following method : AbstractTestNGCucumberTests.tearDownClass]]>
    </line>
    <line>
      <![CDATA[About to begin executing following method : AbstractTestNGCucumberTests.setUpClass]]>
    </line>
    <line>
      <![CDATA[Completed executing following method : AbstractTestNGCucumberTests.setUpClass]]>
    </line>
    <line>
      <![CDATA[About to begin executing following method : OrgMgmtViewInstitutionsRunner.beforeclass]]>
    </line>
    <line>
      <![CDATA[Completed executing following method : OrgMgmtViewInstitutionsRunner.beforeclass]]>
    </line>
    <line>
      <![CDATA[About to begin executing following method : AbstractTestNGCucumberTests.feature]]>
    </line>
    <line>
      <![CDATA[Completed executing following method : AbstractTestNGCucumberTests.feature]]>
    </line>
    <line>
      <![CDATA[Test Method resides in com.cucumber.TestRunner.OrgMgmtViewInstitutionsRunner]]>
    </line>
    <line>
      <![CDATA[Test Method had the following parameters : nullOrganisation Management - Check the flow of View Institutions,]]>
    </line>
    <line>
      <![CDATA[Test Status: Pass]]>
    </line>
    <line>
      <![CDATA[About to begin executing following method : OrgMgmtViewInstitutionsRunner.testDownClass]]>
    </line>
    <line>
      <![CDATA[Completed executing following method : OrgMgmtViewInstitutionsRunner.testDownClass]]>
    </line>
    <line>
      <![CDATA[About to begin executing following method : AbstractTestNGCucumberTests.tearDownClass]]>
    </line>
    <line>
      <![CDATA[Completed executing following method : AbstractTestNGCucumberTests.tearDownClass]]>
    </line>
    <line>
      <![CDATA[About to begin executing following method : AbstractTestNGCucumberTests.setUpClass]]>
    </line>
    <line>
      <![CDATA[Completed executing following method : AbstractTestNGCucumberTests.setUpClass]]>
    </line>
    <line>
      <![CDATA[About to begin executing following method : OrgSalesViewInstitutionsRunner.beforeclass]]>
    </line>
    <line>
      <![CDATA[Completed executing following method : OrgSalesViewInstitutionsRunner.beforeclass]]>
    </line>
    <line>
      <![CDATA[About to begin executing following method : AbstractTestNGCucumberTests.feature]]>
    </line>
    <line>
      <![CDATA[Completed executing following method : AbstractTestNGCucumberTests.feature]]>
    </line>
    <line>
      <![CDATA[Test Method resides in com.cucumber.TestRunner.OrgSalesViewInstitutionsRunner]]>
    </line>
    <line>
      <![CDATA[Test Method had the following parameters : nullOrganisation Sales - Check the flow of View Institutions,]]>
    </line>
    <line>
      <![CDATA[Test Status: Pass]]>
    </line>
    <line>
      <![CDATA[About to begin executing following method : OrgSalesViewInstitutionsRunner.testDownClass]]>
    </line>
    <line>
      <![CDATA[Completed executing following method : OrgSalesViewInstitutionsRunner.testDownClass]]>
    </line>
    <line>
      <![CDATA[About to begin executing following method : AbstractTestNGCucumberTests.tearDownClass]]>
    </line>
    <line>
      <![CDATA[Completed executing following method : AbstractTestNGCucumberTests.tearDownClass]]>
    </line>
    <line>
      <![CDATA[About to begin executing following method : AbstractTestNGCucumberTests.setUpClass]]>
    </line>
    <line>
      <![CDATA[Completed executing following method : AbstractTestNGCucumberTests.setUpClass]]>
    </line>
    <line>
      <![CDATA[About to begin executing following method : OrgSalesViewUserListRunner.beforeclass]]>
    </line>
    <line>
      <![CDATA[Completed executing following method : OrgSalesViewUserListRunner.beforeclass]]>
    </line>
    <line>
      <![CDATA[About to begin executing following method : AbstractTestNGCucumberTests.feature]]>
    </line>
    <line>
      <![CDATA[Completed executing following method : AbstractTestNGCucumberTests.feature]]>
    </line>
    <line>
      <![CDATA[Test Method resides in com.cucumber.TestRunner.OrgSalesViewUserListRunner]]>
    </line>
    <line>
      <![CDATA[Test Method had the following parameters : nullOrgnaisation Sales - Check the flow of View user list,]]>
    </line>
    <line>
      <![CDATA[Test Status: Pass]]>
    </line>
    <line>
      <![CDATA[About to begin executing following method : OrgSalesViewUserListRunner.testDownClass]]>
    </line>
    <line>
      <![CDATA[Completed executing following method : OrgSalesViewUserListRunner.testDownClass]]>
    </line>
    <line>
      <![CDATA[About to begin executing following method : AbstractTestNGCucumberTests.tearDownClass]]>
    </line>
    <line>
      <![CDATA[Completed executing following method : AbstractTestNGCucumberTests.tearDownClass]]>
    </line>
    <line>
      <![CDATA[About to begin executing following method : AbstractTestNGCucumberTests.setUpClass]]>
    </line>
    <line>
      <![CDATA[Completed executing following method : AbstractTestNGCucumberTests.setUpClass]]>
    </line>
    <line>
      <![CDATA[About to begin executing following method : UserVerifiedCertificatesWithoutEnablecheckboxesRunner.beforeclass]]>
    </line>
    <line>
      <![CDATA[Completed executing following method : UserVerifiedCertificatesWithoutEnablecheckboxesRunner.beforeclass]]>
    </line>
    <line>
      <![CDATA[About to begin executing following method : AbstractTestNGCucumberTests.feature]]>
    </line>
    <line>
      <![CDATA[Completed executing following method : AbstractTestNGCucumberTests.feature]]>
    </line>
    <line>
      <![CDATA[Test Method resides in com.cucumber.TestRunner.UserVerifiedCertificatesWithoutEnablecheckboxesRunner]]>
    </line>
    <line>
      <![CDATA[Test Method had the following parameters : nullTitle of your feature,]]>
    </line>
    <line>
      <![CDATA[Test Status: Pass]]>
    </line>
    <line>
      <![CDATA[About to begin executing following method : UserVerifiedCertificatesWithoutEnablecheckboxesRunner.testDownClass]]>
    </line>
    <line>
      <![CDATA[Completed executing following method : UserVerifiedCertificatesWithoutEnablecheckboxesRunner.testDownClass]]>
    </line>
    <line>
      <![CDATA[About to begin executing following method : AbstractTestNGCucumberTests.tearDownClass]]>
    </line>
    <line>
      <![CDATA[Completed executing following method : AbstractTestNGCucumberTests.tearDownClass]]>
    </line>
    <line>
      <![CDATA[About to begin executing following method : AbstractTestNGCucumberTests.setUpClass]]>
    </line>
    <line>
      <![CDATA[Completed executing following method : AbstractTestNGCucumberTests.setUpClass]]>
    </line>
    <line>
      <![CDATA[About to begin executing following method : UserVerifyCertificatesWithEmptyAcademicRefNumfieldRunner.beforeclass]]>
    </line>
    <line>
      <![CDATA[Completed executing following method : UserVerifyCertificatesWithEmptyAcademicRefNumfieldRunner.beforeclass]]>
    </line>
    <line>
      <![CDATA[About to begin executing following method : AbstractTestNGCucumberTests.feature]]>
    </line>
    <line>
      <![CDATA[Completed executing following method : AbstractTestNGCucumberTests.feature]]>
    </line>
    <line>
      <![CDATA[Test Method resides in com.cucumber.TestRunner.UserVerifyCertificatesWithEmptyAcademicRefNumfieldRunner]]>
    </line>
    <line>
      <![CDATA[Test Method had the following parameters : nullInstitution User - Check the flow of Institution User Verify Certificate with empty Academic Reference Number field,]]>
    </line>
    <line>
      <![CDATA[Test Status: Pass]]>
    </line>
    <line>
      <![CDATA[About to begin executing following method : UserVerifyCertificatesWithEmptyAcademicRefNumfieldRunner.testDownClass]]>
    </line>
    <line>
      <![CDATA[Completed executing following method : UserVerifyCertificatesWithEmptyAcademicRefNumfieldRunner.testDownClass]]>
    </line>
    <line>
      <![CDATA[About to begin executing following method : AbstractTestNGCucumberTests.tearDownClass]]>
    </line>
    <line>
      <![CDATA[Completed executing following method : AbstractTestNGCucumberTests.tearDownClass]]>
    </line>
  </reporter-output>
  <suite started-at="2024-03-20T12:28:35Z" name="Sapphirus Systems Pvt Ltd" finished-at="2024-03-20T12:53:17Z" duration-ms="1481966">
    <groups>
      <group name="cucumber">
        <method signature="AbstractTestNGCucumberTests.feature(cucumber.api.testng.CucumberFeatureWrapper)[pri:0, instance:com.cucumber.TestRunner.AdminAddCertificateNameRunner@550dbc7a]" name="feature" class="cucumber.api.testng.AbstractTestNGCucumberTests"/>
        <method signature="AbstractTestNGCucumberTests.feature(cucumber.api.testng.CucumberFeatureWrapper)[pri:0, instance:com.cucumber.TestRunner.AdminApplicationTitleRunner@21282ed8]" name="feature" class="cucumber.api.testng.AbstractTestNGCucumberTests"/>
        <method signature="AbstractTestNGCucumberTests.feature(cucumber.api.testng.CucumberFeatureWrapper)[pri:0, instance:com.cucumber.TestRunner.AdminBacktotopbuttonRunner@36916eb0]" name="feature" class="cucumber.api.testng.AbstractTestNGCucumberTests"/>
        <method signature="AbstractTestNGCucumberTests.feature(cucumber.api.testng.CucumberFeatureWrapper)[pri:0, instance:com.cucumber.TestRunner.AdminCreditsListRunner@2e6a8155]" name="feature" class="cucumber.api.testng.AbstractTestNGCucumberTests"/>
[...]
          <reporter-output>
            <line>
              <![CDATA[Completed executing following method : AdminRateContractListRunner.testDownClass]]>
            </line>
          </reporter-output>
        </test-method> <!-- testDownClass -->
        <test-method is-config="true" signature="tearDownClass()[pri:0, instance:com.cucumber.TestRunner.AdminRateContractListRunner@4a883b15]" started-at="2024-03-20T18:17:56Z" name="tearDownClass" finished-at="2024-03-20T18:17:56Z" duration-ms="84" status="PASS">
          <reporter-output>
            <line>
              <![CDATA[Completed executing following method : AbstractTestNGCucumberTests.tearDownClass]]>
            </line>
          </reporter-output>
        </test-method> <!-- tearDownClass -->
      </class> <!-- com.cucumber.TestRunner.AdminRateContractListRunner -->
      <class name="com.cucumber.TestRunner.UserRecentCertificateGenerationsRunner">
        <test-method is-config="true" signature="setUpClass()[pri:0, instance:com.cucumber.TestRunner.UserRecentCertificateGenerationsRunner@2e3967ea]" started-at="2024-03-20T18:14:51Z" name="setUpClass" finished-at="2024-03-20T18:14:52Z" duration-ms="54" status="PASS">
          <reporter-output>
            <line>
              <![CDATA[Completed executing following method : AbstractTestNGCucumberTests.setUpClass]]>
            </line>
          </reporter-output>
        </test-method> <!-- setUpClass -->
        <test-method is-config="true" signature="beforeclass(java.lang.String)[pri:0, instance:com.cucumber.TestRunner.UserRecentCertificateGenerationsRunner@2e3967ea]" started-at="2024-03-20T18:14:52Z" name="beforeclass" finished-at="2024-03-20T18:14:55Z" duration-ms="3746" status="PASS">
          <params>
            <param index="0">
              <value>
                <![CDATA[chrome]]>
              </value>
            </param>
          </params>
          <reporter-output>
            <line>
              <![CDATA[Completed executing following method : UserRecentCertificateGenerationsRunner.beforeclass]]>
            </line>
          </reporter-output>
        </test-method> <!-- beforeclass -->
        <test-method signature="feature(cucumber.api.testng.CucumberFeatureWrapper)[pri:0, instance:com.cucumber.TestRunner.UserRecentCertificateGenerationsRunner@2e3967ea]" started-at="2024-03-20T18:14:55Z" name="feature" description="Runs Cucumber Feature" data-provider="features" finished-at="2024-03-20T18:15:11Z" duration-ms="15276" status="PASS">
          <params>
            <param index="0">
              <value>
                <![CDATA[Institution User - Check the flow of Recent Certificate Generations]]>
              </value>
            </param>
          </params>
          <reporter-output>
            <line>
              <![CDATA[Completed executing following method : AbstractTestNGCucumberTests.feature]]>
            </line>
            <line>
              <![CDATA[Test Method resides in com.cucumber.TestRunner.UserRecentCertificateGenerationsRunner]]>
            </line>
            <line>
              <![CDATA[Test Method had the following parameters : nullInstitution User - Check the flow of Recent Certificate Generations,]]>
            </line>
            <line>
              <![CDATA[Test Status: Pass]]>
            </line>
          </reporter-output>
        </test-method> <!-- feature -->
        <test-method is-config="true" signature="testDownClass()[pri:0, instance:com.cucumber.TestRunner.UserRecentCertificateGenerationsRunner@2e3967ea]" started-at="2024-03-20T18:15:11Z" name="testDownClass" finished-at="2024-03-20T18:15:11Z" duration-ms="250" status="PASS">
          <reporter-output>
            <line>
              <![CDATA[Completed executing following method : UserRecentCertificateGenerationsRunner.testDownClass]]>
            </line>
          </reporter-output>
        </test-method> <!-- testDownClass -->
        <test-method is-config="true" signature="tearDownClass()[pri:0, instance:com.cucumber.TestRunner.UserRecentCertificateGenerationsRunner@2e3967ea]" started-at="2024-03-20T18:15:11Z" name="tearDownClass" finished-at="2024-03-20T18:15:11Z" duration-ms="54" status="PASS">
          <reporter-output>
            <line>
              <![CDATA[Completed executing following method : AbstractTestNGCucumberTests.tearDownClass]]>
            </line>
          </reporter-output>
        </test-method> <!-- tearDownClass -->
      </class> <!-- com.cucumber.TestRunner.UserRecentCertificateGenerationsRunner -->
      <class name="com.cucumber.TestRunner.UserInternalPrintingCSVFileStudentEmailWithAlphabetsandNumericsRunner">
        <test-method is-config="true" signature="setUpClass()[pri:0, instance:com.cucumber.TestRunner.UserInternalPrintingCSVFileStudentEmailWithAlphabetsandNumericsRunner@7db12bb6]" started-at="2024-03-20T18:11:15Z" name="setUpClass" finished-at="2024-03-20T18:11:15Z" duration-ms="42" status="PASS">
          <reporter-output>
            <line>
              <![CDATA[Completed executing following method : AbstractTestNGCucumberTests.setUpClass]]>
            </line>
          </reporter-output>
        </test-method> <!-- setUpClass -->
        <test-method is-config="true" signature="beforeclass(java.lang.String)[pri:0, instance:com.cucumber.TestRunner.UserInternalPrintingCSVFileStudentEmailWithAlphabetsandNumericsRunner@7db12bb6]" started-at="2024-03-20T18:11:15Z" name="beforeclass" finished-at="2024-03-20T18:11:18Z" duration-ms="3355" status="PASS">
          <params>
            <param index="0">
              <value>
                <![CDATA[chrome]]>
              </value>
            </param>
          </params>
          <reporter-output>
            <line>
              <![CDATA[Completed executing following method : UserInternalPrintingCSVFileStudentEmailWithAlphabetsandNumericsRunner.beforeclass]]>
            </line>
          </reporter-output>
        </test-method> <!-- beforeclass -->
        <test-method signature="feature(cucumber.api.testng.CucumberFeatureWrapper)[pri:0, instance:com.cucumber.TestRunner.UserInternalPrintingCSVFileStudentEmailWithAlphabetsandNumericsRunner@7db12bb6]" started-at="2024-03-20T18:11:18Z" name="feature" description="Runs Cucumber Feature" data-provider="features" finished-at="2024-03-20T18:11:36Z" duration-ms="17430" status="PASS">
          <params>
            <param index="0">
              <value>
                <![CDATA[Institution User - Check the flow of User Internal Printing CSV File Student Email With AlphabetsandNumerics]]>
              </value>
            </param>
          </params>
          <reporter-output>
            <line>
              <![CDATA[Completed executing following method : AbstractTestNGCucumberTests.feature]]>
            </line>
            <line>
              <![CDATA[Test Method resides in com.cucumber.TestRunner.UserInternalPrintingCSVFileStudentEmailWithAlphabetsandNumericsRunner]]>
            </line>
            <line>
              <![CDATA[Test Method had the following parameters : nullInstitution User - Check the flow of User Internal Printing CSV File Student Email With AlphabetsandNumerics,]]>
            </line>
            <line>
              <![CDATA[Test Status: Pass]]>
            </line>
          </reporter-output>
        </test-method> <!-- feature -->
        <test-method is-config="true" signature="testDownClass()[pri:0, instance:com.cucumber.TestRunner.UserInternalPrintingCSVFileStudentEmailWithAlphabetsandNumericsRunner@7db12bb6]" started-at="2024-03-20T18:11:36Z" name="testDownClass" finished-at="2024-03-20T18:11:36Z" duration-ms="374" status="PASS">
          <reporter-output>
            <line>
              <![CDATA[Completed executing following method : UserInternalPrintingCSVFileStudentEmailWithAlphabetsandNumericsRunner.testDownClass]]>
            </line>
          </reporter-output>
        </test-method> <!-- testDownClass -->
        <test-method is-config="true" signature="tearDownClass()[pri:0, instance:com.cucumber.TestRunner.UserInternalPrintingCSVFileStudentEmailWithAlphabetsandNumericsRunner@7db12bb6]" started-at="2024-03-20T18:11:36Z" name="tearDownClass" finished-at="2024-03-20T18:11:36Z" duration-ms="60" status="PASS">
          <reporter-output>
            <line>
              <![CDATA[Completed executing following method : AbstractTestNGCucumberTests.tearDownClass]]>
            </line>
          </reporter-output>
        </test-method> <!-- tearDownClass -->
      </class> <!-- com.cucumber.TestRunner.UserInternalPrintingCSVFileStudentEmailWithAlphabetsandNumericsRunner -->
      <class name="com.cucumber.TestRunner.OrgSalesViewInstitutionsRunner">
        <test-method is-config="true" signature="setUpClass()[pri:0, instance:com.cucumber.TestRunner.OrgSalesViewInstitutionsRunner@4d154ccd]" started-at="2024-03-20T18:20:17Z" name="setUpClass" finished-at="2024-03-20T18:20:17Z" duration-ms="49" status="PASS">
          <reporter-output>
            <line>
              <![CDATA[Completed executing following method : AbstractTestNGCucumberTests.setUpClass]]>
            </line>
          </reporter-output>
        </test-method> <!-- setUpClass -->
        <test-method is-config="true" signature="beforeclass(java.lang.String)[pri:0, instance:com.cucumber.TestRunner.OrgSalesViewInstitutionsRunner@4d154ccd]" started-at="2024-03-20T18:20:17Z" name="beforeclass" finished-at="2024-03-20T18:20:21Z" duration-ms="3760" status="PASS">
          <params>
            <param index="0">
              <value>
                <![CDATA[chrome]]>
              </value>
            </param>
          </params>
          <reporter-output>
            <line>
              <![CDATA[Completed executing following method : OrgSalesViewInstitutionsRunner.beforeclass]]>
            </line>
          </reporter-output>
        </test-method> <!-- beforeclass -->
        <test-method signature="feature(cucumber.api.testng.CucumberFeatureWrapper)[pri:0, instance:com.cucumber.TestRunner.OrgSalesViewInstitutionsRunner@4d154ccd]" started-at="2024-03-20T18:20:21Z" name="feature" description="Runs Cucumber Feature" data-provider="features" finished-at="2024-03-20T18:21:34Z" duration-ms="72389" status="PASS">
          <params>
            <param index="0">
              <value>
                <![CDATA[Organisation Sales - Check the flow of View Institutions]]>
              </value>
            </param>
          </params>
          <reporter-output>
            <line>
              <![CDATA[Completed executing following method : AbstractTestNGCucumberTests.feature]]>
            </line>
            <line>
              <![CDATA[Test Method resides in com.cucumber.TestRunner.OrgSalesViewInstitutionsRunner]]>
            </line>
            <line>
              <![CDATA[Test Method had the following parameters : nullOrganisation Sales - Check the flow of View Institutions,]]>
            </line>
            <line>
              <![CDATA[Test Status: Pass]]>
            </line>
          </reporter-output>
        </test-method> <!-- feature -->
        <test-method is-config="true" signature="testDownClass()[pri:0, instance:com.cucumber.TestRunner.OrgSalesViewInstitutionsRunner@4d154ccd]" started-at="2024-03-20T18:21:34Z" name="testDownClass" finished-at="2024-03-20T18:21:34Z" duration-ms="307" status="PASS">
          <reporter-output>
            <line>
              <![CDATA[Completed executing following method : OrgSalesViewInstitutionsRunner.testDownClass]]>
            </line>
          </reporter-output>
        </test-method> <!-- testDownClass -->
        <test-method is-config="true" signature="tearDownClass()[pri:0, instance:com.cucumber.TestRunner.OrgSalesViewInstitutionsRunner@4d154ccd]" started-at="2024-03-20T18:21:34Z" name="tearDownClass" finished-at="2024-03-20T18:21:34Z" duration-ms="60" status="PASS">
          <reporter-output>
            <line>
              <![CDATA[Completed executing following method : AbstractTestNGCucumberTests.tearDownClass]]>
            </line>
          </reporter-output>
        </test-method> <!-- tearDownClass -->
      </class> <!-- com.cucumber.TestRunner.OrgSalesViewInstitutionsRunner -->
      <class name="com.cucumber.TestRunner.AdminBacktotopbuttonRunner">
        <test-method is-config="true" signature="setUpClass()[pri:0, instance:com.cucumber.TestRunner.AdminBacktotopbuttonRunner@36916eb0]" started-at="2024-03-20T17:59:19Z" name="setUpClass" finished-at="2024-03-20T17:59:19Z" duration-ms="96" status="PASS">
          <reporter-output>
            <line>
              <![CDATA[Completed executing following method : AbstractTestNGCucumberTests.setUpClass]]>
            </line>
          </reporter-output>
        </test-method> <!-- setUpClass -->
        <test-method is-config="true" signature="beforeclass(java.lang.String)[pri:0, instance:com.cucumber.TestRunner.AdminBacktotopbuttonRunner@36916eb0]" started-at="2024-03-20T17:59:19Z" name="beforeclass" finished-at="2024-03-20T17:59:22Z" duration-ms="2750" status="PASS">
          <params>
            <param index="0">
              <value>
                <![CDATA[chrome]]>
              </value>
            </param>
          </params>
          <reporter-output>
            <line>
              <![CDATA[Completed executing following method : AdminBacktotopbuttonRunner.beforeclass]]>
            </line>
          </reporter-output>
        </test-method> <!-- beforeclass -->
        <test-method signature="feature(cucumber.api.testng.CucumberFeatureWrapper)[pri:0, instance:com.cucumber.TestRunner.AdminBacktotopbuttonRunner@36916eb0]" started-at="2024-03-20T17:59:22Z" name="feature" description="Runs Cucumber Feature" data-provider="features" finished-at="2024-03-20T17:59:41Z" duration-ms="18866" status="PASS">
          <params>
            <param index="0">
              <value>
                <![CDATA[Institution Admin - Check the flow of Back to top]]>
              </value>
            </param>
          </params>
          <reporter-output>
            <line>
              <![CDATA[Completed executing following method : AbstractTestNGCucumberTests.feature]]>
            </line>
            <line>
              <![CDATA[Test Method resides in com.cucumber.TestRunner.AdminBacktotopbuttonRunner]]>
            </line>
            <line>
              <![CDATA[Test Method had the following parameters : nullInstitution Admin - Check the flow of Back to top,]]>
            </line>
            <line>
              <![CDATA[Test Status: Pass]]>
            </line>
          </reporter-output>
        </test-method> <!-- feature -->
        <test-method is-config="true" signature="testDownClass()[pri:0, instance:com.cucumber.TestRunner.AdminBacktotopbuttonRunner@36916eb0]" started-at="2024-03-20T17:59:41Z" name="testDownClass" finished-at="2024-03-20T17:59:41Z" duration-ms="260" status="PASS">
          <reporter-output>
            <line>
              <![CDATA[Completed executing following method : AdminBacktotopbuttonRunner.testDownClass]]>
            </line>
          </reporter-output>
        </test-method> <!-- testDownClass -->
        <test-method is-config="true" signature="tearDownClass()[pri:0, instance:com.cucumber.TestRunner.AdminBacktotopbuttonRunner@36916eb0]" started-at="2024-03-20T17:59:41Z" name="tearDownClass" finished-at="2024-03-20T17:59:41Z" duration-ms="60" status="PASS">
          <reporter-output>
            <line>
              <![CDATA[Completed executing following method : AbstractTestNGCucumberTests.tearDownClass]]>
            </line>
          </reporter-output>
        </test-method> <!-- tearDownClass -->
      </class> <!-- com.cucumber.TestRunner.AdminBacktotopbuttonRunner -->
      <class name="com.cucumber.TestRunner.AdminRecentCertificateGenerationsandVerificationsQRCodeRunner">
        <test-method is-config="true" signature="setUpClass()[pri:0, instance:com.cucumber.TestRunner.AdminRecentCertificateGenerationsandVerificationsQRCodeRunner@7b36aa0c]" started-at="2024-03-20T18:17:56Z" name="setUpClass" finished-at="2024-03-20T18:17:57Z" duration-ms="57" status="PASS">
          <reporter-output>
            <line>
              <![CDATA[Completed executing following method : AbstractTestNGCucumberTests.setUpClass]]>
            </line>
          </reporter-output>
        </test-method> <!-- setUpClass -->
        <test-method is-config="true" signature="beforeclass(java.lang.String)[pri:0, instance:com.cucumber.TestRunner.AdminRecentCertificateGenerationsandVerificationsQRCodeRunner@7b36aa0c]" started-at="2024-03-20T18:17:57Z" name="beforeclass" finished-at="2024-03-20T18:18:00Z" duration-ms="3374" status="PASS">
          <params>
            <param index="0">
              <value>
                <![CDATA[chrome]]>
              </value>
            </param>
          </params>
          <reporter-output>
            <line>
              <![CDATA[Completed executing following method : AdminRecentCertificateGenerationsandVerificationsQRCodeRunner.beforeclass]]>
            </line>
          </reporter-output>
        </test-method> <!-- beforeclass -->
        <test-method signature="feature(cucumber.api.testng.CucumberFeatureWrapper)[pri:0, instance:com.cucumber.TestRunner.AdminRecentCertificateGenerationsandVerificationsQRCodeRunner@7b36aa0c]" started-at="2024-03-20T18:18:00Z" name="feature" description="Runs Cucumber Feature" data-provider="features" finished-at="2024-03-20T18:18:20Z" duration-ms="19871" status="PASS">
          <params>
            <param index="0">
              <value>
                <![CDATA[Institution User - Check the flow of Recent Certificate GenerationsandVerification Download QR Code]]>
              </value>
            </param>
          </params>
          <reporter-output>
            <line>
              <![CDATA[Completed executing following method : AbstractTestNGCucumberTests.feature]]>
            </line>
            <line>
              <![CDATA[Test Method resides in com.cucumber.TestRunner.AdminRecentCertificateGenerationsandVerificationsQRCodeRunner]]>
            </line>
            <line>
              <![CDATA[Test Method had the following parameters : nullInstitution User - Check the flow of Recent Certificate GenerationsandVerification Download QR Code,]]>
            </line>
            <line>
              <![CDATA[Test Status: Pass]]>
            </line>
          </reporter-output>
        </test-method> <!-- feature -->
        <test-method is-config="true" signature="testDownClass()[pri:0, instance:com.cucumber.TestRunner.AdminRecentCertificateGenerationsandVerificationsQRCodeRunner@7b36aa0c]" started-at="2024-03-20T18:18:20Z" name="testDownClass" finished-at="2024-03-20T18:18:20Z" duration-ms="291" status="PASS">
          <reporter-output>
            <line>
              <![CDATA[Completed executing following method : AdminRecentCertificateGenerationsandVerificationsQRCodeRunner.testDownClass]]>
            </line>
          </reporter-output>
        </test-method> <!-- testDownClass -->
        <test-method is-config="true" signature="tearDownClass()[pri:0, instance:com.cucumber.TestRunner.AdminRecentCertificateGenerationsandVerificationsQRCodeRunner@7b36aa0c]" started-at="2024-03-20T18:18:20Z" name="tearDownClass" finished-at="2024-03-20T18:18:20Z" duration-ms="70" status="PASS">
          <reporter-output>
            <line>
              <![CDATA[Completed executing following method : AbstractTestNGCucumberTests.tearDownClass]]>
            </line>
          </reporter-output>
        </test-method> <!-- tearDownClass -->
      </class> <!-- com.cucumber.TestRunner.AdminRecentCertificateGenerationsandVerificationsQRCodeRunner -->
    </test> <!-- ChromeBrowser -->
  </suite> <!-- Sapphirus Systems Pvt Ltd -->
</testng-results>
