<?xml version="1.0" encoding="UTF-8"?>
<testng-results total="1" passed="1" failed="0" skipped="0">
  <reporter-output>
    <line>
      <![CDATA[About to begin executing Suite Sapphirus Systems Pvt Ltd]]>
    </line>
    <line>
      <![CDATA[About to begin executing Test ChromeBrowser]]>
    </line>
    <line>
      <![CDATA[About to begin executing following method : AbstractTestNGCucumberTests.setUpClass]]>
    </line>
    <line>
      <![CDATA[Completed executing following method : AbstractTestNGCucumberTests.setUpClass]]>
    </line>
    <line>
      <![CDATA[About to begin executing following method : UserGeenrateBulkByUploadCSVFIleWithoutIssueYearRunner.beforeclass]]>
    </line>
    <line>
      <![CDATA[Completed executing following method : UserGeenrateBulkByUploadCSVFIleWithoutIssueYearRunner.beforeclass]]>
    </line>
    <line>
      <![CDATA[About to begin executing following method : AbstractTestNGCucumberTests.feature]]>
    </line>
    <line>
      <![CDATA[Completed executing following method : AbstractTestNGCucumberTests.feature]]>
    </line>
    <line>
      <![CDATA[Test Method resides in com.cucumber.TestRunner.UserGeenrateBulkByUploadCSVFIleWithoutIssueYearRunner]]>
    </line>
    <line>
      <![CDATA[Test Method had the following parameters : nullInstitution User - Check the flow of Generate Bulk By Upload CSV File Without Issue Year,]]>
    </line>
    <line>
      <![CDATA[Test Status: Pass]]>
    </line>
    <line>
      <![CDATA[About to begin executing following method : UserGeenrateBulkByUploadCSVFIleWithoutIssueYearRunner.testDownClass]]>
    </line>
    <line>
      <![CDATA[Completed executing following method : UserGeenrateBulkByUploadCSVFIleWithoutIssueYearRunner.testDownClass]]>
    </line>
    <line>
      <![CDATA[About to begin executing following method : AbstractTestNGCucumberTests.tearDownClass]]>
    </line>
    <line>
      <![CDATA[Completed executing following method : AbstractTestNGCucumberTests.tearDownClass]]>
    </line>
  </reporter-output>
  <suite started-at="2024-03-28T18:40:08Z" name="Sapphirus Systems Pvt Ltd" finished-at="2024-03-28T18:41:02Z" duration-ms="53298">
    <groups>
      <group name="cucumber">
        <method signature="AbstractTestNGCucumberTests.feature(cucumber.api.testng.CucumberFeatureWrapper)[pri:0, instance:com.cucumber.TestRunner.UserGeenrateBulkByUploadCSVFIleWithoutIssueYearRunner@505fc5a4]" name="feature" class="cucumber.api.testng.AbstractTestNGCucumberTests"/>
      </group> <!-- cucumber -->
    </groups>
    <test started-at="2024-03-28T18:40:08Z" name="ChromeBrowser" finished-at="2024-03-28T18:41:02Z" duration-ms="53298">
      <class name="com.cucumber.TestRunner.UserGeenrateBulkByUploadCSVFIleWithoutIssueYearRunner">
        <test-method is-config="true" signature="setUpClass()[pri:0, instance:com.cucumber.TestRunner.UserGeenrateBulkByUploadCSVFIleWithoutIssueYearRunner@505fc5a4]" started-at="2024-03-29T00:10:08Z" name="setUpClass" finished-at="2024-03-29T00:10:09Z" duration-ms="727" status="PASS">
          <reporter-output>
            <line>
              <![CDATA[Completed executing following method : AbstractTestNGCucumberTests.setUpClass]]>
            </line>
          </reporter-output>
        </test-method> <!-- setUpClass -->
        <test-method is-config="true" signature="beforeclass(java.lang.String)[pri:0, instance:com.cucumber.TestRunner.UserGeenrateBulkByUploadCSVFIleWithoutIssueYearRunner@505fc5a4]" started-at="2024-03-29T00:10:09Z" name="beforeclass" finished-at="2024-03-29T00:10:14Z" duration-ms="4904" status="PASS">
          <params>
            <param index="0">
              <value>
                <![CDATA[chrome]]>
              </value>
            </param>
          </params>
          <reporter-output>
            <line>
              <![CDATA[Completed executing following method : UserGeenrateBulkByUploadCSVFIleWithoutIssueYearRunner.beforeclass]]>
            </line>
          </reporter-output>
        </test-method> <!-- beforeclass -->
        <test-method signature="feature(cucumber.api.testng.CucumberFeatureWrapper)[pri:0, instance:com.cucumber.TestRunner.UserGeenrateBulkByUploadCSVFIleWithoutIssueYearRunner@505fc5a4]" started-at="2024-03-29T00:10:14Z" name="feature" description="Runs Cucumber Feature" data-provider="features" finished-at="2024-03-29T00:11:01Z" duration-ms="46711" status="PASS">
          <params>
            <param index="0">
              <value>
                <![CDATA[Institution User - Check the flow of Generate Bulk By Upload CSV File Without Issue Year]]>
              </value>
            </param>
          </params>
          <reporter-output>
            <line>
              <![CDATA[Completed executing following method : AbstractTestNGCucumberTests.feature]]>
            </line>
            <line>
              <![CDATA[Test Method resides in com.cucumber.TestRunner.UserGeenrateBulkByUploadCSVFIleWithoutIssueYearRunner]]>
            </line>
            <line>
              <![CDATA[Test Method had the following parameters : nullInstitution User - Check the flow of Generate Bulk By Upload CSV File Without Issue Year,]]>
            </line>
            <line>
              <![CDATA[Test Status: Pass]]>
            </line>
          </reporter-output>
        </test-method> <!-- feature -->
        <test-method is-config="true" signature="testDownClass()[pri:0, instance:com.cucumber.TestRunner.UserGeenrateBulkByUploadCSVFIleWithoutIssueYearRunner@505fc5a4]" started-at="2024-03-29T00:11:01Z" name="testDownClass" finished-at="2024-03-29T00:11:01Z" duration-ms="255" status="PASS">
          <reporter-output>
            <line>
              <![CDATA[Completed executing following method : UserGeenrateBulkByUploadCSVFIleWithoutIssueYearRunner.testDownClass]]>
            </line>
          </reporter-output>
        </test-method> <!-- testDownClass -->
        <test-method is-config="true" signature="tearDownClass()[pri:0, instance:com.cucumber.TestRunner.UserGeenrateBulkByUploadCSVFIleWithoutIssueYearRunner@505fc5a4]" started-at="2024-03-29T00:11:01Z" name="tearDownClass" finished-at="2024-03-29T00:11:02Z" duration-ms="491" status="PASS">
          <reporter-output>
            <line>
              <![CDATA[Completed executing following method : AbstractTestNGCucumberTests.tearDownClass]]>
            </line>
          </reporter-output>
        </test-method> <!-- tearDownClass -->
      </class> <!-- com.cucumber.TestRunner.UserGeenrateBulkByUploadCSVFIleWithoutIssueYearRunner -->
    </test> <!-- ChromeBrowser -->
  </suite> <!-- Sapphirus Systems Pvt Ltd -->
</testng-results>
