<?xml version="1.0" encoding="UTF-8"?>
<testng-results total="1" passed="1" failed="0" skipped="0">
  <reporter-output>
    <line>
      <![CDATA[About to begin executing Suite Sapphirus Systems Pvt Ltd]]>
    </line>
    <line>
      <![CDATA[About to begin executing Test ChromeBrowser]]>
    </line>
    <line>
      <![CDATA[About to begin executing following method : AbstractTestNGCucumberTests.setUpClass]]>
    </line>
    <line>
      <![CDATA[Completed executing following method : AbstractTestNGCucumberTests.setUpClass]]>
    </line>
    <line>
      <![CDATA[About to begin executing following method : AdminApprovalSettingsRunner.beforeclass]]>
    </line>
    <line>
      <![CDATA[Completed executing following method : AdminApprovalSettingsRunner.beforeclass]]>
    </line>
    <line>
      <![CDATA[About to begin executing following method : AbstractTestNGCucumberTests.feature]]>
    </line>
    <line>
      <![CDATA[Completed executing following method : AbstractTestNGCucumberTests.feature]]>
    </line>
    <line>
      <![CDATA[Test Method resides in com.cucumber.TestRunner.AdminApprovalSettingsRunner]]>
    </line>
    <line>
      <![CDATA[Test Method had the following parameters : nullInstitution Admin - Check the flow of Approval Settings,]]>
    </line>
    <line>
      <![CDATA[Test Status: Pass]]>
    </line>
    <line>
      <![CDATA[About to begin executing following method : AdminApprovalSettingsRunner.testDownClass]]>
    </line>
    <line>
      <![CDATA[Completed executing following method : AdminApprovalSettingsRunner.testDownClass]]>
    </line>
    <line>
      <![CDATA[About to begin executing following method : AbstractTestNGCucumberTests.tearDownClass]]>
    </line>
    <line>
      <![CDATA[Completed executing following method : AbstractTestNGCucumberTests.tearDownClass]]>
    </line>
  </reporter-output>
  <suite started-at="2024-03-26T09:43:21Z" name="Sapphirus Systems Pvt Ltd" finished-at="2024-03-26T09:44:02Z" duration-ms="40972">
    <groups>
      <group name="cucumber">
        <method signature="AbstractTestNGCucumberTests.feature(cucumber.api.testng.CucumberFeatureWrapper)[pri:0, instance:com.cucumber.TestRunner.AdminApprovalSettingsRunner@5fbdfdcf]" name="feature" class="cucumber.api.testng.AbstractTestNGCucumberTests"/>
      </group> <!-- cucumber -->
    </groups>
    <test started-at="2024-03-26T09:43:21Z" name="ChromeBrowser" finished-at="2024-03-26T09:44:02Z" duration-ms="40972">
      <class name="com.cucumber.TestRunner.AdminApprovalSettingsRunner">
        <test-method is-config="true" signature="setUpClass()[pri:0, instance:com.cucumber.TestRunner.AdminApprovalSettingsRunner@5fbdfdcf]" started-at="2024-03-26T15:13:21Z" name="setUpClass" finished-at="2024-03-26T15:13:21Z" duration-ms="525" status="PASS">
          <reporter-output>
            <line>
              <![CDATA[Completed executing following method : AbstractTestNGCucumberTests.setUpClass]]>
            </line>
          </reporter-output>
        </test-method> <!-- setUpClass -->
        <test-method is-config="true" signature="beforeclass(java.lang.String)[pri:0, instance:com.cucumber.TestRunner.AdminApprovalSettingsRunner@5fbdfdcf]" started-at="2024-03-26T15:13:21Z" name="beforeclass" finished-at="2024-03-26T15:13:27Z" duration-ms="5335" status="PASS">
          <params>
            <param index="0">
              <value>
                <![CDATA[chrome]]>
              </value>
            </param>
          </params>
          <reporter-output>
            <line>
              <![CDATA[Completed executing following method : AdminApprovalSettingsRunner.beforeclass]]>
            </line>
          </reporter-output>
        </test-method> <!-- beforeclass -->
        <test-method signature="feature(cucumber.api.testng.CucumberFeatureWrapper)[pri:0, instance:com.cucumber.TestRunner.AdminApprovalSettingsRunner@5fbdfdcf]" started-at="2024-03-26T15:13:27Z" name="feature" description="Runs Cucumber Feature" data-provider="features" finished-at="2024-03-26T15:14:01Z" duration-ms="34289" status="PASS">
          <params>
            <param index="0">
              <value>
                <![CDATA[Institution Admin - Check the flow of Approval Settings]]>
              </value>
            </param>
          </params>
          <reporter-output>
            <line>
              <![CDATA[Completed executing following method : AbstractTestNGCucumberTests.feature]]>
            </line>
            <line>
              <![CDATA[Test Method resides in com.cucumber.TestRunner.AdminApprovalSettingsRunner]]>
            </line>
            <line>
              <![CDATA[Test Method had the following parameters : nullInstitution Admin - Check the flow of Approval Settings,]]>
            </line>
            <line>
              <![CDATA[Test Status: Pass]]>
            </line>
          </reporter-output>
        </test-method> <!-- feature -->
        <test-method is-config="true" signature="testDownClass()[pri:0, instance:com.cucumber.TestRunner.AdminApprovalSettingsRunner@5fbdfdcf]" started-at="2024-03-26T15:14:01Z" name="testDownClass" finished-at="2024-03-26T15:14:01Z" duration-ms="146" status="PASS">
          <reporter-output>
            <line>
              <![CDATA[Completed executing following method : AdminApprovalSettingsRunner.testDownClass]]>
            </line>
          </reporter-output>
        </test-method> <!-- testDownClass -->
        <test-method is-config="true" signature="tearDownClass()[pri:0, instance:com.cucumber.TestRunner.AdminApprovalSettingsRunner@5fbdfdcf]" started-at="2024-03-26T15:14:01Z" name="tearDownClass" finished-at="2024-03-26T15:14:02Z" duration-ms="479" status="PASS">
          <reporter-output>
            <line>
              <![CDATA[Completed executing following method : AbstractTestNGCucumberTests.tearDownClass]]>
            </line>
          </reporter-output>
        </test-method> <!-- tearDownClass -->
      </class> <!-- com.cucumber.TestRunner.AdminApprovalSettingsRunner -->
    </test> <!-- ChromeBrowser -->
  </suite> <!-- Sapphirus Systems Pvt Ltd -->
</testng-results>
