<?xml version="1.0" encoding="UTF-8"?>
<!-- Generated by org.testng.reporters.JUnitReportReporter -->
<testsuite hostname="DESKTOP-DSBT63E" failures="0" tests="1" name="com.cucumber.TestRunner.UserRecentCertificateGenerationsRecallRunner" time="19.788" errors="0" timestamp="15 Mar 2024 12:53:43 GMT">
  <testcase classname="com.cucumber.TestRunner.UserRecentCertificateGenerationsRecallRunner" name="feature" time="19.788"/>
</testsuite> <!-- com.cucumber.TestRunner.UserRecentCertificateGenerationsRecallRunner -->
