<?xml version="1.0" encoding="UTF-8"?>
<!-- Generated by org.testng.reporters.JUnitReportReporter -->
<testsuite hostname="DESKTOP-DSBT63E" failures="0" tests="1" name="com.cucumber.TestRunner.UserGeneratedCertificatesWithoutEnablecheckboxesRunner" time="19.883" errors="0" timestamp="5 Mar 2024 13:12:28 GMT">
  <testcase classname="com.cucumber.TestRunner.UserGeneratedCertificatesWithoutEnablecheckboxesRunner" name="feature" time="19.883"/>
</testsuite> <!-- com.cucumber.TestRunner.UserGeneratedCertificatesWithoutEnablecheckboxesRunner -->
