<?xml version="1.0" encoding="UTF-8"?>
<!-- Generated by org.testng.reporters.JUnitXMLReporter -->
<testsuite hostname="DESKTOP-DSBT63E" failures="0" tests="1"
	name="AdminRecentCertificateGenerationsandVerificationsQRCodeChromeBrowser"
	time="25.804" errors="0" timestamp="13 Feb 2024 11:12:17 GMT">
	<testcase
		classname="com.cucumber.TestRunner.AdminRecentCertificateGenerationsandVerificationsQRCodeRunner"
		name="feature" time="23.095" />
</testsuite> <!--
AdminRecentCertificateGenerationsandVerificationsQRCodeChromeBrowser -->
