<?xml version="1.0" encoding="UTF-8"?>
<!-- Generated by org.testng.reporters.JUnitXMLReporter -->
<testsuite hostname="DESKTOP-DSBT63E" failures="0" tests="1"
	name="AdminRecentCertificateGenerationsandVerificationsOriginalCertificatesChromeBrowser"
	time="25.837" errors="0" timestamp="13 Feb 2024 11:11:51 GMT">
	<testcase
		classname="com.cucumber.TestRunner.AdminRecentCertificateGenerationsandVerificationsOriginalCertificatesRunner"
		name="feature" time="23.178" />
</testsuite> <!--
AdminRecentCertificateGenerationsandVerificationsOriginalCertificatesChromeBrowser -->
