<?xml version="1.0" encoding="UTF-8"?>
<!-- Generated by org.testng.reporters.JUnitXMLReporter -->
<testsuite hostname="DESKTOP-DSBT63E" failures="0" tests="1"
	name="AdminRecentCertificateGenerationsandVerificationsSendMailChromeBrowser"
	time="22.56" errors="0" timestamp="13 Feb 2024 11:12:39 GMT">
	<testcase
		classname="com.cucumber.TestRunner.AdminRecentCertificateGenerationsandVerificationsSendMailRunner"
		name="feature" time="21.584" />
</testsuite> <!--
AdminRecentCertificateGenerationsandVerificationsSendMailChromeBrowser -->
