<?xml version="1.0" encoding="UTF-8"?>
<!-- Generated by org.testng.reporters.JUnitXMLReporter -->
<testsuite hostname="DESKTOP-DSBT63E" failures="0" tests="21" name="ChromeBrowser" time="837.155" errors="0" timestamp="20 Mar 2024 06:24:28 GMT">
  <testcase classname="com.cucumber.TestRunner.OrgMgmtChangePasswordRunner" name="feature" time="53.125"/>
  <testcase classname="com.cucumber.TestRunner.OrgMgmtLaunchTheApplicationRunner" name="feature" time="0.122"/>
  <testcase classname="com.cucumber.TestRunner.OrgMgmtUpdateProfileRunner" name="feature" time="70.608"/>
  <testcase classname="com.cucumber.TestRunner.OrgMgmtViewInstitutionsRunner" name="feature" time="69.219"/>
  <testcase classname="com.cucumber.TestRunner.OrgSalesChangePasswordRunner" name="feature" time="54.557"/>
  <testcase classname="com.cucumber.TestRunner.OrgSalesLaunchTheApplicationRunner" name="feature" time="0.069"/>
  <testcase classname="com.cucumber.TestRunner.OrgSalesViewInstitutionsRunner" name="feature" time="76.899"/>
  <testcase classname="com.cucumber.TestRunner.OrgSalesViewUserListRunner" name="feature" time="47.201"/>
  <testcase classname="com.cucumber.TestRunner.OrgSalesReceiptsRunner" name="feature" time="77.113"/>
  <testcase classname="com.cucumber.TestRunner.AdminAddCertificateNameRunner" name="feature" time="35.084"/>
  <testcase classname="com.cucumber.TestRunner.AdminApplicationTitleRunner" name="feature" time="8.986"/>
  <testcase classname="com.cucumber.TestRunner.AdminBacktotopbuttonRunner" name="feature" time="19.607"/>
  <testcase classname="com.cucumber.TestRunner.AdminCertificateApprovalsRunner" name="feature" time="20.522"/>
  <testcase classname="com.cucumber.TestRunner.AdminAddCertificateTypeRunner" name="feature" time="32.811"/>
  <testcase classname="com.cucumber.TestRunner.AdminLaunchTheApplicationRunner" name="feature" time="0.103"/>
  <testcase classname="com.cucumber.TestRunner.AdminRecentCertificateGenerationsRevokeRunner" name="feature" time="21.378"/>
  <testcase classname="com.cucumber.TestRunner.AdminRecentCertificateGenerationsRecallRunner" name="feature" time="23.787"/>
  <testcase classname="com.cucumber.TestRunner.AdminRecentCertificateGenerationsandVerificationsSendMailRunner" name="feature" time="23.863"/>
  <testcase classname="com.cucumber.TestRunner.AdminRegistrationRunner" name="feature" time="29.965"/>
  <testcase classname="com.cucumber.TestRunner.AdminUpdateInstitutionRunner" name="feature" time="32.506"/>
  <testcase classname="com.cucumber.TestRunner.AdminUpdateProfileRunner" name="feature" time="29.275"/>
</testsuite> <!-- ChromeBrowser -->
