<?xml version="1.0" encoding="UTF-8"?>
<!-- Generated by org.testng.reporters.JUnitXMLReporter -->
<testsuite hostname="DESKTOP-DSBT63E" failures="1" tests="1" name="ChromeBrowser" time="50.994" errors="0" timestamp="27 Mar 2024 17:50:54 GMT">
  <testcase classname="com.cucumber.TestRunner.UserInternalPrintingByUploadingInvalidCSVFIleRunner" name="feature" time="44.43">
    <failure type="cucumber.runtime.CucumberException" message="java.lang.Error: Unresolved compilation problem: 
	The method user_click_on_the_Next_button() is undefined for the type UserInternalPrintingByUploadingInvalidCSVFilePageObjects
">
      <![CDATA[cucumber.runtime.CucumberException: java.lang.Error: Unresolved compilation problem: 
	The method user_click_on_the_Next_button() is undefined for the type UserInternalPrintingByUploadingInvalidCSVFilePageObjects

	at cucumber.api.testng.TestNGCucumberRunner.runCucumber(TestNGCucumberRunner.java:69)
	at cucumber.api.testng.AbstractTestNGCucumberTests.feature(AbstractTestNGCucumberTests.java:21)
Caused by: java.lang.Error: Unresolved compilation problem: 
	The method user_click_on_the_Next_button() is undefined for the type UserInternalPrintingByUploadingInvalidCSVFilePageObjects

	at com.cucumber.stepdefination.UserInternalPrintingByUploadingInvalidCSVFileSteps.user_click_on_the_Next_button(UserInternalPrintingByUploadingInvalidCSVFileSteps.java:59)
	at ✽.And user click on the Next button(src/test/resources/features/UserInternalPrintingByUploadingInvalidCSVFile.feature:12)
... Removed 24 stack frames]]>
    </failure>
  </testcase> <!-- feature -->
</testsuite> <!-- ChromeBrowser -->
