<?xml version="1.0" encoding="UTF-8"?>
<!-- Generated by org.testng.reporters.JUnitXMLReporter -->
<testsuite hostname="DESKTOP-DSBT63E" failures="0" tests="20" name="ChromeBrowser" time="539.369" errors="0" timestamp="26 Mar 2024 17:46:38 GMT">
  <testcase classname="com.cucumber.TestRunner.UserWelcomeTextRunner" name="feature" time="12.955"/>
  <testcase classname="com.cucumber.TestRunner.UserVerifyCertificatesWithEmptyAcademicRefNumfieldRunner" name="feature" time="30.09"/>
  <testcase classname="com.cucumber.TestRunner.UserVerifiedCertificatesWithoutEnablecheckboxesRunner" name="feature" time="16.933"/>
  <testcase classname="com.cucumber.TestRunner.UserVerificationURLRunner" name="feature" time="12.18"/>
  <testcase classname="com.cucumber.TestRunner.UserRecentCertificateGenerationsRevokeRunner" name="feature" time="18.493"/>
  <testcase classname="com.cucumber.TestRunner.UserRecentCertificateGenerationsandVerificationsQRCodeRunner" name="feature" time="20.744"/>
  <testcase classname="com.cucumber.TestRunner.UserRecentCertificateGenerationsandVerificationsOriginalCertificatesRunner" name="feature" time="20.898"/>
  <testcase classname="com.cucumber.TestRunner.UserNewMailEditRunner" name="feature" time="22.023"/>
  <testcase classname="com.cucumber.TestRunner.UserLaunchTheApplicationRunner" name="feature" time="0.08"/>
  <testcase classname="com.cucumber.TestRunner.UserRecentCertificateGenerationsRecallRunner" name="feature" time="18.319"/>
  <testcase classname="com.cucumber.TestRunner.UserInternalPrintingwithoutuploadingCSVfileRunner" name="feature" time="33.657"/>
  <testcase classname="com.cucumber.TestRunner.UserInternalPrintingCSVFileWithSpacesandDotsRunner" name="feature" time="16.587"/>
  <testcase classname="com.cucumber.TestRunner.UserInternalPrintingCSVFileWithSpacesandDotsinAcademicReferenceNumberRunner" name="feature" time="17.71"/>
  <testcase classname="com.cucumber.TestRunner.UserInternalPrintingCSVFileWithoutAcademicReferenceNumberRunner" name="feature" time="17.637"/>
  <testcase classname="com.cucumber.TestRunner.UserInternalPrintingCSVFileStudentEmailWithSpacesandDotsRunner" name="feature" time="17.238"/>
  <testcase classname="com.cucumber.TestRunner.UserGenSingleMobileWithless10digitsRunner" name="feature" time="33.994"/>
  <testcase classname="com.cucumber.TestRunner.UserGenSingleMobileWithAbove10digitsRunner" name="feature" time="33.214"/>
  <testcase classname="com.cucumber.TestRunner.UserGenSingleEmailWithMultipleSpecialcharectersRunner" name="feature" time="39.159"/>
  <testcase classname="com.cucumber.TestRunner.UserGenSingleBygivingFutureMonthandYearRunner" name="feature" time="35.924"/>
  <testcase classname="com.cucumber.TestRunner.UserGenSingleByUploadingJPGfileRunner" name="feature" time="44.969"/>
</testsuite> <!-- ChromeBrowser -->
