<html>
<head>
<title>TestNG:  ChromeBrowser</title>
<link href="../testng.css" rel="stylesheet" type="text/css" />
<link href="../my-testng.css" rel="stylesheet" type="text/css" />

<style type="text/css">
.log { display: none;} 
.stack-trace { display: none;} 
</style>
<script type="text/javascript">
<!--
function flip(e) {
  current = e.style.display;
  if (current == 'block') {
    e.style.display = 'none';
    return 0;
  }
  else {
    e.style.display = 'block';
    return 1;
  }
}

function toggleBox(szDivId, elem, msg1, msg2)
{
  var res = -1;  if (document.getElementById) {
    res = flip(document.getElementById(szDivId));
  }
  else if (document.all) {
    // this is the way old msie versions work
    res = flip(document.all[szDivId]);
  }
  if(elem) {
    if(res == 0) elem.innerHTML = msg1; else elem.innerHTML = msg2;
  }

}

function toggleAllBoxes() {
  if (document.getElementsByTagName) {
    d = document.getElementsByTagName('div');
    for (i = 0; i < d.length; i++) {
      if (d[i].className == 'log') {
        flip(d[i]);
      }
    }
  }
}

// -->
</script>

</head>
<body>
<h2 align='center'>ChromeBrowser</h2><table border='1' align="center">
<tr>
<td>Tests passed/Failed/Skipped:</td><td>24/5/0</td>
</tr><tr>
<td>Started on:</td><td>Wed Mar 20 13:30:13 IST 2024</td>
</tr>
<tr><td>Total time:</td><td>1156 seconds (1156576 ms)</td>
</tr><tr>
<td>Included groups:</td><td></td>
</tr><tr>
<td>Excluded groups:</td><td></td>
</tr>
</table><p/>
<small><i>(Hover the method name to see the test class name)</i></small><p/>
<table width='100%' border='1' class='invocation-failed'>
<tr><td colspan='4' align='center'><b>FAILED TESTS</b></td></tr>
<tr><td><b>Test method</b></td>
<td width="30%"><b>Exception</b></td>
<td width="10%"><b>Time (seconds)</b></td>
<td><b>Instance</b></td>
</tr>
<tr>
<td title='com.cucumber.TestRunner.AdminGeneratedCertificatesRunner.feature()'><b>feature</b><br>Test class: com.cucumber.TestRunner.AdminGeneratedCertificatesRunner<br>Test method: Runs Cucumber Feature<br>Parameters: Institution Admin - Check the flow of Generated Certificates<br/>
<a href="#Output-313124964" onClick='toggleBox("Output-313124964", this, "Show output", "Hide output");'>Show output</a>

<a href="#Output-313124964" onClick="toggleAllBoxes();">Show all outputs</a>
<div class='log' id="Output-313124964">
Completed executing following method : AbstractTestNGCucumberTests.feature<br/>
Test Method resides in com.cucumber.TestRunner.AdminGeneratedCertificatesRunner<br/>
Test Method had the following parameters : nullInstitution Admin - Check the flow of Generated Certificates,<br/>
Test Status: Failed<br/>
</div>
</td>
<td><div><pre>cucumber.runtime.CucumberException: org.openqa.selenium.NoSuchElementException: no such element: Unable to locate element: {&quot;method&quot;:&quot;xpath&quot;,&quot;selector&quot;:&quot;//button[normalize-space()=&apos;Ok&apos;]&quot;}
  (Session info: chrome=122.0.6261.129)
For documentation on this error, please visit: https://www.selenium.dev/documentation/webdriver/troubleshooting/errors#no-such-element-exception
Build info: version: &apos;4.12.1&apos;, revision: &apos;8e34639b11&apos;
System info: os.name: &apos;Windows 10&apos;, os.arch: &apos;amd64&apos;, os.version: &apos;10.0&apos;, java.version: &apos;11.0.20&apos;
Driver info: org.openqa.selenium.chrome.ChromeDriver
Command: [864d6a6e9f6b924d9e838bf9e6cb2597, findElement {using=xpath, value=//button[normalize-space()=&apos;Ok&apos;]}]
Capabilities {acceptInsecureCerts: false, browserName: chrome, browserVersion: 122.0.6261.129, chrome: {chromedriverVersion: 121.0.6167.85 (3f98d690ad7e..., userDataDir: C:\Users\admin\AppData\Loca...}, fedcm:accounts: true, goog:chromeOptions: {debuggerAddress: localhost:53673}, networkConnectionEnabled: false, pageLoadStrategy: normal, platformName: windows, proxy: Proxy(), se:cdp: ws://localhost:53673/devtoo..., se:cdpVersion: 122.0.6261.129, setWindowRect: true, strictFileInteractability: false, timeouts: {implicit: 0, pageLoad: 300000, script: 30000}, unhandledPromptBehavior: dismiss and notify, webauthn:extension:credBlob: true, webauthn:extension:largeBlob: true, webauthn:extension:minPinLength: true, webauthn:extension:prf: true, webauthn:virtualAuthenticators: true}
Session ID: 864d6a6e9f6b924d9e838bf9e6cb2597
	at cucumber.api.testng.TestNGCucumberRunner.runCucumber(TestNGCucumberRunner.java:69)
	at cucumber.api.testng.AbstractTestNGCucumberTests.feature(AbstractTestNGCucumberTests.java:21)
Caused by: org.openqa.selenium.NoSuchElementException: no such element: Unable to locate element: {&quot;method&quot;:&quot;xpath&quot;,&quot;selector&quot;:&quot;//button[normalize-space()=&apos;Ok&apos;]&quot;}
  (Session info: chrome=122.0.6261.129)
For documentation on this error, please visit: https://www.selenium.dev/documentation/webdriver/troubleshooting/errors#no-such-element-exception
Build info: version: &apos;4.12.1&apos;, revision: &apos;8e34639b11&apos;
System info: os.name: &apos;Windows 10&apos;, os.arch: &apos;amd64&apos;, os.version: &apos;10.0&apos;, java.version: &apos;11.0.20&apos;
Driver info: org.openqa.selenium.chrome.ChromeDriver
Command: [864d6a6e9f6b924d9e838bf9e6cb2597, findElement {using=xpath, value=//button[normalize-space()=&apos;Ok&apos;]}]
Capabilities {acceptInsecureCerts: false, browserName: chrome, browserVersion: 122.0.6261.129, chrome: {chromedriverVersion: 121.0.6167.85 (3f98d690ad7e..., userDataDir: C:\Users\admin\AppData\Loca...}, fedcm:accounts: true, goog:chromeOptions: {debuggerAddress: localhost:53673}, networkConnectionEnabled: false, pageLoadStrategy: normal, platformName: windows, proxy: Proxy(), se:cdp: ws://localhost:53673/devtoo..., se:cdpVersion: 122.0.6261.129, setWindowRect: true, strictFileInteractability: false, timeouts: {implicit: 0, pageLoad: 300000, script: 30000}, unhandledPromptBehavior: dismiss and notify, webauthn:extension:credBlob: true, webauthn:extension:largeBlob: true, webauthn:extension:minPinLength: true, webauthn:extension:prf: true, webauthn:virtualAuthenticators: true}
Session ID: 864d6a6e9f6b924d9e838bf9e6cb2597
	at org.openqa.selenium.remote.codec.w3c.W3CHttpResponseCodec.createException(W3CHttpResponseCodec.java:200)
	at org.openqa.selenium.remote.codec.w3c.W3CHttpResponseCodec.decode(W3CHttpResponseCodec.java:133)
	at org.openqa.selenium.remote.codec.w3c.W3CHttpResponseCodec.decode(W3CHttpResponseCodec.java:52)
	at org.openqa.selenium.remote.HttpCommandExecutor.execute(HttpCommandExecutor.java:191)
	at org.openqa.selenium.remote.service.DriverCommandExecutor.invokeExecute(DriverCommandExecutor.java:196)
	at org.openqa.selenium.remote.service.DriverCommandExecutor.execute(DriverCommandExecutor.java:171)
	at org.openqa.selenium.remote.RemoteWebDriver.execute(RemoteWebDriver.java:602)
	at org.openqa.selenium.remote.ElementLocation$ElementFinder$2.findElement(ElementLocation.java:165)
	at org.openqa.selenium.remote.ElementLocation.findElement(ElementLocation.java:59)
	at org.openqa.selenium.remote.RemoteWebDriver.findElement(RemoteWebDriver.java:359)
	at org.openqa.selenium.remote.RemoteWebDriver.findElement(RemoteWebDriver.java:353)
	at com.cucumber.PageObjects.AdminGeneratedCertificatesPageObjects.clickOnGeneratedCertificates(AdminGeneratedCertificatesPageObjects.java:104)
	at com.cucumber.stepdefination.AdminGeneratedCertificatesSteps.click_on_Generated_Certificates(AdminGeneratedCertificatesSteps.java:35)
	at ✽.Then Click on Generated Certificates(src/test/resources/features/AdminGeneratedCertificates.feature:7)
... Removed 28 stack frames</pre></div><a href='#' onClick='toggleBox("stack-trace313124964", this, "Click to show all stack frames", "Click to hide stack frames")'>Click to show all stack frames</a>
<div class='stack-trace' id='stack-trace313124964'><pre>cucumber.runtime.CucumberException: org.openqa.selenium.NoSuchElementException: no such element: Unable to locate element: {&quot;method&quot;:&quot;xpath&quot;,&quot;selector&quot;:&quot;//button[normalize-space()=&apos;Ok&apos;]&quot;}
  (Session info: chrome=122.0.6261.129)
For documentation on this error, please visit: https://www.selenium.dev/documentation/webdriver/troubleshooting/errors#no-such-element-exception
Build info: version: &apos;4.12.1&apos;, revision: &apos;8e34639b11&apos;
System info: os.name: &apos;Windows 10&apos;, os.arch: &apos;amd64&apos;, os.version: &apos;10.0&apos;, java.version: &apos;11.0.20&apos;
Driver info: org.openqa.selenium.chrome.ChromeDriver
Command: [864d6a6e9f6b924d9e838bf9e6cb2597, findElement {using=xpath, value=//button[normalize-space()=&apos;Ok&apos;]}]
Capabilities {acceptInsecureCerts: false, browserName: chrome, browserVersion: 122.0.6261.129, chrome: {chromedriverVersion: 121.0.6167.85 (3f98d690ad7e..., userDataDir: C:\Users\admin\AppData\Loca...}, fedcm:accounts: true, goog:chromeOptions: {debuggerAddress: localhost:53673}, networkConnectionEnabled: false, pageLoadStrategy: normal, platformName: windows, proxy: Proxy(), se:cdp: ws://localhost:53673/devtoo..., se:cdpVersion: 122.0.6261.129, setWindowRect: true, strictFileInteractability: false, timeouts: {implicit: 0, pageLoad: 300000, script: 30000}, unhandledPromptBehavior: dismiss and notify, webauthn:extension:credBlob: true, webauthn:extension:largeBlob: true, webauthn:extension:minPinLength: true, webauthn:extension:prf: true, webauthn:virtualAuthenticators: true}
Session ID: 864d6a6e9f6b924d9e838bf9e6cb2597
	at cucumber.api.testng.TestNGCucumberRunner.runCucumber(TestNGCucumberRunner.java:69)
	at cucumber.api.testng.AbstractTestNGCucumberTests.feature(AbstractTestNGCucumberTests.java:21)
	at java.base/jdk.internal.reflect.NativeMethodAccessorImpl.invoke0(Native Method)
	at java.base/jdk.internal.reflect.NativeMethodAccessorImpl.invoke(NativeMethodAccessorImpl.java:62)
	at java.base/jdk.internal.reflect.DelegatingMethodAccessorImpl.invoke(DelegatingMethodAccessorImpl.java:43)
	at java.base/java.lang.reflect.Method.invoke(Method.java:566)
	at org.testng.internal.MethodInvocationHelper.invokeMethod(MethodInvocationHelper.java:86)
	at org.testng.internal.Invoker.invokeMethod(Invoker.java:643)
	at org.testng.internal.Invoker.invokeTestMethod(Invoker.java:820)
	at org.testng.internal.Invoker.invokeTestMethods(Invoker.java:1128)
	at org.testng.internal.TestMethodWorker.invokeTestMethods(TestMethodWorker.java:129)
	at org.testng.internal.TestMethodWorker.run(TestMethodWorker.java:112)
	at org.testng.TestRunner.privateRun(TestRunner.java:782)
	at org.testng.TestRunner.run(TestRunner.java:632)
	at org.testng.SuiteRunner.runTest(SuiteRunner.java:366)
	at org.testng.SuiteRunner.runSequentially(SuiteRunner.java:361)
	at org.testng.SuiteRunner.privateRun(SuiteRunner.java:319)
	at org.testng.SuiteRunner.run(SuiteRunner.java:268)
	at org.testng.SuiteRunnerWorker.runSuite(SuiteRunnerWorker.java:52)
	at org.testng.SuiteRunnerWorker.run(SuiteRunnerWorker.java:86)
	at org.testng.TestNG.runSuitesSequentially(TestNG.java:1244)
	at org.testng.TestNG.runSuitesLocally(TestNG.java:1169)
	at org.testng.TestNG.run(TestNG.java:1064)
	at org.testng.remote.AbstractRemoteTestNG.run(AbstractRemoteTestNG.java:115)
	at org.testng.remote.RemoteTestNG.initAndRun(RemoteTestNG.java:251)
	at org.testng.remote.RemoteTestNG.main(RemoteTestNG.java:77)
Caused by: org.openqa.selenium.NoSuchElementException: no such element: Unable to locate element: {&quot;method&quot;:&quot;xpath&quot;,&quot;selector&quot;:&quot;//button[normalize-space()=&apos;Ok&apos;]&quot;}
  (Session info: chrome=122.0.6261.129)
For documentation on this error, please visit: https://www.selenium.dev/documentation/webdriver/troubleshooting/errors#no-such-element-exception
Build info: version: &apos;4.12.1&apos;, revision: &apos;8e34639b11&apos;
System info: os.name: &apos;Windows 10&apos;, os.arch: &apos;amd64&apos;, os.version: &apos;10.0&apos;, java.version: &apos;11.0.20&apos;
Driver info: org.openqa.selenium.chrome.ChromeDriver
Command: [864d6a6e9f6b924d9e838bf9e6cb2597, findElement {using=xpath, value=//button[normalize-space()=&apos;Ok&apos;]}]
Capabilities {acceptInsecureCerts: false, browserName: chrome, browserVersion: 122.0.6261.129, chrome: {chromedriverVersion: 121.0.6167.85 (3f98d690ad7e..., userDataDir: C:\Users\admin\AppData\Loca...}, fedcm:accounts: true, goog:chromeOptions: {debuggerAddress: localhost:53673}, networkConnectionEnabled: false, pageLoadStrategy: normal, platformName: windows, proxy: Proxy(), se:cdp: ws://localhost:53673/devtoo..., se:cdpVersion: 122.0.6261.129, setWindowRect: true, strictFileInteractability: false, timeouts: {implicit: 0, pageLoad: 300000, script: 30000}, unhandledPromptBehavior: dismiss and notify, webauthn:extension:credBlob: true, webauthn:extension:largeBlob: true, webauthn:extension:minPinLength: true, webauthn:extension:prf: true, webauthn:virtualAuthenticators: true}
Session ID: 864d6a6e9f6b924d9e838bf9e6cb2597
	at java.base/jdk.internal.reflect.NativeConstructorAccessorImpl.newInstance0(Native Method)
	at java.base/jdk.internal.reflect.NativeConstructorAccessorImpl.newInstance(NativeConstructorAccessorImpl.java:62)
	at java.base/jdk.internal.reflect.DelegatingConstructorAccessorImpl.newInstance(DelegatingConstructorAccessorImpl.java:45)
	at java.base/java.lang.reflect.Constructor.newInstance(Constructor.java:490)
	at org.openqa.selenium.remote.codec.w3c.W3CHttpResponseCodec.createException(W3CHttpResponseCodec.java:200)
	at org.openqa.selenium.remote.codec.w3c.W3CHttpResponseCodec.decode(W3CHttpResponseCodec.java:133)
	at org.openqa.selenium.remote.codec.w3c.W3CHttpResponseCodec.decode(W3CHttpResponseCodec.java:52)
	at org.openqa.selenium.remote.HttpCommandExecutor.execute(HttpCommandExecutor.java:191)
	at org.openqa.selenium.remote.service.DriverCommandExecutor.invokeExecute(DriverCommandExecutor.java:196)
	at org.openqa.selenium.remote.service.DriverCommandExecutor.execute(DriverCommandExecutor.java:171)
	at org.openqa.selenium.remote.RemoteWebDriver.execute(RemoteWebDriver.java:602)
	at org.openqa.selenium.remote.ElementLocation$ElementFinder$2.findElement(ElementLocation.java:165)
	at org.openqa.selenium.remote.ElementLocation.findElement(ElementLocation.java:59)
	at org.openqa.selenium.remote.RemoteWebDriver.findElement(RemoteWebDriver.java:359)
	at org.openqa.selenium.remote.RemoteWebDriver.findElement(RemoteWebDriver.java:353)
	at com.cucumber.PageObjects.AdminGeneratedCertificatesPageObjects.clickOnGeneratedCertificates(AdminGeneratedCertificatesPageObjects.java:104)
	at com.cucumber.stepdefination.AdminGeneratedCertificatesSteps.click_on_Generated_Certificates(AdminGeneratedCertificatesSteps.java:35)
	at ✽.Then Click on Generated Certificates(src/test/resources/features/AdminGeneratedCertificates.feature:7)
</pre></div></td>
<td>36</td>
<td>com.cucumber.TestRunner.AdminGeneratedCertificatesRunner@43dac38f</td></tr>
<tr>
<td title='com.cucumber.TestRunner.AdminChangePasswordRunner.feature()'><b>feature</b><br>Test class: com.cucumber.TestRunner.AdminChangePasswordRunner<br>Test method: Runs Cucumber Feature<br>Parameters: Institution Admin - Check the flow of ChangePassword<br/>
<a href="#Output-1426061914" onClick='toggleBox("Output-1426061914", this, "Show output", "Hide output");'>Show output</a>

<a href="#Output-1426061914" onClick="toggleAllBoxes();">Show all outputs</a>
<div class='log' id="Output-1426061914">
Completed executing following method : AbstractTestNGCucumberTests.feature<br/>
Test Method resides in com.cucumber.TestRunner.AdminChangePasswordRunner<br/>
Test Method had the following parameters : nullInstitution Admin - Check the flow of ChangePassword,<br/>
Test Status: Failed<br/>
</div>
</td>
<td><div><pre>cucumber.runtime.CucumberException: org.openqa.selenium.TimeoutException: Expected condition failed: waiting for visibility of [[ChromeDriver: chrome on windows (ed6e9f16ac09caa3e0d6af4da3a516de)] -&gt; xpath: //a[text()=&apos;Change Password &apos;]] (tried for 30 second(s) with 8000 milliseconds interval)
Build info: version: &apos;4.12.1&apos;, revision: &apos;8e34639b11&apos;
System info: os.name: &apos;Windows 10&apos;, os.arch: &apos;amd64&apos;, os.version: &apos;10.0&apos;, java.version: &apos;11.0.20&apos;
Driver info: driver.version: unknown
	at cucumber.api.testng.TestNGCucumberRunner.runCucumber(TestNGCucumberRunner.java:69)
	at cucumber.api.testng.AbstractTestNGCucumberTests.feature(AbstractTestNGCucumberTests.java:21)
Caused by: org.openqa.selenium.TimeoutException: Expected condition failed: waiting for visibility of [[ChromeDriver: chrome on windows (ed6e9f16ac09caa3e0d6af4da3a516de)] -&gt; xpath: //a[text()=&apos;Change Password &apos;]] (tried for 30 second(s) with 8000 milliseconds interval)
Build info: version: &apos;4.12.1&apos;, revision: &apos;8e34639b11&apos;
System info: os.name: &apos;Windows 10&apos;, os.arch: &apos;amd64&apos;, os.version: &apos;10.0&apos;, java.version: &apos;11.0.20&apos;
Driver info: driver.version: unknown
	at org.openqa.selenium.support.ui.FluentWait.timeoutException(FluentWait.java:262)
	at org.openqa.selenium.support.ui.FluentWait.until(FluentWait.java:230)
	at com.cucumber.TestBase.TestBase.waitForElement(TestBase.java:84)
	at com.cucumber.PageObjects.AdminChangePasswordPageObjects.clickthechangepasswordfield(AdminChangePasswordPageObjects.java:64)
	at com.cucumber.stepdefination.AdminChangePasswordSteps.click_the_Change_Password_field(AdminChangePasswordSteps.java:35)
	at ✽.Then Click the Change Password field(src/test/resources/features/AdminChangePassword.feature:8)
... Removed 24 stack frames</pre></div><a href='#' onClick='toggleBox("stack-trace1426061914", this, "Click to show all stack frames", "Click to hide stack frames")'>Click to show all stack frames</a>
<div class='stack-trace' id='stack-trace1426061914'><pre>cucumber.runtime.CucumberException: org.openqa.selenium.TimeoutException: Expected condition failed: waiting for visibility of [[ChromeDriver: chrome on windows (ed6e9f16ac09caa3e0d6af4da3a516de)] -&gt; xpath: //a[text()=&apos;Change Password &apos;]] (tried for 30 second(s) with 8000 milliseconds interval)
Build info: version: &apos;4.12.1&apos;, revision: &apos;8e34639b11&apos;
System info: os.name: &apos;Windows 10&apos;, os.arch: &apos;amd64&apos;, os.version: &apos;10.0&apos;, java.version: &apos;11.0.20&apos;
Driver info: driver.version: unknown
	at cucumber.api.testng.TestNGCucumberRunner.runCucumber(TestNGCucumberRunner.java:69)
	at cucumber.api.testng.AbstractTestNGCucumberTests.feature(AbstractTestNGCucumberTests.java:21)
	at java.base/jdk.internal.reflect.NativeMethodAccessorImpl.invoke0(Native Method)
	at java.base/jdk.internal.reflect.NativeMethodAccessorImpl.invoke(NativeMethodAccessorImpl.java:62)
	at java.base/jdk.internal.reflect.DelegatingMethodAccessorImpl.invoke(DelegatingMethodAccessorImpl.java:43)
	at java.base/java.lang.reflect.Method.invoke(Method.java:566)
	at org.testng.internal.MethodInvocationHelper.invokeMethod(MethodInvocationHelper.java:86)
	at org.testng.internal.Invoker.invokeMethod(Invoker.java:643)
	at org.testng.internal.Invoker.invokeTestMethod(Invoker.java:820)
	at org.testng.internal.Invoker.invokeTestMethods(Invoker.java:1128)
	at org.testng.internal.TestMethodWorker.invokeTestMethods(TestMethodWorker.java:129)
	at org.testng.internal.TestMethodWorker.run(TestMethodWorker.java:112)
	at org.testng.TestRunner.privateRun(TestRunner.java:782)
	at org.testng.TestRunner.run(TestRunner.java:632)
	at org.testng.SuiteRunner.runTest(SuiteRunner.java:366)
	at org.testng.SuiteRunner.runSequentially(SuiteRunner.java:361)
	at org.testng.SuiteRunner.privateRun(SuiteRunner.java:319)
	at org.testng.SuiteRunner.run(SuiteRunner.java:268)
	at org.testng.SuiteRunnerWorker.runSuite(SuiteRunnerWorker.java:52)
	at org.testng.SuiteRunnerWorker.run(SuiteRunnerWorker.java:86)
	at org.testng.TestNG.runSuitesSequentially(TestNG.java:1244)
	at org.testng.TestNG.runSuitesLocally(TestNG.java:1169)
	at org.testng.TestNG.run(TestNG.java:1064)
	at org.testng.remote.AbstractRemoteTestNG.run(AbstractRemoteTestNG.java:115)
	at org.testng.remote.RemoteTestNG.initAndRun(RemoteTestNG.java:251)
	at org.testng.remote.RemoteTestNG.main(RemoteTestNG.java:77)
Caused by: org.openqa.selenium.TimeoutException: Expected condition failed: waiting for visibility of [[ChromeDriver: chrome on windows (ed6e9f16ac09caa3e0d6af4da3a516de)] -&gt; xpath: //a[text()=&apos;Change Password &apos;]] (tried for 30 second(s) with 8000 milliseconds interval)
Build info: version: &apos;4.12.1&apos;, revision: &apos;8e34639b11&apos;
System info: os.name: &apos;Windows 10&apos;, os.arch: &apos;amd64&apos;, os.version: &apos;10.0&apos;, java.version: &apos;11.0.20&apos;
Driver info: driver.version: unknown
	at org.openqa.selenium.support.ui.FluentWait.timeoutException(FluentWait.java:262)
	at org.openqa.selenium.support.ui.FluentWait.until(FluentWait.java:230)
	at com.cucumber.TestBase.TestBase.waitForElement(TestBase.java:84)
	at com.cucumber.PageObjects.AdminChangePasswordPageObjects.clickthechangepasswordfield(AdminChangePasswordPageObjects.java:64)
	at com.cucumber.stepdefination.AdminChangePasswordSteps.click_the_Change_Password_field(AdminChangePasswordSteps.java:35)
	at ✽.Then Click the Change Password field(src/test/resources/features/AdminChangePassword.feature:8)
</pre></div></td>
<td>48</td>
<td>com.cucumber.TestRunner.AdminChangePasswordRunner@2805d709</td></tr>
<tr>
<td title='com.cucumber.TestRunner.UserGenerateSingleWithoutApprovalRunner.feature()'><b>feature</b><br>Test class: com.cucumber.TestRunner.UserGenerateSingleWithoutApprovalRunner<br>Test method: Runs Cucumber Feature<br>Parameters: Institution User - Check the flow of Generate Single Without Approval<br/>
<a href="#Output-1806883558" onClick='toggleBox("Output-1806883558", this, "Show output", "Hide output");'>Show output</a>

<a href="#Output-1806883558" onClick="toggleAllBoxes();">Show all outputs</a>
<div class='log' id="Output-1806883558">
Completed executing following method : AbstractTestNGCucumberTests.feature<br/>
Test Method resides in com.cucumber.TestRunner.UserGenerateSingleWithoutApprovalRunner<br/>
Test Method had the following parameters : nullInstitution User - Check the flow of Generate Single Without Approval,<br/>
Test Status: Failed<br/>
</div>
</td>
<td><div><pre>cucumber.runtime.CucumberException: org.openqa.selenium.NoSuchElementException: no such element: Unable to locate element: {&quot;method&quot;:&quot;xpath&quot;,&quot;selector&quot;:&quot;//input[@value=&apos;Generate Certificate&apos;]&quot;}
  (Session info: chrome=122.0.6261.129)
For documentation on this error, please visit: https://www.selenium.dev/documentation/webdriver/troubleshooting/errors#no-such-element-exception
Build info: version: &apos;4.12.1&apos;, revision: &apos;8e34639b11&apos;
System info: os.name: &apos;Windows 10&apos;, os.arch: &apos;amd64&apos;, os.version: &apos;10.0&apos;, java.version: &apos;11.0.20&apos;
Driver info: org.openqa.selenium.chrome.ChromeDriver
Command: [486f1ddc899bc0bce51ceae148a5b862, findElement {using=xpath, value=//input[@value=&apos;Generate Certificate&apos;]}]
Capabilities {acceptInsecureCerts: false, browserName: chrome, browserVersion: 122.0.6261.129, chrome: {chromedriverVersion: 121.0.6167.85 (3f98d690ad7e..., userDataDir: C:\Users\admin\AppData\Loca...}, fedcm:accounts: true, goog:chromeOptions: {debuggerAddress: localhost:54214}, networkConnectionEnabled: false, pageLoadStrategy: normal, platformName: windows, proxy: Proxy(), se:cdp: ws://localhost:54214/devtoo..., se:cdpVersion: 122.0.6261.129, setWindowRect: true, strictFileInteractability: false, timeouts: {implicit: 0, pageLoad: 300000, script: 30000}, unhandledPromptBehavior: dismiss and notify, webauthn:extension:credBlob: true, webauthn:extension:largeBlob: true, webauthn:extension:minPinLength: true, webauthn:extension:prf: true, webauthn:virtualAuthenticators: true}
Session ID: 486f1ddc899bc0bce51ceae148a5b862
	at cucumber.api.testng.TestNGCucumberRunner.runCucumber(TestNGCucumberRunner.java:69)
	at cucumber.api.testng.AbstractTestNGCucumberTests.feature(AbstractTestNGCucumberTests.java:21)
Caused by: org.openqa.selenium.NoSuchElementException: no such element: Unable to locate element: {&quot;method&quot;:&quot;xpath&quot;,&quot;selector&quot;:&quot;//input[@value=&apos;Generate Certificate&apos;]&quot;}
  (Session info: chrome=122.0.6261.129)
For documentation on this error, please visit: https://www.selenium.dev/documentation/webdriver/troubleshooting/errors#no-such-element-exception
Build info: version: &apos;4.12.1&apos;, revision: &apos;8e34639b11&apos;
System info: os.name: &apos;Windows 10&apos;, os.arch: &apos;amd64&apos;, os.version: &apos;10.0&apos;, java.version: &apos;11.0.20&apos;
Driver info: org.openqa.selenium.chrome.ChromeDriver
Command: [486f1ddc899bc0bce51ceae148a5b862, findElement {using=xpath, value=//input[@value=&apos;Generate Certificate&apos;]}]
Capabilities {acceptInsecureCerts: false, browserName: chrome, browserVersion: 122.0.6261.129, chrome: {chromedriverVersion: 121.0.6167.85 (3f98d690ad7e..., userDataDir: C:\Users\admin\AppData\Loca...}, fedcm:accounts: true, goog:chromeOptions: {debuggerAddress: localhost:54214}, networkConnectionEnabled: false, pageLoadStrategy: normal, platformName: windows, proxy: Proxy(), se:cdp: ws://localhost:54214/devtoo..., se:cdpVersion: 122.0.6261.129, setWindowRect: true, strictFileInteractability: false, timeouts: {implicit: 0, pageLoad: 300000, script: 30000}, unhandledPromptBehavior: dismiss and notify, webauthn:extension:credBlob: true, webauthn:extension:largeBlob: true, webauthn:extension:minPinLength: true, webauthn:extension:prf: true, webauthn:virtualAuthenticators: true}
Session ID: 486f1ddc899bc0bce51ceae148a5b862
	at org.openqa.selenium.remote.codec.w3c.W3CHttpResponseCodec.createException(W3CHttpResponseCodec.java:200)
	at org.openqa.selenium.remote.codec.w3c.W3CHttpResponseCodec.decode(W3CHttpResponseCodec.java:133)
	at org.openqa.selenium.remote.codec.w3c.W3CHttpResponseCodec.decode(W3CHttpResponseCodec.java:52)
	at org.openqa.selenium.remote.HttpCommandExecutor.execute(HttpCommandExecutor.java:191)
	at org.openqa.selenium.remote.service.DriverCommandExecutor.invokeExecute(DriverCommandExecutor.java:196)
	at org.openqa.selenium.remote.service.DriverCommandExecutor.execute(DriverCommandExecutor.java:171)
	at org.openqa.selenium.remote.RemoteWebDriver.execute(RemoteWebDriver.java:602)
	at org.openqa.selenium.remote.ElementLocation$ElementFinder$2.findElement(ElementLocation.java:165)
	at org.openqa.selenium.remote.ElementLocation.findElement(ElementLocation.java:59)
	at org.openqa.selenium.remote.RemoteWebDriver.findElement(RemoteWebDriver.java:359)
	at org.openqa.selenium.remote.RemoteWebDriver.findElement(RemoteWebDriver.java:353)
	at com.cucumber.PageObjects.UserGenerateSingleWithoutApprovalPageObjects.clicktheGenerateCertificatebutton(UserGenerateSingleWithoutApprovalPageObjects.java:192)
	at com.cucumber.stepdefination.UserGenerateSingleWithoutApprovalSteps.click_the_Generate_Certificate_button(UserGenerateSingleWithoutApprovalSteps.java:80)
	at ✽.Then click the Generate Certificate button(src/test/resources/features/UserGenerateSingleWithoutApproval.feature:17)
... Removed 27 stack frames</pre></div><a href='#' onClick='toggleBox("stack-trace1806883558", this, "Click to show all stack frames", "Click to hide stack frames")'>Click to show all stack frames</a>
<div class='stack-trace' id='stack-trace1806883558'><pre>cucumber.runtime.CucumberException: org.openqa.selenium.NoSuchElementException: no such element: Unable to locate element: {&quot;method&quot;:&quot;xpath&quot;,&quot;selector&quot;:&quot;//input[@value=&apos;Generate Certificate&apos;]&quot;}
  (Session info: chrome=122.0.6261.129)
For documentation on this error, please visit: https://www.selenium.dev/documentation/webdriver/troubleshooting/errors#no-such-element-exception
Build info: version: &apos;4.12.1&apos;, revision: &apos;8e34639b11&apos;
System info: os.name: &apos;Windows 10&apos;, os.arch: &apos;amd64&apos;, os.version: &apos;10.0&apos;, java.version: &apos;11.0.20&apos;
Driver info: org.openqa.selenium.chrome.ChromeDriver
Command: [486f1ddc899bc0bce51ceae148a5b862, findElement {using=xpath, value=//input[@value=&apos;Generate Certificate&apos;]}]
Capabilities {acceptInsecureCerts: false, browserName: chrome, browserVersion: 122.0.6261.129, chrome: {chromedriverVersion: 121.0.6167.85 (3f98d690ad7e..., userDataDir: C:\Users\admin\AppData\Loca...}, fedcm:accounts: true, goog:chromeOptions: {debuggerAddress: localhost:54214}, networkConnectionEnabled: false, pageLoadStrategy: normal, platformName: windows, proxy: Proxy(), se:cdp: ws://localhost:54214/devtoo..., se:cdpVersion: 122.0.6261.129, setWindowRect: true, strictFileInteractability: false, timeouts: {implicit: 0, pageLoad: 300000, script: 30000}, unhandledPromptBehavior: dismiss and notify, webauthn:extension:credBlob: true, webauthn:extension:largeBlob: true, webauthn:extension:minPinLength: true, webauthn:extension:prf: true, webauthn:virtualAuthenticators: true}
Session ID: 486f1ddc899bc0bce51ceae148a5b862
	at cucumber.api.testng.TestNGCucumberRunner.runCucumber(TestNGCucumberRunner.java:69)
	at cucumber.api.testng.AbstractTestNGCucumberTests.feature(AbstractTestNGCucumberTests.java:21)
	at jdk.internal.reflect.GeneratedMethodAccessor95.invoke(Unknown Source)
	at java.base/jdk.internal.reflect.DelegatingMethodAccessorImpl.invoke(DelegatingMethodAccessorImpl.java:43)
	at java.base/java.lang.reflect.Method.invoke(Method.java:566)
	at org.testng.internal.MethodInvocationHelper.invokeMethod(MethodInvocationHelper.java:86)
	at org.testng.internal.Invoker.invokeMethod(Invoker.java:643)
	at org.testng.internal.Invoker.invokeTestMethod(Invoker.java:820)
	at org.testng.internal.Invoker.invokeTestMethods(Invoker.java:1128)
	at org.testng.internal.TestMethodWorker.invokeTestMethods(TestMethodWorker.java:129)
	at org.testng.internal.TestMethodWorker.run(TestMethodWorker.java:112)
	at org.testng.TestRunner.privateRun(TestRunner.java:782)
	at org.testng.TestRunner.run(TestRunner.java:632)
	at org.testng.SuiteRunner.runTest(SuiteRunner.java:366)
	at org.testng.SuiteRunner.runSequentially(SuiteRunner.java:361)
	at org.testng.SuiteRunner.privateRun(SuiteRunner.java:319)
	at org.testng.SuiteRunner.run(SuiteRunner.java:268)
	at org.testng.SuiteRunnerWorker.runSuite(SuiteRunnerWorker.java:52)
	at org.testng.SuiteRunnerWorker.run(SuiteRunnerWorker.java:86)
	at org.testng.TestNG.runSuitesSequentially(TestNG.java:1244)
	at org.testng.TestNG.runSuitesLocally(TestNG.java:1169)
	at org.testng.TestNG.run(TestNG.java:1064)
	at org.testng.remote.AbstractRemoteTestNG.run(AbstractRemoteTestNG.java:115)
	at org.testng.remote.RemoteTestNG.initAndRun(RemoteTestNG.java:251)
	at org.testng.remote.RemoteTestNG.main(RemoteTestNG.java:77)
Caused by: org.openqa.selenium.NoSuchElementException: no such element: Unable to locate element: {&quot;method&quot;:&quot;xpath&quot;,&quot;selector&quot;:&quot;//input[@value=&apos;Generate Certificate&apos;]&quot;}
  (Session info: chrome=122.0.6261.129)
For documentation on this error, please visit: https://www.selenium.dev/documentation/webdriver/troubleshooting/errors#no-such-element-exception
Build info: version: &apos;4.12.1&apos;, revision: &apos;8e34639b11&apos;
System info: os.name: &apos;Windows 10&apos;, os.arch: &apos;amd64&apos;, os.version: &apos;10.0&apos;, java.version: &apos;11.0.20&apos;
Driver info: org.openqa.selenium.chrome.ChromeDriver
Command: [486f1ddc899bc0bce51ceae148a5b862, findElement {using=xpath, value=//input[@value=&apos;Generate Certificate&apos;]}]
Capabilities {acceptInsecureCerts: false, browserName: chrome, browserVersion: 122.0.6261.129, chrome: {chromedriverVersion: 121.0.6167.85 (3f98d690ad7e..., userDataDir: C:\Users\admin\AppData\Loca...}, fedcm:accounts: true, goog:chromeOptions: {debuggerAddress: localhost:54214}, networkConnectionEnabled: false, pageLoadStrategy: normal, platformName: windows, proxy: Proxy(), se:cdp: ws://localhost:54214/devtoo..., se:cdpVersion: 122.0.6261.129, setWindowRect: true, strictFileInteractability: false, timeouts: {implicit: 0, pageLoad: 300000, script: 30000}, unhandledPromptBehavior: dismiss and notify, webauthn:extension:credBlob: true, webauthn:extension:largeBlob: true, webauthn:extension:minPinLength: true, webauthn:extension:prf: true, webauthn:virtualAuthenticators: true}
Session ID: 486f1ddc899bc0bce51ceae148a5b862
	at java.base/jdk.internal.reflect.NativeConstructorAccessorImpl.newInstance0(Native Method)
	at java.base/jdk.internal.reflect.NativeConstructorAccessorImpl.newInstance(NativeConstructorAccessorImpl.java:62)
	at java.base/jdk.internal.reflect.DelegatingConstructorAccessorImpl.newInstance(DelegatingConstructorAccessorImpl.java:45)
	at java.base/java.lang.reflect.Constructor.newInstance(Constructor.java:490)
	at org.openqa.selenium.remote.codec.w3c.W3CHttpResponseCodec.createException(W3CHttpResponseCodec.java:200)
	at org.openqa.selenium.remote.codec.w3c.W3CHttpResponseCodec.decode(W3CHttpResponseCodec.java:133)
	at org.openqa.selenium.remote.codec.w3c.W3CHttpResponseCodec.decode(W3CHttpResponseCodec.java:52)
	at org.openqa.selenium.remote.HttpCommandExecutor.execute(HttpCommandExecutor.java:191)
	at org.openqa.selenium.remote.service.DriverCommandExecutor.invokeExecute(DriverCommandExecutor.java:196)
	at org.openqa.selenium.remote.service.DriverCommandExecutor.execute(DriverCommandExecutor.java:171)
	at org.openqa.selenium.remote.RemoteWebDriver.execute(RemoteWebDriver.java:602)
	at org.openqa.selenium.remote.ElementLocation$ElementFinder$2.findElement(ElementLocation.java:165)
	at org.openqa.selenium.remote.ElementLocation.findElement(ElementLocation.java:59)
	at org.openqa.selenium.remote.RemoteWebDriver.findElement(RemoteWebDriver.java:359)
	at org.openqa.selenium.remote.RemoteWebDriver.findElement(RemoteWebDriver.java:353)
	at com.cucumber.PageObjects.UserGenerateSingleWithoutApprovalPageObjects.clicktheGenerateCertificatebutton(UserGenerateSingleWithoutApprovalPageObjects.java:192)
	at com.cucumber.stepdefination.UserGenerateSingleWithoutApprovalSteps.click_the_Generate_Certificate_button(UserGenerateSingleWithoutApprovalSteps.java:80)
	at ✽.Then click the Generate Certificate button(src/test/resources/features/UserGenerateSingleWithoutApproval.feature:17)
</pre></div></td>
<td>84</td>
<td>com.cucumber.TestRunner.UserGenerateSingleWithoutApprovalRunner@31fa1761</td></tr>
<tr>
<td title='com.cucumber.TestRunner.UserBulkWithoutApprovalRunner.feature()'><b>feature</b><br>Test class: com.cucumber.TestRunner.UserBulkWithoutApprovalRunner<br>Test method: Runs Cucumber Feature<br>Parameters: Institution User - Check the flow of Bulk with Approvals<br/>
<a href="#Output-491710423" onClick='toggleBox("Output-491710423", this, "Show output", "Hide output");'>Show output</a>

<a href="#Output-491710423" onClick="toggleAllBoxes();">Show all outputs</a>
<div class='log' id="Output-491710423">
Completed executing following method : AbstractTestNGCucumberTests.feature<br/>
Test Method resides in com.cucumber.TestRunner.UserBulkWithoutApprovalRunner<br/>
Test Method had the following parameters : nullInstitution User - Check the flow of Bulk with Approvals,<br/>
Test Status: Failed<br/>
</div>
</td>
<td><div><pre>cucumber.runtime.CucumberException: org.openqa.selenium.NoSuchElementException: no such element: Unable to locate element: {&quot;method&quot;:&quot;xpath&quot;,&quot;selector&quot;:&quot;//button[text()=&apos;Ok&apos;]&quot;}
  (Session info: chrome=122.0.6261.129)
For documentation on this error, please visit: https://www.selenium.dev/documentation/webdriver/troubleshooting/errors#no-such-element-exception
Build info: version: &apos;4.12.1&apos;, revision: &apos;8e34639b11&apos;
System info: os.name: &apos;Windows 10&apos;, os.arch: &apos;amd64&apos;, os.version: &apos;10.0&apos;, java.version: &apos;11.0.20&apos;
Driver info: org.openqa.selenium.chrome.ChromeDriver
Command: [55afc6251f0815d780accba35b6f608b, findElement {using=xpath, value=//button[text()=&apos;Ok&apos;]}]
Capabilities {acceptInsecureCerts: false, browserName: chrome, browserVersion: 122.0.6261.129, chrome: {chromedriverVersion: 121.0.6167.85 (3f98d690ad7e..., userDataDir: C:\Users\admin\AppData\Loca...}, fedcm:accounts: true, goog:chromeOptions: {debuggerAddress: localhost:54294}, networkConnectionEnabled: false, pageLoadStrategy: normal, platformName: windows, proxy: Proxy(), se:cdp: ws://localhost:54294/devtoo..., se:cdpVersion: 122.0.6261.129, setWindowRect: true, strictFileInteractability: false, timeouts: {implicit: 0, pageLoad: 300000, script: 30000}, unhandledPromptBehavior: dismiss and notify, webauthn:extension:credBlob: true, webauthn:extension:largeBlob: true, webauthn:extension:minPinLength: true, webauthn:extension:prf: true, webauthn:virtualAuthenticators: true}
Session ID: 55afc6251f0815d780accba35b6f608b
	at cucumber.api.testng.TestNGCucumberRunner.runCucumber(TestNGCucumberRunner.java:69)
	at cucumber.api.testng.AbstractTestNGCucumberTests.feature(AbstractTestNGCucumberTests.java:21)
Caused by: org.openqa.selenium.NoSuchElementException: no such element: Unable to locate element: {&quot;method&quot;:&quot;xpath&quot;,&quot;selector&quot;:&quot;//button[text()=&apos;Ok&apos;]&quot;}
  (Session info: chrome=122.0.6261.129)
For documentation on this error, please visit: https://www.selenium.dev/documentation/webdriver/troubleshooting/errors#no-such-element-exception
Build info: version: &apos;4.12.1&apos;, revision: &apos;8e34639b11&apos;
System info: os.name: &apos;Windows 10&apos;, os.arch: &apos;amd64&apos;, os.version: &apos;10.0&apos;, java.version: &apos;11.0.20&apos;
Driver info: org.openqa.selenium.chrome.ChromeDriver
Command: [55afc6251f0815d780accba35b6f608b, findElement {using=xpath, value=//button[text()=&apos;Ok&apos;]}]
Capabilities {acceptInsecureCerts: false, browserName: chrome, browserVersion: 122.0.6261.129, chrome: {chromedriverVersion: 121.0.6167.85 (3f98d690ad7e..., userDataDir: C:\Users\admin\AppData\Loca...}, fedcm:accounts: true, goog:chromeOptions: {debuggerAddress: localhost:54294}, networkConnectionEnabled: false, pageLoadStrategy: normal, platformName: windows, proxy: Proxy(), se:cdp: ws://localhost:54294/devtoo..., se:cdpVersion: 122.0.6261.129, setWindowRect: true, strictFileInteractability: false, timeouts: {implicit: 0, pageLoad: 300000, script: 30000}, unhandledPromptBehavior: dismiss and notify, webauthn:extension:credBlob: true, webauthn:extension:largeBlob: true, webauthn:extension:minPinLength: true, webauthn:extension:prf: true, webauthn:virtualAuthenticators: true}
Session ID: 55afc6251f0815d780accba35b6f608b
	at org.openqa.selenium.remote.codec.w3c.W3CHttpResponseCodec.createException(W3CHttpResponseCodec.java:200)
	at org.openqa.selenium.remote.codec.w3c.W3CHttpResponseCodec.decode(W3CHttpResponseCodec.java:133)
	at org.openqa.selenium.remote.codec.w3c.W3CHttpResponseCodec.decode(W3CHttpResponseCodec.java:52)
	at org.openqa.selenium.remote.HttpCommandExecutor.execute(HttpCommandExecutor.java:191)
	at org.openqa.selenium.remote.service.DriverCommandExecutor.invokeExecute(DriverCommandExecutor.java:196)
	at org.openqa.selenium.remote.service.DriverCommandExecutor.execute(DriverCommandExecutor.java:171)
	at org.openqa.selenium.remote.RemoteWebDriver.execute(RemoteWebDriver.java:602)
	at org.openqa.selenium.remote.ElementLocation$ElementFinder$2.findElement(ElementLocation.java:165)
	at org.openqa.selenium.remote.ElementLocation.findElement(ElementLocation.java:59)
	at org.openqa.selenium.remote.RemoteWebDriver.findElement(RemoteWebDriver.java:359)
	at org.openqa.selenium.remote.RemoteWebDriver.findElement(RemoteWebDriver.java:353)
	at com.cucumber.PageObjects.UserBulkWithoutApprovalPageObjects.uploadthedatafiles(UserBulkWithoutApprovalPageObjects.java:166)
	at com.cucumber.stepdefination.UserBulkWithoutApprovalSteps.upload_the_data_files(UserBulkWithoutApprovalSteps.java:77)
	at ✽.Then upload the data files(src/test/resources/features/UserBulkWithoutApproval.feature:17)
... Removed 27 stack frames</pre></div><a href='#' onClick='toggleBox("stack-trace491710423", this, "Click to show all stack frames", "Click to hide stack frames")'>Click to show all stack frames</a>
<div class='stack-trace' id='stack-trace491710423'><pre>cucumber.runtime.CucumberException: org.openqa.selenium.NoSuchElementException: no such element: Unable to locate element: {&quot;method&quot;:&quot;xpath&quot;,&quot;selector&quot;:&quot;//button[text()=&apos;Ok&apos;]&quot;}
  (Session info: chrome=122.0.6261.129)
For documentation on this error, please visit: https://www.selenium.dev/documentation/webdriver/troubleshooting/errors#no-such-element-exception
Build info: version: &apos;4.12.1&apos;, revision: &apos;8e34639b11&apos;
System info: os.name: &apos;Windows 10&apos;, os.arch: &apos;amd64&apos;, os.version: &apos;10.0&apos;, java.version: &apos;11.0.20&apos;
Driver info: org.openqa.selenium.chrome.ChromeDriver
Command: [55afc6251f0815d780accba35b6f608b, findElement {using=xpath, value=//button[text()=&apos;Ok&apos;]}]
Capabilities {acceptInsecureCerts: false, browserName: chrome, browserVersion: 122.0.6261.129, chrome: {chromedriverVersion: 121.0.6167.85 (3f98d690ad7e..., userDataDir: C:\Users\admin\AppData\Loca...}, fedcm:accounts: true, goog:chromeOptions: {debuggerAddress: localhost:54294}, networkConnectionEnabled: false, pageLoadStrategy: normal, platformName: windows, proxy: Proxy(), se:cdp: ws://localhost:54294/devtoo..., se:cdpVersion: 122.0.6261.129, setWindowRect: true, strictFileInteractability: false, timeouts: {implicit: 0, pageLoad: 300000, script: 30000}, unhandledPromptBehavior: dismiss and notify, webauthn:extension:credBlob: true, webauthn:extension:largeBlob: true, webauthn:extension:minPinLength: true, webauthn:extension:prf: true, webauthn:virtualAuthenticators: true}
Session ID: 55afc6251f0815d780accba35b6f608b
	at cucumber.api.testng.TestNGCucumberRunner.runCucumber(TestNGCucumberRunner.java:69)
	at cucumber.api.testng.AbstractTestNGCucumberTests.feature(AbstractTestNGCucumberTests.java:21)
	at jdk.internal.reflect.GeneratedMethodAccessor95.invoke(Unknown Source)
	at java.base/jdk.internal.reflect.DelegatingMethodAccessorImpl.invoke(DelegatingMethodAccessorImpl.java:43)
	at java.base/java.lang.reflect.Method.invoke(Method.java:566)
	at org.testng.internal.MethodInvocationHelper.invokeMethod(MethodInvocationHelper.java:86)
	at org.testng.internal.Invoker.invokeMethod(Invoker.java:643)
	at org.testng.internal.Invoker.invokeTestMethod(Invoker.java:820)
	at org.testng.internal.Invoker.invokeTestMethods(Invoker.java:1128)
	at org.testng.internal.TestMethodWorker.invokeTestMethods(TestMethodWorker.java:129)
	at org.testng.internal.TestMethodWorker.run(TestMethodWorker.java:112)
	at org.testng.TestRunner.privateRun(TestRunner.java:782)
	at org.testng.TestRunner.run(TestRunner.java:632)
	at org.testng.SuiteRunner.runTest(SuiteRunner.java:366)
	at org.testng.SuiteRunner.runSequentially(SuiteRunner.java:361)
	at org.testng.SuiteRunner.privateRun(SuiteRunner.java:319)
	at org.testng.SuiteRunner.run(SuiteRunner.java:268)
	at org.testng.SuiteRunnerWorker.runSuite(SuiteRunnerWorker.java:52)
	at org.testng.SuiteRunnerWorker.run(SuiteRunnerWorker.java:86)
	at org.testng.TestNG.runSuitesSequentially(TestNG.java:1244)
	at org.testng.TestNG.runSuitesLocally(TestNG.java:1169)
	at org.testng.TestNG.run(TestNG.java:1064)
	at org.testng.remote.AbstractRemoteTestNG.run(AbstractRemoteTestNG.java:115)
	at org.testng.remote.RemoteTestNG.initAndRun(RemoteTestNG.java:251)
	at org.testng.remote.RemoteTestNG.main(RemoteTestNG.java:77)
Caused by: org.openqa.selenium.NoSuchElementException: no such element: Unable to locate element: {&quot;method&quot;:&quot;xpath&quot;,&quot;selector&quot;:&quot;//button[text()=&apos;Ok&apos;]&quot;}
  (Session info: chrome=122.0.6261.129)
For documentation on this error, please visit: https://www.selenium.dev/documentation/webdriver/troubleshooting/errors#no-such-element-exception
Build info: version: &apos;4.12.1&apos;, revision: &apos;8e34639b11&apos;
System info: os.name: &apos;Windows 10&apos;, os.arch: &apos;amd64&apos;, os.version: &apos;10.0&apos;, java.version: &apos;11.0.20&apos;
Driver info: org.openqa.selenium.chrome.ChromeDriver
Command: [55afc6251f0815d780accba35b6f608b, findElement {using=xpath, value=//button[text()=&apos;Ok&apos;]}]
Capabilities {acceptInsecureCerts: false, browserName: chrome, browserVersion: 122.0.6261.129, chrome: {chromedriverVersion: 121.0.6167.85 (3f98d690ad7e..., userDataDir: C:\Users\admin\AppData\Loca...}, fedcm:accounts: true, goog:chromeOptions: {debuggerAddress: localhost:54294}, networkConnectionEnabled: false, pageLoadStrategy: normal, platformName: windows, proxy: Proxy(), se:cdp: ws://localhost:54294/devtoo..., se:cdpVersion: 122.0.6261.129, setWindowRect: true, strictFileInteractability: false, timeouts: {implicit: 0, pageLoad: 300000, script: 30000}, unhandledPromptBehavior: dismiss and notify, webauthn:extension:credBlob: true, webauthn:extension:largeBlob: true, webauthn:extension:minPinLength: true, webauthn:extension:prf: true, webauthn:virtualAuthenticators: true}
Session ID: 55afc6251f0815d780accba35b6f608b
	at java.base/jdk.internal.reflect.NativeConstructorAccessorImpl.newInstance0(Native Method)
	at java.base/jdk.internal.reflect.NativeConstructorAccessorImpl.newInstance(NativeConstructorAccessorImpl.java:62)
	at java.base/jdk.internal.reflect.DelegatingConstructorAccessorImpl.newInstance(DelegatingConstructorAccessorImpl.java:45)
	at java.base/java.lang.reflect.Constructor.newInstance(Constructor.java:490)
	at org.openqa.selenium.remote.codec.w3c.W3CHttpResponseCodec.createException(W3CHttpResponseCodec.java:200)
	at org.openqa.selenium.remote.codec.w3c.W3CHttpResponseCodec.decode(W3CHttpResponseCodec.java:133)
	at org.openqa.selenium.remote.codec.w3c.W3CHttpResponseCodec.decode(W3CHttpResponseCodec.java:52)
	at org.openqa.selenium.remote.HttpCommandExecutor.execute(HttpCommandExecutor.java:191)
	at org.openqa.selenium.remote.service.DriverCommandExecutor.invokeExecute(DriverCommandExecutor.java:196)
	at org.openqa.selenium.remote.service.DriverCommandExecutor.execute(DriverCommandExecutor.java:171)
	at org.openqa.selenium.remote.RemoteWebDriver.execute(RemoteWebDriver.java:602)
	at org.openqa.selenium.remote.ElementLocation$ElementFinder$2.findElement(ElementLocation.java:165)
	at org.openqa.selenium.remote.ElementLocation.findElement(ElementLocation.java:59)
	at org.openqa.selenium.remote.RemoteWebDriver.findElement(RemoteWebDriver.java:359)
	at org.openqa.selenium.remote.RemoteWebDriver.findElement(RemoteWebDriver.java:353)
	at com.cucumber.PageObjects.UserBulkWithoutApprovalPageObjects.uploadthedatafiles(UserBulkWithoutApprovalPageObjects.java:166)
	at com.cucumber.stepdefination.UserBulkWithoutApprovalSteps.upload_the_data_files(UserBulkWithoutApprovalSteps.java:77)
	at ✽.Then upload the data files(src/test/resources/features/UserBulkWithoutApproval.feature:17)
</pre></div></td>
<td>81</td>
<td>com.cucumber.TestRunner.UserBulkWithoutApprovalRunner@32502377</td></tr>
<tr>
<td title='com.cucumber.TestRunner.UserInternalPrintingRunner.feature()'><b>feature</b><br>Test class: com.cucumber.TestRunner.UserInternalPrintingRunner<br>Test method: Runs Cucumber Feature<br>Parameters: Title of your feature<br/>
<a href="#Output-2128263493" onClick='toggleBox("Output-2128263493", this, "Show output", "Hide output");'>Show output</a>

<a href="#Output-2128263493" onClick="toggleAllBoxes();">Show all outputs</a>
<div class='log' id="Output-2128263493">
Completed executing following method : AbstractTestNGCucumberTests.feature<br/>
Test Method resides in com.cucumber.TestRunner.UserInternalPrintingRunner<br/>
Test Method had the following parameters : nullTitle of your feature,<br/>
Test Status: Failed<br/>
</div>
</td>
<td><div><pre>cucumber.runtime.CucumberException: org.openqa.selenium.ElementClickInterceptedException: element click intercepted: Element &lt;input _ngcontent-tos-c80=&quot;&quot; type=&quot;submit&quot; id=&quot;rcfrmsubmit&quot; value=&quot;Next&quot; class=&quot;btn btn-primary&quot;&gt; is not clickable at point (734, 541). Other element would receive the click: &lt;div _ngcontent-tos-c90=&quot;&quot; class=&quot;loader-box&quot;&gt;...&lt;/div&gt;
  (Session info: chrome=122.0.6261.129)
Build info: version: &apos;4.12.1&apos;, revision: &apos;8e34639b11&apos;
System info: os.name: &apos;Windows 10&apos;, os.arch: &apos;amd64&apos;, os.version: &apos;10.0&apos;, java.version: &apos;11.0.20&apos;
Driver info: org.openqa.selenium.chrome.ChromeDriver
Command: [0a5da1a29216f6fd02559093902dc646, clickElement {id=4BCD3E7162854EDBCADE769F7DA79F57_element_1921}]
Capabilities {acceptInsecureCerts: false, browserName: chrome, browserVersion: 122.0.6261.129, chrome: {chromedriverVersion: 121.0.6167.85 (3f98d690ad7e..., userDataDir: C:\Users\admin\AppData\Loca...}, fedcm:accounts: true, goog:chromeOptions: {debuggerAddress: localhost:54412}, networkConnectionEnabled: false, pageLoadStrategy: normal, platformName: windows, proxy: Proxy(), se:cdp: ws://localhost:54412/devtoo..., se:cdpVersion: 122.0.6261.129, setWindowRect: true, strictFileInteractability: false, timeouts: {implicit: 0, pageLoad: 300000, script: 30000}, unhandledPromptBehavior: dismiss and notify, webauthn:extension:credBlob: true, webauthn:extension:largeBlob: true, webauthn:extension:minPinLength: true, webauthn:extension:prf: true, webauthn:virtualAuthenticators: true}
Element: [[ChromeDriver: chrome on windows (0a5da1a29216f6fd02559093902dc646)] -&gt; xpath: //input[@value=&apos;Next&apos;]]
Session ID: 0a5da1a29216f6fd02559093902dc646
	at cucumber.api.testng.TestNGCucumberRunner.runCucumber(TestNGCucumberRunner.java:69)
	at cucumber.api.testng.AbstractTestNGCucumberTests.feature(AbstractTestNGCucumberTests.java:21)
Caused by: org.openqa.selenium.ElementClickInterceptedException: element click intercepted: Element &lt;input _ngcontent-tos-c80=&quot;&quot; type=&quot;submit&quot; id=&quot;rcfrmsubmit&quot; value=&quot;Next&quot; class=&quot;btn btn-primary&quot;&gt; is not clickable at point (734, 541). Other element would receive the click: &lt;div _ngcontent-tos-c90=&quot;&quot; class=&quot;loader-box&quot;&gt;...&lt;/div&gt;
  (Session info: chrome=122.0.6261.129)
Build info: version: &apos;4.12.1&apos;, revision: &apos;8e34639b11&apos;
System info: os.name: &apos;Windows 10&apos;, os.arch: &apos;amd64&apos;, os.version: &apos;10.0&apos;, java.version: &apos;11.0.20&apos;
Driver info: org.openqa.selenium.chrome.ChromeDriver
Command: [0a5da1a29216f6fd02559093902dc646, clickElement {id=4BCD3E7162854EDBCADE769F7DA79F57_element_1921}]
Capabilities {acceptInsecureCerts: false, browserName: chrome, browserVersion: 122.0.6261.129, chrome: {chromedriverVersion: 121.0.6167.85 (3f98d690ad7e..., userDataDir: C:\Users\admin\AppData\Loca...}, fedcm:accounts: true, goog:chromeOptions: {debuggerAddress: localhost:54412}, networkConnectionEnabled: false, pageLoadStrategy: normal, platformName: windows, proxy: Proxy(), se:cdp: ws://localhost:54412/devtoo..., se:cdpVersion: 122.0.6261.129, setWindowRect: true, strictFileInteractability: false, timeouts: {implicit: 0, pageLoad: 300000, script: 30000}, unhandledPromptBehavior: dismiss and notify, webauthn:extension:credBlob: true, webauthn:extension:largeBlob: true, webauthn:extension:minPinLength: true, webauthn:extension:prf: true, webauthn:virtualAuthenticators: true}
Element: [[ChromeDriver: chrome on windows (0a5da1a29216f6fd02559093902dc646)] -&gt; xpath: //input[@value=&apos;Next&apos;]]
Session ID: 0a5da1a29216f6fd02559093902dc646
	at org.openqa.selenium.remote.codec.w3c.W3CHttpResponseCodec.createException(W3CHttpResponseCodec.java:200)
	at org.openqa.selenium.remote.codec.w3c.W3CHttpResponseCodec.decode(W3CHttpResponseCodec.java:133)
	at org.openqa.selenium.remote.codec.w3c.W3CHttpResponseCodec.decode(W3CHttpResponseCodec.java:52)
	at org.openqa.selenium.remote.HttpCommandExecutor.execute(HttpCommandExecutor.java:191)
	at org.openqa.selenium.remote.service.DriverCommandExecutor.invokeExecute(DriverCommandExecutor.java:196)
	at org.openqa.selenium.remote.service.DriverCommandExecutor.execute(DriverCommandExecutor.java:171)
	at org.openqa.selenium.remote.RemoteWebDriver.execute(RemoteWebDriver.java:602)
	at org.openqa.selenium.remote.RemoteWebElement.execute(RemoteWebElement.java:224)
	at org.openqa.selenium.remote.RemoteWebElement.click(RemoteWebElement.java:77)
	at com.cucumber.PageObjects.InternalPrintingPageObjects.generateQRCode(InternalPrintingPageObjects.java:83)
	at com.cucumber.stepdefination.InternalPrintingSteps.generate_the_QR_Code(InternalPrintingSteps.java:36)
	at ✽.And Generate the QR Code(src/test/resources/features/UserInternalPrinting.feature:9)
... Removed 27 stack frames</pre></div><a href='#' onClick='toggleBox("stack-trace2128263493", this, "Click to show all stack frames", "Click to hide stack frames")'>Click to show all stack frames</a>
<div class='stack-trace' id='stack-trace2128263493'><pre>cucumber.runtime.CucumberException: org.openqa.selenium.ElementClickInterceptedException: element click intercepted: Element &lt;input _ngcontent-tos-c80=&quot;&quot; type=&quot;submit&quot; id=&quot;rcfrmsubmit&quot; value=&quot;Next&quot; class=&quot;btn btn-primary&quot;&gt; is not clickable at point (734, 541). Other element would receive the click: &lt;div _ngcontent-tos-c90=&quot;&quot; class=&quot;loader-box&quot;&gt;...&lt;/div&gt;
  (Session info: chrome=122.0.6261.129)
Build info: version: &apos;4.12.1&apos;, revision: &apos;8e34639b11&apos;
System info: os.name: &apos;Windows 10&apos;, os.arch: &apos;amd64&apos;, os.version: &apos;10.0&apos;, java.version: &apos;11.0.20&apos;
Driver info: org.openqa.selenium.chrome.ChromeDriver
Command: [0a5da1a29216f6fd02559093902dc646, clickElement {id=4BCD3E7162854EDBCADE769F7DA79F57_element_1921}]
Capabilities {acceptInsecureCerts: false, browserName: chrome, browserVersion: 122.0.6261.129, chrome: {chromedriverVersion: 121.0.6167.85 (3f98d690ad7e..., userDataDir: C:\Users\admin\AppData\Loca...}, fedcm:accounts: true, goog:chromeOptions: {debuggerAddress: localhost:54412}, networkConnectionEnabled: false, pageLoadStrategy: normal, platformName: windows, proxy: Proxy(), se:cdp: ws://localhost:54412/devtoo..., se:cdpVersion: 122.0.6261.129, setWindowRect: true, strictFileInteractability: false, timeouts: {implicit: 0, pageLoad: 300000, script: 30000}, unhandledPromptBehavior: dismiss and notify, webauthn:extension:credBlob: true, webauthn:extension:largeBlob: true, webauthn:extension:minPinLength: true, webauthn:extension:prf: true, webauthn:virtualAuthenticators: true}
Element: [[ChromeDriver: chrome on windows (0a5da1a29216f6fd02559093902dc646)] -&gt; xpath: //input[@value=&apos;Next&apos;]]
Session ID: 0a5da1a29216f6fd02559093902dc646
	at cucumber.api.testng.TestNGCucumberRunner.runCucumber(TestNGCucumberRunner.java:69)
	at cucumber.api.testng.AbstractTestNGCucumberTests.feature(AbstractTestNGCucumberTests.java:21)
	at jdk.internal.reflect.GeneratedMethodAccessor95.invoke(Unknown Source)
	at java.base/jdk.internal.reflect.DelegatingMethodAccessorImpl.invoke(DelegatingMethodAccessorImpl.java:43)
	at java.base/java.lang.reflect.Method.invoke(Method.java:566)
	at org.testng.internal.MethodInvocationHelper.invokeMethod(MethodInvocationHelper.java:86)
	at org.testng.internal.Invoker.invokeMethod(Invoker.java:643)
	at org.testng.internal.Invoker.invokeTestMethod(Invoker.java:820)
	at org.testng.internal.Invoker.invokeTestMethods(Invoker.java:1128)
	at org.testng.internal.TestMethodWorker.invokeTestMethods(TestMethodWorker.java:129)
	at org.testng.internal.TestMethodWorker.run(TestMethodWorker.java:112)
	at org.testng.TestRunner.privateRun(TestRunner.java:782)
	at org.testng.TestRunner.run(TestRunner.java:632)
	at org.testng.SuiteRunner.runTest(SuiteRunner.java:366)
	at org.testng.SuiteRunner.runSequentially(SuiteRunner.java:361)
	at org.testng.SuiteRunner.privateRun(SuiteRunner.java:319)
	at org.testng.SuiteRunner.run(SuiteRunner.java:268)
	at org.testng.SuiteRunnerWorker.runSuite(SuiteRunnerWorker.java:52)
	at org.testng.SuiteRunnerWorker.run(SuiteRunnerWorker.java:86)
	at org.testng.TestNG.runSuitesSequentially(TestNG.java:1244)
	at org.testng.TestNG.runSuitesLocally(TestNG.java:1169)
	at org.testng.TestNG.run(TestNG.java:1064)
	at org.testng.remote.AbstractRemoteTestNG.run(AbstractRemoteTestNG.java:115)
	at org.testng.remote.RemoteTestNG.initAndRun(RemoteTestNG.java:251)
	at org.testng.remote.RemoteTestNG.main(RemoteTestNG.java:77)
Caused by: org.openqa.selenium.ElementClickInterceptedException: element click intercepted: Element &lt;input _ngcontent-tos-c80=&quot;&quot; type=&quot;submit&quot; id=&quot;rcfrmsubmit&quot; value=&quot;Next&quot; class=&quot;btn btn-primary&quot;&gt; is not clickable at point (734, 541). Other element would receive the click: &lt;div _ngcontent-tos-c90=&quot;&quot; class=&quot;loader-box&quot;&gt;...&lt;/div&gt;
  (Session info: chrome=122.0.6261.129)
Build info: version: &apos;4.12.1&apos;, revision: &apos;8e34639b11&apos;
System info: os.name: &apos;Windows 10&apos;, os.arch: &apos;amd64&apos;, os.version: &apos;10.0&apos;, java.version: &apos;11.0.20&apos;
Driver info: org.openqa.selenium.chrome.ChromeDriver
Command: [0a5da1a29216f6fd02559093902dc646, clickElement {id=4BCD3E7162854EDBCADE769F7DA79F57_element_1921}]
Capabilities {acceptInsecureCerts: false, browserName: chrome, browserVersion: 122.0.6261.129, chrome: {chromedriverVersion: 121.0.6167.85 (3f98d690ad7e..., userDataDir: C:\Users\admin\AppData\Loca...}, fedcm:accounts: true, goog:chromeOptions: {debuggerAddress: localhost:54412}, networkConnectionEnabled: false, pageLoadStrategy: normal, platformName: windows, proxy: Proxy(), se:cdp: ws://localhost:54412/devtoo..., se:cdpVersion: 122.0.6261.129, setWindowRect: true, strictFileInteractability: false, timeouts: {implicit: 0, pageLoad: 300000, script: 30000}, unhandledPromptBehavior: dismiss and notify, webauthn:extension:credBlob: true, webauthn:extension:largeBlob: true, webauthn:extension:minPinLength: true, webauthn:extension:prf: true, webauthn:virtualAuthenticators: true}
Element: [[ChromeDriver: chrome on windows (0a5da1a29216f6fd02559093902dc646)] -&gt; xpath: //input[@value=&apos;Next&apos;]]
Session ID: 0a5da1a29216f6fd02559093902dc646
	at java.base/jdk.internal.reflect.NativeConstructorAccessorImpl.newInstance0(Native Method)
	at java.base/jdk.internal.reflect.NativeConstructorAccessorImpl.newInstance(NativeConstructorAccessorImpl.java:62)
	at java.base/jdk.internal.reflect.DelegatingConstructorAccessorImpl.newInstance(DelegatingConstructorAccessorImpl.java:45)
	at java.base/java.lang.reflect.Constructor.newInstance(Constructor.java:490)
	at org.openqa.selenium.remote.codec.w3c.W3CHttpResponseCodec.createException(W3CHttpResponseCodec.java:200)
	at org.openqa.selenium.remote.codec.w3c.W3CHttpResponseCodec.decode(W3CHttpResponseCodec.java:133)
	at org.openqa.selenium.remote.codec.w3c.W3CHttpResponseCodec.decode(W3CHttpResponseCodec.java:52)
	at org.openqa.selenium.remote.HttpCommandExecutor.execute(HttpCommandExecutor.java:191)
	at org.openqa.selenium.remote.service.DriverCommandExecutor.invokeExecute(DriverCommandExecutor.java:196)
	at org.openqa.selenium.remote.service.DriverCommandExecutor.execute(DriverCommandExecutor.java:171)
	at org.openqa.selenium.remote.RemoteWebDriver.execute(RemoteWebDriver.java:602)
	at org.openqa.selenium.remote.RemoteWebElement.execute(RemoteWebElement.java:224)
	at org.openqa.selenium.remote.RemoteWebElement.click(RemoteWebElement.java:77)
	at com.cucumber.PageObjects.InternalPrintingPageObjects.generateQRCode(InternalPrintingPageObjects.java:83)
	at com.cucumber.stepdefination.InternalPrintingSteps.generate_the_QR_Code(InternalPrintingSteps.java:36)
	at ✽.And Generate the QR Code(src/test/resources/features/UserInternalPrinting.feature:9)
</pre></div></td>
<td>13</td>
<td>com.cucumber.TestRunner.UserInternalPrintingRunner@550dbc7a</td></tr>
</table><p>
<table width='100%' border='1' class='invocation-passed'>
<tr><td colspan='4' align='center'><b>PASSED TESTS</b></td></tr>
<tr><td><b>Test method</b></td>
<td width="30%"><b>Exception</b></td>
<td width="10%"><b>Time (seconds)</b></td>
<td><b>Instance</b></td>
</tr>
<tr>
<td title='com.cucumber.TestRunner.OrgMgmtChangePasswordRunner.feature()'><b>feature</b><br>Test class: com.cucumber.TestRunner.OrgMgmtChangePasswordRunner<br>Test method: Runs Cucumber Feature<br>Parameters: Organization Management - Check the flow of ChangePassword<br/>
<a href="#Output-1700794291" onClick='toggleBox("Output-1700794291", this, "Show output", "Hide output");'>Show output</a>

<a href="#Output-1700794291" onClick="toggleAllBoxes();">Show all outputs</a>
<div class='log' id="Output-1700794291">
Completed executing following method : AbstractTestNGCucumberTests.feature<br/>
Test Method resides in com.cucumber.TestRunner.OrgMgmtChangePasswordRunner<br/>
Test Method had the following parameters : nullOrganization Management - Check the flow of ChangePassword,<br/>
Test Status: Pass<br/>
</div>
</td>
<td></td>
<td>53</td>
<td>com.cucumber.TestRunner.OrgMgmtChangePasswordRunner@4f2b503c</td></tr>
<tr>
<td title='com.cucumber.TestRunner.OrgMgmtLaunchTheApplicationRunner.feature()'><b>feature</b><br>Test class: com.cucumber.TestRunner.OrgMgmtLaunchTheApplicationRunner<br>Test method: Runs Cucumber Feature<br>Parameters: Organisation Management - Check the flow of Launch the application<br/>
<a href="#Output-482614135" onClick='toggleBox("Output-482614135", this, "Show output", "Hide output");'>Show output</a>

<a href="#Output-482614135" onClick="toggleAllBoxes();">Show all outputs</a>
<div class='log' id="Output-482614135">
Completed executing following method : AbstractTestNGCucumberTests.feature<br/>
Test Method resides in com.cucumber.TestRunner.OrgMgmtLaunchTheApplicationRunner<br/>
Test Method had the following parameters : nullOrganisation Management - Check the flow of Launch the application,<br/>
Test Status: Pass<br/>
</div>
</td>
<td></td>
<td>0</td>
<td>com.cucumber.TestRunner.OrgMgmtLaunchTheApplicationRunner@bae7dc0</td></tr>
<tr>
<td title='com.cucumber.TestRunner.OrgMgmtUpdateProfileRunner.feature()'><b>feature</b><br>Test class: com.cucumber.TestRunner.OrgMgmtUpdateProfileRunner<br>Test method: Runs Cucumber Feature<br>Parameters: Organisation Management - Check the flow of Update Profile<br/>
<a href="#Output-150255619" onClick='toggleBox("Output-150255619", this, "Show output", "Hide output");'>Show output</a>

<a href="#Output-150255619" onClick="toggleAllBoxes();">Show all outputs</a>
<div class='log' id="Output-150255619">
Completed executing following method : AbstractTestNGCucumberTests.feature<br/>
Test Method resides in com.cucumber.TestRunner.OrgMgmtUpdateProfileRunner<br/>
Test Method had the following parameters : nullOrganisation Management - Check the flow of Update Profile,<br/>
Test Status: Pass<br/>
</div>
</td>
<td></td>
<td>72</td>
<td>com.cucumber.TestRunner.OrgMgmtUpdateProfileRunner@209da20d</td></tr>
<tr>
<td title='com.cucumber.TestRunner.OrgSalesChangePasswordRunner.feature()'><b>feature</b><br>Test class: com.cucumber.TestRunner.OrgSalesChangePasswordRunner<br>Test method: Runs Cucumber Feature<br>Parameters: Orgnaisation Sales - Check the flow of Change Password<br/>
<a href="#Output-822619898" onClick='toggleBox("Output-822619898", this, "Show output", "Hide output");'>Show output</a>

<a href="#Output-822619898" onClick="toggleAllBoxes();">Show all outputs</a>
<div class='log' id="Output-822619898">
Completed executing following method : AbstractTestNGCucumberTests.feature<br/>
Test Method resides in com.cucumber.TestRunner.OrgSalesChangePasswordRunner<br/>
Test Method had the following parameters : nullOrgnaisation Sales - Check the flow of Change Password,<br/>
Test Status: Pass<br/>
</div>
</td>
<td></td>
<td>56</td>
<td>com.cucumber.TestRunner.OrgSalesChangePasswordRunner@e15b7e8</td></tr>
<tr>
<td title='com.cucumber.TestRunner.OrgSalesLaunchTheApplicationRunner.feature()'><b>feature</b><br>Test class: com.cucumber.TestRunner.OrgSalesLaunchTheApplicationRunner<br>Test method: Runs Cucumber Feature<br>Parameters: Organisation Sales - Check the flow of Launch the application<br/>
<a href="#Output-1736826640" onClick='toggleBox("Output-1736826640", this, "Show output", "Hide output");'>Show output</a>

<a href="#Output-1736826640" onClick="toggleAllBoxes();">Show all outputs</a>
<div class='log' id="Output-1736826640">
Completed executing following method : AbstractTestNGCucumberTests.feature<br/>
Test Method resides in com.cucumber.TestRunner.OrgSalesLaunchTheApplicationRunner<br/>
Test Method had the following parameters : nullOrganisation Sales - Check the flow of Launch the application,<br/>
Test Status: Pass<br/>
</div>
</td>
<td></td>
<td>0</td>
<td>com.cucumber.TestRunner.OrgSalesLaunchTheApplicationRunner@1b2abca6</td></tr>
<tr>
<td title='com.cucumber.TestRunner.OrgSalesReceiptsRunner.feature()'><b>feature</b><br>Test class: com.cucumber.TestRunner.OrgSalesReceiptsRunner<br>Test method: Runs Cucumber Feature<br>Parameters: Organisation Sales - Check the flow of Organisation Sales Reports Receipts<br/>
<a href="#Output-56115670" onClick='toggleBox("Output-56115670", this, "Show output", "Hide output");'>Show output</a>

<a href="#Output-56115670" onClick="toggleAllBoxes();">Show all outputs</a>
<div class='log' id="Output-56115670">
Completed executing following method : AbstractTestNGCucumberTests.feature<br/>
Test Method resides in com.cucumber.TestRunner.OrgSalesReceiptsRunner<br/>
Test Method had the following parameters : nullOrganisation Sales - Check the flow of Organisation Sales Reports Receipts,<br/>
Test Status: Pass<br/>
</div>
</td>
<td></td>
<td>76</td>
<td>com.cucumber.TestRunner.OrgSalesReceiptsRunner@6392827e</td></tr>
<tr>
<td title='com.cucumber.TestRunner.AdminCertificateApprovalsRunner.feature()'><b>feature</b><br>Test class: com.cucumber.TestRunner.AdminCertificateApprovalsRunner<br>Test method: Runs Cucumber Feature<br>Parameters: Institute Admin - Check the flow of CertificatesApprovals<br/>
<a href="#Output-292841327" onClick='toggleBox("Output-292841327", this, "Show output", "Hide output");'>Show output</a>

<a href="#Output-292841327" onClick="toggleAllBoxes();">Show all outputs</a>
<div class='log' id="Output-292841327">
Completed executing following method : AbstractTestNGCucumberTests.feature<br/>
Test Method resides in com.cucumber.TestRunner.AdminCertificateApprovalsRunner<br/>
Test Method had the following parameters : nullInstitute Admin - Check the flow of CertificatesApprovals,<br/>
Test Status: Pass<br/>
</div>
</td>
<td></td>
<td>20</td>
<td>com.cucumber.TestRunner.AdminCertificateApprovalsRunner@2ed2d9cb</td></tr>
<tr>
<td title='com.cucumber.TestRunner.AdminAddCertificateTypeRunner.feature()'><b>feature</b><br>Test class: com.cucumber.TestRunner.AdminAddCertificateTypeRunner<br>Test method: Runs Cucumber Feature<br>Parameters: Institution Admin - Check the flow of Add Certificate Type<br/>
<a href="#Output-215561761" onClick='toggleBox("Output-215561761", this, "Show output", "Hide output");'>Show output</a>

<a href="#Output-215561761" onClick="toggleAllBoxes();">Show all outputs</a>
<div class='log' id="Output-215561761">
Completed executing following method : AbstractTestNGCucumberTests.feature<br/>
Test Method resides in com.cucumber.TestRunner.AdminAddCertificateTypeRunner<br/>
Test Method had the following parameters : nullInstitution Admin - Check the flow of Add Certificate Type,<br/>
Test Status: Pass<br/>
</div>
</td>
<td></td>
<td>31</td>
<td>com.cucumber.TestRunner.AdminAddCertificateTypeRunner@d5b810e</td></tr>
<tr>
<td title='com.cucumber.TestRunner.AdminVerifiedCertificatesRunner.feature()'><b>feature</b><br>Test class: com.cucumber.TestRunner.AdminVerifiedCertificatesRunner<br>Test method: Runs Cucumber Feature<br>Parameters: Institution Admin - Check the flow of Verified Certificates<br/>
<a href="#Output-2066011620" onClick='toggleBox("Output-2066011620", this, "Show output", "Hide output");'>Show output</a>

<a href="#Output-2066011620" onClick="toggleAllBoxes();">Show all outputs</a>
<div class='log' id="Output-2066011620">
Completed executing following method : AbstractTestNGCucumberTests.feature<br/>
Test Method resides in com.cucumber.TestRunner.AdminVerifiedCertificatesRunner<br/>
Test Method had the following parameters : nullInstitution Admin - Check the flow of Verified Certificates,<br/>
Test Status: Pass<br/>
</div>
</td>
<td></td>
<td>55</td>
<td>com.cucumber.TestRunner.AdminVerifiedCertificatesRunner@342c38f8</td></tr>
<tr>
<td title='com.cucumber.TestRunner.AdminUpdateProfileRunner.feature()'><b>feature</b><br>Test class: com.cucumber.TestRunner.AdminUpdateProfileRunner<br>Test method: Runs Cucumber Feature<br>Parameters: Institution Admin - Check the flow of Updateprofile<br/>
<a href="#Output-271531781" onClick='toggleBox("Output-271531781", this, "Show output", "Hide output");'>Show output</a>

<a href="#Output-271531781" onClick="toggleAllBoxes();">Show all outputs</a>
<div class='log' id="Output-271531781">
Completed executing following method : AbstractTestNGCucumberTests.feature<br/>
Test Method resides in com.cucumber.TestRunner.AdminUpdateProfileRunner<br/>
Test Method had the following parameters : nullInstitution Admin - Check the flow of Updateprofile,<br/>
Test Status: Pass<br/>
</div>
</td>
<td></td>
<td>29</td>
<td>com.cucumber.TestRunner.AdminUpdateProfileRunner@c88a337</td></tr>
<tr>
<td title='com.cucumber.TestRunner.ApprovalSettingsRunner.feature()'><b>feature</b><br>Test class: com.cucumber.TestRunner.ApprovalSettingsRunner<br>Test method: Runs Cucumber Feature<br>Parameters: Institution Admin - Check the flow of Approval Settings<br/>
<a href="#Output-1272033405" onClick='toggleBox("Output-1272033405", this, "Show output", "Hide output");'>Show output</a>

<a href="#Output-1272033405" onClick="toggleAllBoxes();">Show all outputs</a>
<div class='log' id="Output-1272033405">
Completed executing following method : AbstractTestNGCucumberTests.feature<br/>
Test Method resides in com.cucumber.TestRunner.ApprovalSettingsRunner<br/>
Test Method had the following parameters : nullInstitution Admin - Check the flow of Approval Settings,<br/>
Test Status: Pass<br/>
</div>
</td>
<td></td>
<td>32</td>
<td>com.cucumber.TestRunner.ApprovalSettingsRunner@2ea41516</td></tr>
<tr>
<td title='com.cucumber.TestRunner.AdminRegistrationRunner.feature()'><b>feature</b><br>Test class: com.cucumber.TestRunner.AdminRegistrationRunner<br>Test method: Runs Cucumber Feature<br>Parameters: Institution Admin - Check the flow of Registration<br/>
<a href="#Output-120561697" onClick='toggleBox("Output-120561697", this, "Show output", "Hide output");'>Show output</a>

<a href="#Output-120561697" onClick="toggleAllBoxes();">Show all outputs</a>
<div class='log' id="Output-120561697">
Completed executing following method : AbstractTestNGCucumberTests.feature<br/>
Test Method resides in com.cucumber.TestRunner.AdminRegistrationRunner<br/>
Test Method had the following parameters : nullInstitution Admin - Check the flow of Registration,<br/>
Test Status: Pass<br/>
</div>
</td>
<td></td>
<td>30</td>
<td>com.cucumber.TestRunner.AdminRegistrationRunner@3c7f66c4</td></tr>
<tr>
<td title='com.cucumber.TestRunner.AdminUpdateInstitutionRunner.feature()'><b>feature</b><br>Test class: com.cucumber.TestRunner.AdminUpdateInstitutionRunner<br>Test method: Runs Cucumber Feature<br>Parameters: Institution Admin - Check the flow of Update Institution<br/>
<a href="#Output-1113967597" onClick='toggleBox("Output-1113967597", this, "Show output", "Hide output");'>Show output</a>

<a href="#Output-1113967597" onClick="toggleAllBoxes();">Show all outputs</a>
<div class='log' id="Output-1113967597">
Completed executing following method : AbstractTestNGCucumberTests.feature<br/>
Test Method resides in com.cucumber.TestRunner.AdminUpdateInstitutionRunner<br/>
Test Method had the following parameters : nullInstitution Admin - Check the flow of Update Institution,<br/>
Test Status: Pass<br/>
</div>
</td>
<td></td>
<td>31</td>
<td>com.cucumber.TestRunner.AdminUpdateInstitutionRunner@17497425</td></tr>
<tr>
<td title='com.cucumber.TestRunner.AdminRecentCertificateGenerationsRevokeRunner.feature()'><b>feature</b><br>Test class: com.cucumber.TestRunner.AdminRecentCertificateGenerationsRevokeRunner<br>Test method: Runs Cucumber Feature<br>Parameters: Institution Admin - Check the flow of Recent Certificate Generations Revoke<br/>
<a href="#Output-607690808" onClick='toggleBox("Output-607690808", this, "Show output", "Hide output");'>Show output</a>

<a href="#Output-607690808" onClick="toggleAllBoxes();">Show all outputs</a>
<div class='log' id="Output-607690808">
Completed executing following method : AbstractTestNGCucumberTests.feature<br/>
Test Method resides in com.cucumber.TestRunner.AdminRecentCertificateGenerationsRevokeRunner<br/>
Test Method had the following parameters : nullInstitution Admin - Check the flow of Recent Certificate Generations Revoke,<br/>
Test Status: Pass<br/>
</div>
</td>
<td></td>
<td>21</td>
<td>com.cucumber.TestRunner.AdminRecentCertificateGenerationsRevokeRunner@4803b726</td></tr>
<tr>
<td title='com.cucumber.TestRunner.AdminRecentCertificateGenerationsRecallRunner.feature()'><b>feature</b><br>Test class: com.cucumber.TestRunner.AdminRecentCertificateGenerationsRecallRunner<br>Test method: Runs Cucumber Feature<br>Parameters: Institution User - Check the flow of Recent Certificate Generations Recall<br/>
<a href="#Output-1956215974" onClick='toggleBox("Output-1956215974", this, "Show output", "Hide output");'>Show output</a>

<a href="#Output-1956215974" onClick="toggleAllBoxes();">Show all outputs</a>
<div class='log' id="Output-1956215974">
Completed executing following method : AbstractTestNGCucumberTests.feature<br/>
Test Method resides in com.cucumber.TestRunner.AdminRecentCertificateGenerationsRecallRunner<br/>
Test Method had the following parameters : nullInstitution User - Check the flow of Recent Certificate Generations Recall,<br/>
Test Status: Pass<br/>
</div>
</td>
<td></td>
<td>23</td>
<td>com.cucumber.TestRunner.AdminRecentCertificateGenerationsRecallRunner@53ce1329</td></tr>
<tr>
<td title='com.cucumber.TestRunner.AdminRecentCertificateGenerationsandVerificationsSendMailRunner.feature()'><b>feature</b><br>Test class: com.cucumber.TestRunner.AdminRecentCertificateGenerationsandVerificationsSendMailRunner<br>Test method: Runs Cucumber Feature<br>Parameters: Institution User - Check the flow of Recent Certificate GenerationsandVerification Send Mail<br/>
<a href="#Output-1684372243" onClick='toggleBox("Output-1684372243", this, "Show output", "Hide output");'>Show output</a>

<a href="#Output-1684372243" onClick="toggleAllBoxes();">Show all outputs</a>
<div class='log' id="Output-1684372243">
Completed executing following method : AbstractTestNGCucumberTests.feature<br/>
Test Method resides in com.cucumber.TestRunner.AdminRecentCertificateGenerationsandVerificationsSendMailRunner<br/>
Test Method had the following parameters : nullInstitution User - Check the flow of Recent Certificate GenerationsandVerification Send Mail,<br/>
Test Status: Pass<br/>
</div>
</td>
<td></td>
<td>23</td>
<td>com.cucumber.TestRunner.AdminRecentCertificateGenerationsandVerificationsSendMailRunner@6404f418</td></tr>
<tr>
<td title='com.cucumber.TestRunner.UserVerificationURLRunner.feature()'><b>feature</b><br>Test class: com.cucumber.TestRunner.UserVerificationURLRunner<br>Test method: Runs Cucumber Feature<br>Parameters: Institution User - Check the flow of Verification URL<br/>
<a href="#Output-469528144" onClick='toggleBox("Output-469528144", this, "Show output", "Hide output");'>Show output</a>

<a href="#Output-469528144" onClick="toggleAllBoxes();">Show all outputs</a>
<div class='log' id="Output-469528144">
Completed executing following method : AbstractTestNGCucumberTests.feature<br/>
Test Method resides in com.cucumber.TestRunner.UserVerificationURLRunner<br/>
Test Method had the following parameters : nullInstitution User - Check the flow of Verification URL,<br/>
Test Status: Pass<br/>
</div>
</td>
<td></td>
<td>12</td>
<td>com.cucumber.TestRunner.UserVerificationURLRunner@1de5f259</td></tr>
<tr>
<td title='com.cucumber.TestRunner.UserVerifyCertificatesRunner.feature()'><b>feature</b><br>Test class: com.cucumber.TestRunner.UserVerifyCertificatesRunner<br>Test method: Runs Cucumber Feature<br>Parameters: Institution User - Check the flow of Institution User Verify Certificates<br/>
<a href="#Output-882416875" onClick='toggleBox("Output-882416875", this, "Show output", "Hide output");'>Show output</a>

<a href="#Output-882416875" onClick="toggleAllBoxes();">Show all outputs</a>
<div class='log' id="Output-882416875">
Completed executing following method : AbstractTestNGCucumberTests.feature<br/>
Test Method resides in com.cucumber.TestRunner.UserVerifyCertificatesRunner<br/>
Test Method had the following parameters : nullInstitution User - Check the flow of Institution User Verify Certificates,<br/>
Test Status: Pass<br/>
</div>
</td>
<td></td>
<td>40</td>
<td>com.cucumber.TestRunner.UserVerifyCertificatesRunner@4dbb42b7</td></tr>
<tr>
<td title='com.cucumber.TestRunner.UserVerifiedCertificatesRunner.feature()'><b>feature</b><br>Test class: com.cucumber.TestRunner.UserVerifiedCertificatesRunner<br>Test method: Runs Cucumber Feature<br>Parameters: Institution User - Check the flow of Verified Certificates<br/>
<a href="#Output-923571841" onClick='toggleBox("Output-923571841", this, "Show output", "Hide output");'>Show output</a>

<a href="#Output-923571841" onClick="toggleAllBoxes();">Show all outputs</a>
<div class='log' id="Output-923571841">
Completed executing following method : AbstractTestNGCucumberTests.feature<br/>
Test Method resides in com.cucumber.TestRunner.UserVerifiedCertificatesRunner<br/>
Test Method had the following parameters : nullInstitution User - Check the flow of Verified Certificates,<br/>
Test Status: Pass<br/>
</div>
</td>
<td></td>
<td>38</td>
<td>com.cucumber.TestRunner.UserVerifiedCertificatesRunner@36916eb0</td></tr>
<tr>
<td title='com.cucumber.TestRunner.UserBulkGeneratedCertficatesRunner.feature()'><b>feature</b><br>Test class: com.cucumber.TestRunner.UserBulkGeneratedCertficatesRunner<br>Test method: Runs Cucumber Feature<br>Parameters: Institution User - Check the flow of Bulk Generated certificates<br/>
<a href="#Output-1649994372" onClick='toggleBox("Output-1649994372", this, "Show output", "Hide output");'>Show output</a>

<a href="#Output-1649994372" onClick="toggleAllBoxes();">Show all outputs</a>
<div class='log' id="Output-1649994372">
Completed executing following method : AbstractTestNGCucumberTests.feature<br/>
Test Method resides in com.cucumber.TestRunner.UserBulkGeneratedCertficatesRunner<br/>
Test Method had the following parameters : nullInstitution User - Check the flow of Bulk Generated certificates,<br/>
Test Status: Pass<br/>
</div>
</td>
<td></td>
<td>21</td>
<td>com.cucumber.TestRunner.UserBulkGeneratedCertficatesRunner@437da279</td></tr>
<tr>
<td title='com.cucumber.TestRunner.UserUpdateProfileRunner.feature()'><b>feature</b><br>Test class: com.cucumber.TestRunner.UserUpdateProfileRunner<br>Test method: Runs Cucumber Feature<br>Parameters: Institution User - Check the flow of Updateprofile<br/>
<a href="#Output-1637681527" onClick='toggleBox("Output-1637681527", this, "Show output", "Hide output");'>Show output</a>

<a href="#Output-1637681527" onClick="toggleAllBoxes();">Show all outputs</a>
<div class='log' id="Output-1637681527">
Completed executing following method : AbstractTestNGCucumberTests.feature<br/>
Test Method resides in com.cucumber.TestRunner.UserUpdateProfileRunner<br/>
Test Method had the following parameters : nullInstitution User - Check the flow of Updateprofile,<br/>
Test Status: Pass<br/>
</div>
</td>
<td></td>
<td>40</td>
<td>com.cucumber.TestRunner.UserUpdateProfileRunner@1e1a0406</td></tr>
<tr>
<td title='com.cucumber.TestRunner.UserNewMailEditRunner.feature()'><b>feature</b><br>Test class: com.cucumber.TestRunner.UserNewMailEditRunner<br>Test method: Runs Cucumber Feature<br>Parameters: Institution User - Check the flow of New Mail Edit<br/>
<a href="#Output-205180323" onClick='toggleBox("Output-205180323", this, "Show output", "Hide output");'>Show output</a>

<a href="#Output-205180323" onClick="toggleAllBoxes();">Show all outputs</a>
<div class='log' id="Output-205180323">
Completed executing following method : AbstractTestNGCucumberTests.feature<br/>
Test Method resides in com.cucumber.TestRunner.UserNewMailEditRunner<br/>
Test Method had the following parameters : nullInstitution User - Check the flow of New Mail Edit,<br/>
Test Status: Pass<br/>
</div>
</td>
<td></td>
<td>22</td>
<td>com.cucumber.TestRunner.UserNewMailEditRunner@12aba8be</td></tr>
<tr>
<td title='com.cucumber.TestRunner.UserRecentCertificateGenerationsRecallRunner.feature()'><b>feature</b><br>Test class: com.cucumber.TestRunner.UserRecentCertificateGenerationsRecallRunner<br>Test method: Runs Cucumber Feature<br>Parameters: Institution User - Check the flow of Recent Certificate Generations Recall<br/>
<a href="#Output-966765267" onClick='toggleBox("Output-966765267", this, "Show output", "Hide output");'>Show output</a>

<a href="#Output-966765267" onClick="toggleAllBoxes();">Show all outputs</a>
<div class='log' id="Output-966765267">
Completed executing following method : AbstractTestNGCucumberTests.feature<br/>
Test Method resides in com.cucumber.TestRunner.UserRecentCertificateGenerationsRecallRunner<br/>
Test Method had the following parameters : nullInstitution User - Check the flow of Recent Certificate Generations Recall,<br/>
Test Status: Pass<br/>
</div>
</td>
<td></td>
<td>18</td>
<td>com.cucumber.TestRunner.UserRecentCertificateGenerationsRecallRunner@67f639d3</td></tr>
<tr>
<td title='com.cucumber.TestRunner.UserRecentCertificateGenerationsRevokeRunner.feature()'><b>feature</b><br>Test class: com.cucumber.TestRunner.UserRecentCertificateGenerationsRevokeRunner<br>Test method: Runs Cucumber Feature<br>Parameters: Institution User - Check the flow of Recent Certificate Generations Revoke<br/>
<a href="#Output-873702310" onClick='toggleBox("Output-873702310", this, "Show output", "Hide output");'>Show output</a>

<a href="#Output-873702310" onClick="toggleAllBoxes();">Show all outputs</a>
<div class='log' id="Output-873702310">
Completed executing following method : AbstractTestNGCucumberTests.feature<br/>
Test Method resides in com.cucumber.TestRunner.UserRecentCertificateGenerationsRevokeRunner<br/>
Test Method had the following parameters : nullInstitution User - Check the flow of Recent Certificate Generations Revoke,<br/>
Test Status: Pass<br/>
</div>
</td>
<td></td>
<td>18</td>
<td>com.cucumber.TestRunner.UserRecentCertificateGenerationsRevokeRunner@49049a04</td></tr>
</table><p>
</body>
</html>