<?xml version="1.0" encoding="UTF-8"?>
<!-- Generated by org.testng.reporters.JUnitXMLReporter -->
<testsuite hostname="DESKTOP-DSBT63E" failures="0" tests="1"
	name="UserRecentCertificateGenerationsandVerificationsOriginalCertificatesChromeBrowser"
	time="22.79" errors="0" timestamp="13 Feb 2024 11:22:42 GMT">
	<testcase
		classname="com.cucumber.TestRunner.UserRecentCertificateGenerationsandVerificationsOriginalCertificatesRunner"
		name="feature" time="20.012" />
</testsuite> <!--
UserRecentCertificateGenerationsandVerificationsOriginalCertificatesChromeBrowser -->
