<?xml version="1.0" encoding="UTF-8"?>
<!-- Generated by org.testng.reporters.JUnitXMLReporter -->
<testsuite hostname="DESKTOP-DSBT63E" failures="0" tests="1"
	name="UserGenSingleBygivingfuturemonthandfutureyearChromeBrowser"
	time="41.486" errors="0" timestamp="13 Feb 2024 11:46:24 GMT">
	<testcase
		classname="com.cucumber.TestRunner.UserGenSingleBygivingFutureMonthandYearRunner"
		name="feature" time="37.583" />
</testsuite> <!--
UserGenSingleBygivingfuturemonthandfutureyearChromeBrowser -->
