<?xml version="1.0" encoding="UTF-8"?>
<!-- Generated by org.testng.reporters.JUnitXMLReporter -->
<testsuite hostname="DESKTOP-DSBT63E" failures="1" tests="1"
	name="UserGenSingleMobileNumWithAbove10digitsChromeBrowser" time="5.618"
	errors="0" timestamp="29 Jan 2024 11:15:12 GMT">
	<testcase
		classname="com.cucumber.TestRunner.UserGenSingleMobileWithAbove10digitsRunner"
		name="feature" time="0.365">
		<failure type="cucumber.runtime.CucumberException"
			message="cucumber.runtime.CucumberException: Arity mismatch: Step Definition &amp;apos;com.cucumber.stepdefination.UserGenSingleMobileNumWithAbove10digitsSteps.login_through_User_Username_and_Password(int) in file:/C:/Users/admin/Desktop/LC_Automation/LC_Automation_Sravanthi/Learning%20Chain%20Automation/target/test-classes/&amp;apos; with pattern [^login through User Username and Password$] is declared with 1 parameters. However, the gherkin step has 0 arguments []. 
Step: Given login through User Username and Password">
      <![CDATA[cucumber.runtime.CucumberException: cucumber.runtime.CucumberException: Arity mismatch: Step Definition 'com.cucumber.stepdefination.UserGenSingleMobileNumWithAbove10digitsSteps.login_through_User_Username_and_Password(int) in file:/C:/Users/admin/Desktop/LC_Automation/LC_Automation_Sravanthi/Learning%20Chain%20Automation/target/test-classes/' with pattern [^login through User Username and Password$] is declared with 1 parameters. However, the gherkin step has 0 arguments []. 
Step: Given login through User Username and Password
	at cucumber.api.testng.TestNGCucumberRunner.runCucumber(TestNGCucumberRunner.java:69)
	at cucumber.api.testng.AbstractTestNGCucumberTests.feature(AbstractTestNGCucumberTests.java:21)
Caused by: cucumber.runtime.CucumberException: Arity mismatch: Step Definition 'com.cucumber.stepdefination.UserGenSingleMobileNumWithAbove10digitsSteps.login_through_User_Username_and_Password(int) in file:/C:/Users/admin/Desktop/LC_Automation/LC_Automation_Sravanthi/Learning%20Chain%20Automation/target/test-classes/' with pattern [^login through User Username and Password$] is declared with 1 parameters. However, the gherkin step has 0 arguments []. 
Step: Given login through User Username and Password
	at cucumber.runtime.StepDefinitionMatch.arityMismatch(StepDefinitionMatch.java:102)
	at cucumber.runtime.StepDefinitionMatch.transformedArgs(StepDefinitionMatch.java:60)
	at cucumber.runtime.StepDefinitionMatch.runStep(StepDefinitionMatch.java:37)
	at cucumber.runtime.Runtime.runStep(Runtime.java:300)
	at cucumber.runtime.model.StepContainer.runStep(StepContainer.java:44)
	at cucumber.runtime.model.StepContainer.runSteps(StepContainer.java:39)
	at cucumber.runtime.model.CucumberScenario.run(CucumberScenario.java:44)
	at cucumber.runtime.model.CucumberFeature.run(CucumberFeature.java:165)
	at cucumber.api.testng.TestNGCucumberRunner.runCucumber(TestNGCucumberRunner.java:63)
	... 25 more
... Removed 24 stack frames]]>
    </failure>
	</testcase> <!--
	feature -->
</testsuite> <!--
UserGenSingleMobileNumWithAbove10digitsChromeBrowser -->
