<?xml version="1.0" encoding="UTF-8"?>
<!-- Generated by org.testng.reporters.JUnitXMLReporter -->
<testsuite hostname="DESKTOP-DSBT63E" failures="0" tests="1"
	name="UserVeryCertificateStudentNameWithSpacesandDotsChromeBrowser"
	time="83.489" errors="0" timestamp="13 Feb 2024 11:50:57 GMT">
	<testcase
		classname="com.cucumber.TestRunner.UserVerifyCertificatesStudentNameWithSpacesandDotsRunner"
		name="feature" time="80.82" />
</testsuite> <!--
UserVeryCertificateStudentNameWithSpacesandDotsChromeBrowser -->
