<?xml version="1.0" encoding="UTF-8"?>
<!-- Generated by org.testng.reporters.JUnitXMLReporter -->
<testsuite hostname="DESKTOP-DSBT63E" failures="0" tests="1"
	name="UserDashboardRecentcertificateGenerationsCertificateTypedropdownChromeBrowser"
	time="3.54" errors="0" timestamp="13 Feb 2024 11:30:58 GMT">
	<testcase
		classname="com.cucumber.TestRunner.UserDashboardRecentCertificateGenerationsCertificateTypedropdownRunner"
		name="feature" time="0.0">
		<skipped />
	</testcase> <!-- feature -->
</testsuite> <!--
UserDashboardRecentcertificateGenerationsCertificateTypedropdownChromeBrowser -->
