<?xml version="1.0" encoding="UTF-8"?>
<!-- Generated by org.testng.reporters.JUnitXMLReporter -->
<testsuite hostname="DESKTOP-DSBT63E" failures="0" tests="1"
	name="UserRecentCertificateGenerationsandVerificationsSendMailChromeBrowser"
	time="22.591" errors="0" timestamp="13 Feb 2024 11:23:28 GMT">
	<testcase
		classname="com.cucumber.TestRunner.UserRecentCertificateGenerationsandVerificationsSendMailRunner"
		name="feature" time="20.053" />
</testsuite> <!--
UserRecentCertificateGenerationsandVerificationsSendMailChromeBrowser -->
