<?xml version="1.0" encoding="UTF-8"?>
<!-- Generated by org.testng.reporters.JUnitXMLReporter -->
<testsuite hostname="DESKTOP-DSBT63E" failures="1" tests="1"
	name="UserGenSingleByUploadingJPEGfileChromeBrowser" time="20.497"
	errors="0" timestamp="13 Feb 2024 10:33:31 GMT">
	<testcase
		classname="com.cucumber.TestRunner.UserGenSingleByUploadingJPEGfileRunner"
		name="feature" time="15.395">
		<failure type="cucumber.runtime.CucumberException"
			message="java.lang.NullPointerException">
      <![CDATA[cucumber.runtime.CucumberException: java.lang.NullPointerException
	at cucumber.api.testng.TestNGCucumberRunner.runCucumber(TestNGCucumberRunner.java:69)
	at cucumber.api.testng.AbstractTestNGCucumberTests.feature(AbstractTestNGCucumberTests.java:21)
Caused by: java.lang.NullPointerException
	at com.cucumber.utility.excelGeniricUtillity.getDataFromExcel(excelGeniricUtillity.java:21)
	at com.cucumber.PageObjects.UserGenSingleByUploadingJPEGfilePageObjects.fillStudentDeatils(UserGenSingleByUploadingJPEGfilePageObjects.java:70)
	at com.cucumber.stepdefination.UserGenSingleByUploadingJPEGfileSteps.fill_the_details_of_student(UserGenSingleByUploadingJPEGfileSteps.java:39)
	at ✽.And fill the details of student(src/test/resources/features/UserGenSingleByUploadingJPEGfile.feature:10)
... Removed 24 stack frames]]>
    </failure>
	</testcase> <!--
	feature -->
</testsuite> <!--
UserGenSingleByUploadingJPEGfileChromeBrowser -->
