<?xml version="1.0" encoding="UTF-8"?>
<!-- Generated by org.testng.reporters.JUnitXMLReporter -->
<testsuite hostname="DESKTOP-DSBT63E" failures="0" tests="1"
	name="UserRecentCertificateGenerationsandVerificationsQRCodeChromeBrowser"
	time="23.234" errors="0" timestamp="13 Feb 2024 11:23:06 GMT">
	<testcase
		classname="com.cucumber.TestRunner.UserRecentCertificateGenerationsandVerificationsQRCodeRunner"
		name="feature" time="20.036" />
</testsuite> <!--
UserRecentCertificateGenerationsandVerificationsQRCodeChromeBrowser -->
