<?xml version="1.0" encoding="UTF-8"?>
<!-- Generated by org.testng.reporters.JUnitXMLReporter -->
<testsuite hostname="DESKTOP-DSBT63E" failures="0" tests="1"
	name="UserInternalPrintingwithoutuploadingtheCSVfileChromeBrowser"
	time="18.572" errors="0" timestamp="13 Feb 2024 11:48:09 GMT">
	<testcase
		classname="com.cucumber.TestRunner.UserVerifiedCertificatesWithoutEnablecheckboxesRunner"
		name="feature" time="16.069" />
</testsuite> <!--
UserInternalPrintingwithoutuploadingtheCSVfileChromeBrowser -->
