<?xml version="1.0" encoding="UTF-8"?>
<!-- Generated by org.testng.reporters.JUnitXMLReporter -->
<testsuite hostname="DESKTOP-DSBT63E" failures="0" tests="1"
	name="UserVerifyCertificateWithemptyStudentNameChromeBrowser" time="83.884"
	errors="0" timestamp="13 Feb 2024 11:49:33 GMT">
	<testcase
		classname="com.cucumber.TestRunner.UserVerifyCertificatesWithEmptyStudentNameRunner"
		name="feature" time="81.298" />
</testsuite> <!--
UserVerifyCertificateWithemptyStudentNameChromeBrowser -->
